<2022-06-09 08:37:05.084>: [Info]: BackupNameAttachment=" Build(1694880) 09 Jun 22 (10 37 05)"  -- used by backup system

<2022-06-09 08:37:05.084>: [Info]: Log Started at local time Thu Jun  9 10:37:05 2022
<2022-06-09 08:37:05.085>: [Info]: Built on Sat Jun  4 00:49:10 2022

<2022-06-09 08:37:05.085>: [Info]: Running 64 bit Windows version
<2022-06-09 08:37:05.085>: [Info]: Executable: NewWorld.exe [AZ_RETAIL_CONFIG]
<2022-06-09 08:37:05.085>: [Info]: FileVersion: 1.18.555.1694880
<2022-06-09 08:37:05.085>: [Info]: ProductVersion: 1.18.555.1694880
<2022-06-09 08:37:05.085>: [Info]: Using Microsoft (tm) C++ Standard Library implementation

<2022-06-09 08:37:05.086>: [Info] (AZCore): [System] Loading system configuration from system_windows_pc.cfg...
<2022-06-09 08:37:05.086>: [Info] (AZCore): [System] GameDir: Assets

<2022-06-09 08:37:05.952>: [Info]: 
<2022-06-09 08:37:05.953>: [Info]: Total number of logical processors: 16
<2022-06-09 08:37:05.953>: [Info]: Number of available logical processors: 16
<2022-06-09 08:37:05.953>: [Info]: Total number of system cores: 8
<2022-06-09 08:37:05.953>: [Info]: Number of cores available to process: 8
<2022-06-09 08:37:05.953>: [Info]:  
<2022-06-09 08:37:05.953>: [Info]: Processor 0:
<2022-06-09 08:37:05.953>: [Info]:   CPU: Intel        Intel(R) Xeon(R) CPU E5-2689 0 @ 2.60GHz
<2022-06-09 08:37:05.953>: [Info]:   Family: 6, Model: 13, Stepping: 7
<2022-06-09 08:37:05.953>: [Info]:   FPU: On-Chip
<2022-06-09 08:37:05.953>: [Info]:   3DNow!: not present
<2022-06-09 08:37:05.953>: [Info]:   MMX: not present
<2022-06-09 08:37:05.953>: [Info]:   SSE: present
<2022-06-09 08:37:05.953>: [Info]:   SSE2: present
<2022-06-09 08:37:05.953>: [Info]:   SSE3: present
<2022-06-09 08:37:05.953>: [Info]:   Serial number not present or disabled
<2022-06-09 08:37:05.953>: [Info]:  
<2022-06-09 08:37:05.953>: [Info]: Processor 1:
<2022-06-09 08:37:05.953>: [Info]:   CPU: Intel        Intel(R) Xeon(R) CPU E5-2689 0 @ 2.60GHz
<2022-06-09 08:37:05.953>: [Info]:   Family: 6, Model: 13, Stepping: 7
<2022-06-09 08:37:05.953>: [Info]:   FPU: On-Chip
<2022-06-09 08:37:05.953>: [Info]:   3DNow!: not present
<2022-06-09 08:37:05.953>: [Info]:   MMX: not present
<2022-06-09 08:37:05.953>: [Info]:   SSE: present
<2022-06-09 08:37:05.953>: [Info]:   SSE2: present
<2022-06-09 08:37:05.953>: [Info]:   SSE3: present
<2022-06-09 08:37:05.953>: [Info]:   Serial number not present or disabled
<2022-06-09 08:37:05.953>: [Info]:  
<2022-06-09 08:37:05.953>: [Info]: Processor 2:
<2022-06-09 08:37:05.953>: [Info]:   CPU: Intel        Intel(R) Xeon(R) CPU E5-2689 0 @ 2.60GHz
<2022-06-09 08:37:05.953>: [Info]:   Family: 6, Model: 13, Stepping: 7
<2022-06-09 08:37:05.953>: [Info]:   FPU: On-Chip
<2022-06-09 08:37:05.953>: [Info]:   3DNow!: not present
<2022-06-09 08:37:05.953>: [Info]:   MMX: not present
<2022-06-09 08:37:05.953>: [Info]:   SSE: present
<2022-06-09 08:37:05.953>: [Info]:   SSE2: present
<2022-06-09 08:37:05.953>: [Info]:   SSE3: present
<2022-06-09 08:37:05.953>: [Info]:   Serial number not present or disabled
<2022-06-09 08:37:05.953>: [Info]:  
<2022-06-09 08:37:05.953>: [Info]: Processor 3:
<2022-06-09 08:37:05.953>: [Info]:   CPU: Intel        Intel(R) Xeon(R) CPU E5-2689 0 @ 2.60GHz
<2022-06-09 08:37:05.953>: [Info]:   Family: 6, Model: 13, Stepping: 7
<2022-06-09 08:37:05.953>: [Info]:   FPU: On-Chip
<2022-06-09 08:37:05.953>: [Info]:   3DNow!: not present
<2022-06-09 08:37:05.953>: [Info]:   MMX: not present
<2022-06-09 08:37:05.953>: [Info]:   SSE: present
<2022-06-09 08:37:05.953>: [Info]:   SSE2: present
<2022-06-09 08:37:05.953>: [Info]:   SSE3: present
<2022-06-09 08:37:05.953>: [Info]:   Serial number not present or disabled
<2022-06-09 08:37:05.953>: [Info]:  
<2022-06-09 08:37:05.953>: [Info]: Processor 4:
<2022-06-09 08:37:05.953>: [Info]:   CPU: Intel        Intel(R) Xeon(R) CPU E5-2689 0 @ 2.60GHz
<2022-06-09 08:37:05.953>: [Info]:   Family: 6, Model: 13, Stepping: 7
<2022-06-09 08:37:05.953>: [Info]:   FPU: On-Chip
<2022-06-09 08:37:05.953>: [Info]:   3DNow!: not present
<2022-06-09 08:37:05.953>: [Info]:   MMX: not present
<2022-06-09 08:37:05.953>: [Info]:   SSE: present
<2022-06-09 08:37:05.953>: [Info]:   SSE2: present
<2022-06-09 08:37:05.953>: [Info]:   SSE3: present
<2022-06-09 08:37:05.953>: [Info]:   Serial number not present or disabled
<2022-06-09 08:37:05.953>: [Info]:  
<2022-06-09 08:37:05.953>: [Info]: Processor 5:
<2022-06-09 08:37:05.953>: [Info]:   CPU: Intel        Intel(R) Xeon(R) CPU E5-2689 0 @ 2.60GHz
<2022-06-09 08:37:05.953>: [Info]:   Family: 6, Model: 13, Stepping: 7
<2022-06-09 08:37:05.953>: [Info]:   FPU: On-Chip
<2022-06-09 08:37:05.953>: [Info]:   3DNow!: not present
<2022-06-09 08:37:05.953>: [Info]:   MMX: not present
<2022-06-09 08:37:05.953>: [Info]:   SSE: present
<2022-06-09 08:37:05.953>: [Info]:   SSE2: present
<2022-06-09 08:37:05.953>: [Info]:   SSE3: present
<2022-06-09 08:37:05.953>: [Info]:   Serial number not present or disabled
<2022-06-09 08:37:05.953>: [Info]:  
<2022-06-09 08:37:05.953>: [Info]: Processor 6:
<2022-06-09 08:37:05.953>: [Info]:   CPU: Intel        Intel(R) Xeon(R) CPU E5-2689 0 @ 2.60GHz
<2022-06-09 08:37:05.953>: [Info]:   Family: 6, Model: 13, Stepping: 7
<2022-06-09 08:37:05.953>: [Info]:   FPU: On-Chip
<2022-06-09 08:37:05.953>: [Info]:   3DNow!: not present
<2022-06-09 08:37:05.953>: [Info]:   MMX: not present
<2022-06-09 08:37:05.953>: [Info]:   SSE: present
<2022-06-09 08:37:05.953>: [Info]:   SSE2: present
<2022-06-09 08:37:05.953>: [Info]:   SSE3: present
<2022-06-09 08:37:05.953>: [Info]:   Serial number not present or disabled
<2022-06-09 08:37:05.953>: [Info]:  
<2022-06-09 08:37:05.953>: [Info]: Processor 7:
<2022-06-09 08:37:05.953>: [Info]:   CPU: Intel        Intel(R) Xeon(R) CPU E5-2689 0 @ 2.60GHz
<2022-06-09 08:37:05.953>: [Info]:   Family: 6, Model: 13, Stepping: 7
<2022-06-09 08:37:05.953>: [Info]:   FPU: On-Chip
<2022-06-09 08:37:05.953>: [Info]:   3DNow!: not present
<2022-06-09 08:37:05.953>: [Info]:   MMX: not present
<2022-06-09 08:37:05.953>: [Info]:   SSE: present
<2022-06-09 08:37:05.953>: [Info]:   SSE2: present
<2022-06-09 08:37:05.953>: [Info]:   SSE3: present
<2022-06-09 08:37:05.953>: [Info]:   Serial number not present or disabled
<2022-06-09 08:37:05.953>: [Info]:  
<2022-06-09 08:37:05.953>: [Info]: Windows 10 64 bit (build 10.0.19043)
<2022-06-09 08:37:05.953>: [Info]: System language: French
<2022-06-09 08:37:05.953>: [Info]: Windows Directory: "C:\WINDOWS"
<2022-06-09 08:37:05.953>: [Info]: Local time is 10:37:05 06/09/22, system running for 17 minutes
<2022-06-09 08:37:05.953>: [Info]: 16316MB physical memory installed, 12241MB available, 134217727MB virtual memory installed, 24 percent of memory in use
<2022-06-09 08:37:05.954>: [Info]: PageFile usage: 237MB, Working Set: 286MB, Peak PageFile usage: 363MB,
<2022-06-09 08:37:05.954>: [Info]: Current display mode is 78043832, (Unknown graphics card)
<2022-06-09 08:37:05.955>: [Info]: IBM enhanced (101/102-key) keyboard and 5+ button mouse installed
<2022-06-09 08:37:05.955>: [Info]: --------------------------------------------------------------------------------
<2022-06-09 08:37:05.957>: [Info] (AZCore): [System] Stream Engine Initialization
<2022-06-09 08:37:05.958>: [Info]: GameName: New World
<2022-06-09 08:37:05.958>: [Info]: BuildTime: Sat Jun  4 00:49:10 2022

<2022-06-09 08:37:05.958>: [Info] (AZCore): [System] Physics initialization
<2022-06-09 08:37:05.959>: [Info] (AZCore): [System] Renderer initialization
<2022-06-09 08:37:05.961>: [Info]: Logging video adapters:
<2022-06-09 08:37:07.013>: [Info]: - Radeon RX 580 Series (vendor = 0x1002, device = 0x67df)
<2022-06-09 08:37:07.013>: [Info]:   - Adapter index: 0
<2022-06-09 08:37:07.013>: [Info]:   - Dedicated video memory: 8170 MB
<2022-06-09 08:37:07.013>: [Info]:   - Feature level: DX11 (SM 5.0)
<2022-06-09 08:37:07.013>: [Info]:   - Displays connected: yes
<2022-06-09 08:37:07.013>: [Info]:   - Suitable rendering device: yes
<2022-06-09 08:37:07.291>: [Info]: - Microsoft Basic Render Driver (vendor = 0x1414, device = 0x008c)
<2022-06-09 08:37:07.291>: [Info]:   - Adapter index: 1
<2022-06-09 08:37:07.291>: [Info]:   - Dedicated video memory: 0 MB
<2022-06-09 08:37:07.291>: [Info]:   - Feature level: DX11 (SM 5.0)
<2022-06-09 08:37:07.291>: [Info]:   - Displays connected: no
<2022-06-09 08:37:07.291>: [Info]:   - Suitable rendering device: no
<2022-06-09 08:37:09.036>: [Info]: Active GPUs: 1
<2022-06-09 08:37:10.291>: [Info] (AZCore): [Audio] AudioSystem initialized in High Ram mode. Available RAM [16315]MB, LowRam cutoff is [9216]MB
<2022-06-09 08:37:11.925>: [Info] (AZCore): [System] Font initialization
<2022-06-09 08:37:11.925>: [Info]: Using FreeType 2.5.0
<2022-06-09 08:37:29.127>: [Info] (AZCore): [System] Time initialization
<2022-06-09 08:37:29.127>: [Info] (AZCore): [System] Input initialization
<2022-06-09 08:37:29.127>: [Info] (AZCore): [System] UI system initialization
<2022-06-09 08:37:29.128>: [Info] (AZCore): [System] Initializing Animation System
<2022-06-09 08:37:29.128>: [Info] (AZCore): [System] Initializing 3D Engine
<2022-06-09 08:37:29.129>: [Info]: Sky light: Optical lookup tables loaded off disc.
<2022-06-09 08:37:29.130>: [Info] (AZCore): [System] Script System Initialization
<2022-06-09 08:37:29.130>: [Info] (AZCore): [System] Entity system initialization
<2022-06-09 08:37:29.132>: [Info] (AZCore): [System] Initializing additional systems
<2022-06-09 08:37:29.132>: [Info] (AZCore): [System] Dynamic Response System initialization
<2022-06-09 08:37:29.132>: [Info] (AZCore): [System] No Dynamic Response System was loaded from a module, the system will use the NULL DynamicResponseSystem.
<2022-06-09 08:37:29.133>: [Info]: Running machine spec auto detect (64 bit)...
<2022-06-09 08:37:29.133>: [Info]: - Windows 10 64 bit (build 10.0.19043)
<2022-06-09 08:37:29.133>: [Info]: - System memory
<2022-06-09 08:37:29.133>: [Info]: --- 16315 MB
<2022-06-09 08:37:29.133>: [Info]: - Intel(R) Xeon(R) CPU E5-2689 0 @ 2.60GHz
<2022-06-09 08:37:29.133>: [Info]: --- Number of available cores: 8 (out of 8)
<2022-06-09 08:37:29.133>: [Info]: --- Number of logical processors: 16
<2022-06-09 08:37:29.427>: [Info]: - Radeon RX 580 Series (vendor = 0x1002, device = 0x67df)
<2022-06-09 08:37:29.427>: [Info]: --- Dedicated video memory: 8170 MB
<2022-06-09 08:37:29.427>: [Info]: --- Feature level: DX11 (SM 5.0)
<2022-06-09 08:37:29.428>: [Info]: - Final rating: Machine class 2
<2022-06-09 08:37:30.504>: [Info] (AZCore): [System] == Version Info ===============================================================

<2022-06-09 08:37:30.504>: [Info] (AZCore): [System] [RETAIL].Javelin.1.18.555.1694880

<2022-06-09 08:37:30.504>: [Info] (AZCore): [System] ===============================================================================

<2022-06-09 08:37:30.514>: [Info]: Client config override file not found: @assets@/ClientOverride.json
<2022-06-09 08:37:32.364>: [Info] (AZCore): [Game] Steam Initialized!
<2022-06-09 08:37:32.364>: [Info] (AZCore): [Game] Using remote config: true
<2022-06-09 08:37:32.364>: [Info] (AZCore): [Game] Steam Utils obtained? true
<2022-06-09 08:37:32.364>: [Info] (AZCore): [Game] Using Steam App ID: 1063730
<2022-06-09 08:37:32.364>: [Info] (AZCore): [StackConfig] Configuring remote config with bucket ags-javelin-remote-config
<2022-06-09 08:37:32.365>: [Info]: Channel service uri: https://d2c74t4zimux3r.cloudfront.net/STEAM_APP_ID.1063730.json
<2022-06-09 08:37:32.934>: [Info]: Channel name: Retail
<2022-06-09 08:37:32.934>: [Info]: Found cluster data for cluster id: fra-prod
<2022-06-09 08:37:32.934>: [Info]: Display Name: EU Central
<2022-06-09 08:37:32.934>: [Info]: Auth Stack: https://2mfrik7h83.execute-api.us-east-1.amazonaws.com/Prod
<2022-06-09 08:37:32.934>: [Info]: Auth Stack Region: us-east-1
<2022-06-09 08:37:32.934>: [Info]: Gateway Host: u433g9r00c.execute-api.eu-central-1.amazonaws.com
<2022-06-09 08:37:32.934>: [Info]: Gateway Stack: d1w0bfy6smo4d1.cloudfront.net
<2022-06-09 08:37:32.934>: [Info]: Gateway Stack Region: eu-central-1
<2022-06-09 08:37:32.934>: [Info]: Http Gateway Stack: https://d1w0bfy6smo4d1.cloudfront.net/prod
<2022-06-09 08:37:32.934>: [Info]: Http Gateway Stack Region: eu-central-1
<2022-06-09 08:37:32.934>: [Info]: Found cluster data for cluster id: gru-prod
<2022-06-09 08:37:32.934>: [Info]: Display Name: SA East
<2022-06-09 08:37:32.934>: [Info]: Auth Stack: https://kqqt5twsi7.execute-api.us-east-1.amazonaws.com/Prod
<2022-06-09 08:37:32.934>: [Info]: Auth Stack Region: us-east-1
<2022-06-09 08:37:32.934>: [Info]: Gateway Host: j4n6whncmi.execute-api.sa-east-1.amazonaws.com
<2022-06-09 08:37:32.934>: [Info]: Gateway Stack: d1cjlmzk0xrm0z.cloudfront.net
<2022-06-09 08:37:32.934>: [Info]: Gateway Stack Region: sa-east-1
<2022-06-09 08:37:32.934>: [Info]: Http Gateway Stack: https://d1cjlmzk0xrm0z.cloudfront.net/prod
<2022-06-09 08:37:32.934>: [Info]: Http Gateway Stack Region: sa-east-1
<2022-06-09 08:37:32.934>: [Info]: Found cluster data for cluster id: iad-prod
<2022-06-09 08:37:32.934>: [Info]: Display Name: US East
<2022-06-09 08:37:32.934>: [Info]: Auth Stack: https://eudbjx6mig.execute-api.us-east-1.amazonaws.com/Prod
<2022-06-09 08:37:32.934>: [Info]: Auth Stack Region: us-east-1
<2022-06-09 08:37:32.934>: [Info]: Gateway Host: 0prplal5u1.execute-api.us-east-1.amazonaws.com
<2022-06-09 08:37:32.934>: [Info]: Gateway Stack: d2oeuvxi3kfsrw.cloudfront.net
<2022-06-09 08:37:32.934>: [Info]: Gateway Stack Region: us-east-1
<2022-06-09 08:37:32.934>: [Info]: Http Gateway Stack: https://d2oeuvxi3kfsrw.cloudfront.net/prod
<2022-06-09 08:37:32.934>: [Info]: Http Gateway Stack Region: us-east-1
<2022-06-09 08:37:32.934>: [Info]: Found cluster data for cluster id: pdx-prod
<2022-06-09 08:37:32.934>: [Info]: Display Name: US West
<2022-06-09 08:37:32.934>: [Info]: Auth Stack: https://q8hqllbg6k.execute-api.us-east-1.amazonaws.com/Prod
<2022-06-09 08:37:32.934>: [Info]: Auth Stack Region: us-east-1
<2022-06-09 08:37:32.934>: [Info]: Gateway Host: v7irlu1nrl.execute-api.us-west-2.amazonaws.com
<2022-06-09 08:37:32.934>: [Info]: Gateway Stack: d3bj4csovi1fe8.cloudfront.net
<2022-06-09 08:37:32.934>: [Info]: Gateway Stack Region: us-west-2
<2022-06-09 08:37:32.934>: [Info]: Http Gateway Stack: https://d3bj4csovi1fe8.cloudfront.net/prod
<2022-06-09 08:37:32.934>: [Info]: Http Gateway Stack Region: us-west-2
<2022-06-09 08:37:32.934>: [Info]: Found platform metadata for key: ENTITLEMENTS.STEAM_APP_ID.1063730
<2022-06-09 08:37:32.934>: [Info]: Found platform metadata for key: PERSONA.STEAM_APP_ID.1063730
<2022-06-09 08:37:32.934>: [Info]: Found persona role for cluster id: fra-prod - arn:aws:iam::093607389475:role/AgsLiveResources-AllowPersonaAccessRole-1U24RJQDKWS63
<2022-06-09 08:37:32.934>: [Info]: Found persona role for cluster id: fra-qa - arn:aws:iam::544220128841:role/AgsLiveResources-AllowPersonaAccessRole-PSN32B5D8G0L
<2022-06-09 08:37:32.934>: [Info]: Found persona role for cluster id: fra-staging - arn:aws:iam::411585047658:role/AgsLiveResources-AllowPersonaAccessRole-709I6ZY9EAFH
<2022-06-09 08:37:32.934>: [Info]: Found persona role for cluster id: gru-prod - arn:aws:iam::845253724667:role/AgsLiveResources-AllowPersonaAccessRole-SLHVYULH7U5
<2022-06-09 08:37:32.934>: [Info]: Found persona role for cluster id: iad-prod - arn:aws:iam::819349112573:role/AgsLiveResources-AllowPersonaAccessRole-1PHH0BI346X75
<2022-06-09 08:37:32.934>: [Info]: Found persona role for cluster id: iad-staging - arn:aws:iam::910532829260:role/AgsLiveResources-AllowPersonaAccessRole-OXG60NCUXR74
<2022-06-09 08:37:32.934>: [Info]: Found persona role for cluster id: pdx-devo - arn:aws:iam::166847089677:role/AgsLiveResources-AllowPersonaAccessRole-15NKM8MRPA2BX
<2022-06-09 08:37:32.934>: [Info]: Found persona role for cluster id: pdx-prod - arn:aws:iam::458929010575:role/AgsLiveResources-AllowPersonaAccessRole-QYL4I8P12BEA
<2022-06-09 08:37:32.934>: [Info]: Found persona role for cluster id: pdx-qa - arn:aws:iam::379061375310:role/AgsLiveResources-AllowPersonaAccessRole-116SW3GWSL7P1
<2022-06-09 08:37:32.934>: [Info]: Found persona role for cluster id: syd-prod - arn:aws:iam::018141801470:role/AgsLiveResources-AllowPersonaAccessRole-1CPZ9EG8SYMOQ
<2022-06-09 08:37:32.934>: [Info]: Found cluster data for cluster id: syd-prod
<2022-06-09 08:37:32.934>: [Info]: Display Name: AP Southeast
<2022-06-09 08:37:32.934>: [Info]: Auth Stack: https://hhf8nn71vb.execute-api.us-east-1.amazonaws.com/Prod
<2022-06-09 08:37:32.934>: [Info]: Auth Stack Region: us-east-1
<2022-06-09 08:37:32.934>: [Info]: Gateway Host: ep1m9qoir8.execute-api.ap-southeast-2.amazonaws.com
<2022-06-09 08:37:32.934>: [Info]: Gateway Stack: de4mfzk9wkelz.cloudfront.net
<2022-06-09 08:37:32.934>: [Info]: Gateway Stack Region: ap-southeast-2
<2022-06-09 08:37:32.934>: [Info]: Http Gateway Stack: https://de4mfzk9wkelz.cloudfront.net/prod
<2022-06-09 08:37:32.934>: [Info]: Http Gateway Stack Region: ap-southeast-2
<2022-06-09 08:37:37.238>: [Info]: Failure in initializing Fuel::Iap::IapClient: 14
<2022-06-09 08:37:37.239>: [Info] (AZCore): [Game] LogEnvironmentString: ProductId: STEAM_APP_ID.1063730
<2022-06-09 08:37:37.240>: [Info] (AZCore): [Game] LogEnvironmentString: ClusterId: fra-prod
<2022-06-09 08:37:37.241>: [Info] (AZCore): [StackConfig] LayerS3(): layer's "remoteCfg.public.RegionId" S3 key (old: ""), reset to new value: "applications/public/configuration-sets/RegionId/fra-prod/versionless"
<2022-06-09 08:37:37.241>: [Info] (AZCore): [StackConfig] LayerS3(): layer's "remoteCfg.public.RegionIdv" S3 key (old: ""), reset to new value: "applications/public/configuration-sets/RegionId/fra-prod/555;1694880"
<2022-06-09 08:37:37.241>: [Info] (AZCore): [StackConfig] LayerS3(): layer's "remoteCfg.public.CognitoId" S3 key (old: ""), reset to new value: "applications/public/configuration-sets/CognitoId/us-east-1:0de93f7c-814e-4d48-a8fd-b6efc2f9ed93/versionless"
<2022-06-09 08:37:37.241>: [Info] (AZCore): [StackConfig] LayerS3(): layer's "remoteCfg.public.CognitoIdv" S3 key (old: ""), reset to new value: "applications/public/configuration-sets/CognitoId/us-east-1:0de93f7c-814e-4d48-a8fd-b6efc2f9ed93/555;1694880"
<2022-06-09 08:37:37.241>: [Info] (AZCore): [StackConfig] LayerS3(): layer's "remoteCfg.publicGameplay.RegionId" S3 key (old: ""), reset to new value: "applications/publicGameplay/configuration-sets/RegionId/fra-prod/versionless"
<2022-06-09 08:37:37.241>: [Info] (AZCore): [StackConfig] LayerS3(): layer's "remoteCfg.publicGameplay.RegionIdv" S3 key (old: ""), reset to new value: "applications/publicGameplay/configuration-sets/RegionId/fra-prod/555;1694880"
<2022-06-09 08:37:37.241>: [Info] (AZCore): [StackConfig] LayerS3(): layer's "remoteCfg.publicGameplay.CognitoId" S3 key (old: ""), reset to new value: "applications/publicGameplay/configuration-sets/CognitoId/us-east-1:0de93f7c-814e-4d48-a8fd-b6efc2f9ed93/versionless"
<2022-06-09 08:37:37.241>: [Info] (AZCore): [StackConfig] LayerS3(): layer's "remoteCfg.publicGameplay.CognitoIdv" S3 key (old: ""), reset to new value: "applications/publicGameplay/configuration-sets/CognitoId/us-east-1:0de93f7c-814e-4d48-a8fd-b6efc2f9ed93/555;1694880"
<2022-06-09 08:37:37.241>: [Info] (AZCore): [AuthManager] Initializing Steam Auth Manager.
<2022-06-09 08:37:37.242>: [Info] (AZCore): [SteamAuth] Initializing Persona.
<2022-06-09 08:37:37.272>: [Info]: [EasyAntiCheat] Initializing EAC game client module...
<2022-06-09 08:37:37.292>: [Info]: [EasyAntiCheat] ...EAC game client module initialized successfully.
<2022-06-09 08:37:38.181>: [Info]: Initializing default materials...
<2022-06-09 08:37:38.182>: [Info]: Initializing default footstep material...
<2022-06-09 08:37:38.609>: [Info] (AZCore): [streamingGDEManager] Initialize()
<2022-06-09 08:37:38.609>: [Info] (AZCore): [AsyncMapUnload] No previous level to unload, so not starting async.  Just loading this map now: ("frontendv2")
<2022-06-09 08:37:38.609>: [Info]: ============================ Loading level frontendv2 ============================
<2022-06-09 08:37:46.213>: [Info]: CGame::InitCoatlicueTerrain
<2022-06-09 08:37:46.230>: [Info] (AZCore): [Game] 0x441F4C03(user) attempting sign-in.
<2022-06-09 08:37:46.230>: [Info] (AZCore): [Game] LogEnvironmentString: Auth Mode: user
<2022-06-09 08:37:46.230>: [Info] (AZCore): [SteamAuth] Attempting to log in to Steam
<2022-06-09 08:37:46.230>: [Info] (AZCore): [SteamAuth] Getting steam auth session ticket.
<2022-06-09 08:37:46.578>: [Info] (AZCore): [SteamAuth] OnAuthSessionTicket: Authenticating using steam auth session ticket: 2
<2022-06-09 08:37:46.582>: [Info] (AZCore): [SteamAuth] CreateSteamSessionJob: Calling Persona to create steam session
<2022-06-09 08:37:47.539>: [Info] (AZCore): [SteamAuth] OnCreatedSessionSteam: Creating session for persona id: amzn1.developerPersonaId.02e9f3b7-55e1-865a-9031-570ce6f27a49.
<2022-06-09 08:37:47.539>: [Info] (AZCore): [SteamAuth] Calling Http API: https://d1w0bfy6smo4d1.cloudfront.net/prod/credentials
<2022-06-09 08:37:48.002>: [Info] (AZCore): [AuthStackCredentialsProvider] Successfully refreshed gateway AWS credentials, next attempt will start after 2022-06-09T09:32:47Z
<2022-06-09 08:37:48.002>: [Info] (AZCore): [AuthStackCredentialsProvider] Successfully refreshed persona AWS credentials, next attempt will start after 2022-06-09T09:32:47Z
<2022-06-09 08:37:48.018>: [Info] (AZCore): [Game] CGame::OnCampfireLoginComplete, login successful. ownership=permanent
<2022-06-09 08:37:48.019>: [Info] (AZCore): [Game] LogEnvironmentString: Gateway Signing Host: u433g9r00c.execute-api.eu-central-1.amazonaws.com
<2022-06-09 08:37:48.019>: [Info] (AZCore): [Game] LogEnvironmentString: Gateway Address: d1w0bfy6smo4d1.cloudfront.net
<2022-06-09 08:37:48.019>: [Info] (AZCore): [Game] LogEnvironmentString: HTTP Gateway Address: https://d1w0bfy6smo4d1.cloudfront.net/prod
<2022-06-09 08:37:48.019>: [Info] (AZCore): [Game] LogEnvironmentString: Gateway Mode: gateway
<2022-06-09 08:37:48.019>: [Info] (AZCore): [GameConnection] ConfigureLogin MODE_GATEWAY: endpoint=d1w0bfy6smo4d1.cloudfront.net, httpEntpoint=https://d1w0bfy6smo4d1.cloudfront.net/prod, region=eu-central-1
<2022-06-09 08:37:48.025>: [Info] (AZCore): [StackConfig] LayerS3(): layer's "remoteCfg.public.ProductId" S3 key (old: ""), reset to new value: "applications/public/configuration-sets/ProductId/STEAM_APP_ID.1063730/versionless"
<2022-06-09 08:37:48.025>: [Info] (AZCore): [StackConfig] Querying "remoteCfg.public.ProductId" remote config. S3 key: "applications/public/configuration-sets/ProductId/STEAM_APP_ID.1063730/versionless"
<2022-06-09 08:37:48.500>: [Info] (AZCore): [StackConfig] Retrieved layer's "remoteCfg.public.ProductId" remote config, with S3 key: "applications/public/configuration-sets/ProductId/STEAM_APP_ID.1063730/versionless" successfully, size: 339

<2022-06-09 08:37:48.503>: [Info] (AZCore): [StackConfig] LayerS3(): layer's "remoteCfg.public.ProductIdv" S3 key (old: ""), reset to new value: "applications/public/configuration-sets/ProductId/STEAM_APP_ID.1063730/555;1694880"
<2022-06-09 08:37:48.503>: [Info] (AZCore): [StackConfig] Querying "remoteCfg.public.ProductIdv" remote config. S3 key: "applications/public/configuration-sets/ProductId/STEAM_APP_ID.1063730/555;1694880"
<2022-06-09 08:37:48.623>: [Info] (AZCore): [StackConfig] LayerS3(): layer's "remoteCfg.public.RegionId" S3 key (old: "applications/public/configuration-sets/RegionId/fra-prod/versionless"), reset to new value: "applications/public/configuration-sets/RegionId/fra-prod/versionless"
<2022-06-09 08:37:48.623>: [Info] (AZCore): [StackConfig] Querying "remoteCfg.public.RegionId" remote config. S3 key: "applications/public/configuration-sets/RegionId/fra-prod/versionless"
<2022-06-09 08:37:48.737>: [Info] (AZCore): [StackConfig] Retrieved layer's "remoteCfg.public.RegionId" remote config, with S3 key: "applications/public/configuration-sets/RegionId/fra-prod/versionless" successfully, size: 246

<2022-06-09 08:37:48.739>: [Info] (AZCore): [StackConfig] LayerS3(): layer's "remoteCfg.public.RegionIdv" S3 key (old: "applications/public/configuration-sets/RegionId/fra-prod/555;1694880"), reset to new value: "applications/public/configuration-sets/RegionId/fra-prod/555;1694880"
<2022-06-09 08:37:48.739>: [Info] (AZCore): [StackConfig] Querying "remoteCfg.public.RegionIdv" remote config. S3 key: "applications/public/configuration-sets/RegionId/fra-prod/555;1694880"
<2022-06-09 08:37:48.859>: [Info] (AZCore): [StackConfig] LayerS3(): layer's "remoteCfg.publicGameplay.ProductId" S3 key (old: ""), reset to new value: "applications/publicGameplay/configuration-sets/ProductId/STEAM_APP_ID.1063730/versionless"
<2022-06-09 08:37:48.859>: [Info] (AZCore): [StackConfig] Querying "remoteCfg.publicGameplay.ProductId" remote config. S3 key: "applications/publicGameplay/configuration-sets/ProductId/STEAM_APP_ID.1063730/versionless"
<2022-06-09 08:37:48.975>: [Info] (AZCore): [StackConfig] Retrieved layer's "remoteCfg.publicGameplay.ProductId" remote config, with S3 key: "applications/publicGameplay/configuration-sets/ProductId/STEAM_APP_ID.1063730/versionless" successfully, size: 736

<2022-06-09 08:37:48.978>: [Info] (AZCore): [StackConfig] LayerS3(): layer's "remoteCfg.publicGameplay.ProductIdv" S3 key (old: ""), reset to new value: "applications/publicGameplay/configuration-sets/ProductId/STEAM_APP_ID.1063730/555;1694880"
<2022-06-09 08:37:48.978>: [Info] (AZCore): [StackConfig] Querying "remoteCfg.publicGameplay.ProductIdv" remote config. S3 key: "applications/publicGameplay/configuration-sets/ProductId/STEAM_APP_ID.1063730/555;1694880"
<2022-06-09 08:37:49.097>: [Info] (AZCore): [StackConfig] LayerS3(): layer's "remoteCfg.publicGameplay.RegionId" S3 key (old: "applications/publicGameplay/configuration-sets/RegionId/fra-prod/versionless"), reset to new value: "applications/publicGameplay/configuration-sets/RegionId/fra-prod/versionless"
<2022-06-09 08:37:49.097>: [Info] (AZCore): [StackConfig] Querying "remoteCfg.publicGameplay.RegionId" remote config. S3 key: "applications/publicGameplay/configuration-sets/RegionId/fra-prod/versionless"
<2022-06-09 08:37:49.210>: [Info] (AZCore): [StackConfig] Retrieved layer's "remoteCfg.publicGameplay.RegionId" remote config, with S3 key: "applications/publicGameplay/configuration-sets/RegionId/fra-prod/versionless" successfully, size: 137

<2022-06-09 08:37:49.214>: [Info] (AZCore): [StackConfig] LayerS3(): layer's "remoteCfg.publicGameplay.RegionIdv" S3 key (old: "applications/publicGameplay/configuration-sets/RegionId/fra-prod/555;1694880"), reset to new value: "applications/publicGameplay/configuration-sets/RegionId/fra-prod/555;1694880"
<2022-06-09 08:37:49.214>: [Info] (AZCore): [StackConfig] Querying "remoteCfg.publicGameplay.RegionIdv" remote config. S3 key: "applications/publicGameplay/configuration-sets/RegionId/fra-prod/555;1694880"
<2022-06-09 08:37:49.845>: [Info] (AZCore): [Game] LogEnvironmentString: Persona ID: amzn1.developerPersonaId.02e9f3b7-55e1-865a-9031-570ce6f27a49
<2022-06-09 08:37:50.146>: [Info]: 
<2022-06-09 08:37:50.146>: [Info]: Total number of logical processors: 16
<2022-06-09 08:37:50.146>: [Info]: Number of available logical processors: 16
<2022-06-09 08:37:50.146>: [Info]: Total number of system cores: 8
<2022-06-09 08:37:50.146>: [Info]: Number of cores available to process: 8
<2022-06-09 08:37:50.146>: [Info]:  
<2022-06-09 08:37:50.146>: [Info]: Processor 0:
<2022-06-09 08:37:50.146>: [Info]:   CPU: Intel        Intel(R) Xeon(R) CPU E5-2689 0 @ 2.60GHz
<2022-06-09 08:37:50.146>: [Info]:   Family: 6, Model: 13, Stepping: 7
<2022-06-09 08:37:50.146>: [Info]:   FPU: On-Chip
<2022-06-09 08:37:50.147>: [Info]:   3DNow!: not present
<2022-06-09 08:37:50.147>: [Info]:   MMX: not present
<2022-06-09 08:37:50.147>: [Info]:   SSE: present
<2022-06-09 08:37:50.147>: [Info]:   SSE2: present
<2022-06-09 08:37:50.147>: [Info]:   SSE3: present
<2022-06-09 08:37:50.147>: [Info]:   Serial number not present or disabled
<2022-06-09 08:37:50.147>: [Info]:  
<2022-06-09 08:37:50.147>: [Info]: Processor 1:
<2022-06-09 08:37:50.147>: [Info]:   CPU: Intel        Intel(R) Xeon(R) CPU E5-2689 0 @ 2.60GHz
<2022-06-09 08:37:50.147>: [Info]:   Family: 6, Model: 13, Stepping: 7
<2022-06-09 08:37:50.147>: [Info]:   FPU: On-Chip
<2022-06-09 08:37:50.147>: [Info]:   3DNow!: not present
<2022-06-09 08:37:50.147>: [Info]:   MMX: not present
<2022-06-09 08:37:50.147>: [Info]:   SSE: present
<2022-06-09 08:37:50.147>: [Info]:   SSE2: present
<2022-06-09 08:37:50.147>: [Info]:   SSE3: present
<2022-06-09 08:37:50.147>: [Info]:   Serial number not present or disabled
<2022-06-09 08:37:50.147>: [Info]:  
<2022-06-09 08:37:50.147>: [Info]: Processor 2:
<2022-06-09 08:37:50.147>: [Info]:   CPU: Intel        Intel(R) Xeon(R) CPU E5-2689 0 @ 2.60GHz
<2022-06-09 08:37:50.147>: [Info]:   Family: 6, Model: 13, Stepping: 7
<2022-06-09 08:37:50.147>: [Info]:   FPU: On-Chip
<2022-06-09 08:37:50.147>: [Info]:   3DNow!: not present
<2022-06-09 08:37:50.147>: [Info]:   MMX: not present
<2022-06-09 08:37:50.147>: [Info]:   SSE: present
<2022-06-09 08:37:50.147>: [Info]:   SSE2: present
<2022-06-09 08:37:50.147>: [Info]:   SSE3: present
<2022-06-09 08:37:50.147>: [Info]:   Serial number not present or disabled
<2022-06-09 08:37:50.147>: [Info]:  
<2022-06-09 08:37:50.147>: [Info]: Processor 3:
<2022-06-09 08:37:50.147>: [Info]:   CPU: Intel        Intel(R) Xeon(R) CPU E5-2689 0 @ 2.60GHz
<2022-06-09 08:37:50.147>: [Info]:   Family: 6, Model: 13, Stepping: 7
<2022-06-09 08:37:50.147>: [Info]:   FPU: On-Chip
<2022-06-09 08:37:50.147>: [Info]:   3DNow!: not present
<2022-06-09 08:37:50.147>: [Info]:   MMX: not present
<2022-06-09 08:37:50.147>: [Info]:   SSE: present
<2022-06-09 08:37:50.147>: [Info]:   SSE2: present
<2022-06-09 08:37:50.147>: [Info]:   SSE3: present
<2022-06-09 08:37:50.147>: [Info]:   Serial number not present or disabled
<2022-06-09 08:37:50.147>: [Info]:  
<2022-06-09 08:37:50.147>: [Info]: Processor 4:
<2022-06-09 08:37:50.147>: [Info]:   CPU: Intel        Intel(R) Xeon(R) CPU E5-2689 0 @ 2.60GHz
<2022-06-09 08:37:50.147>: [Info]:   Family: 6, Model: 13, Stepping: 7
<2022-06-09 08:37:50.147>: [Info]:   FPU: On-Chip
<2022-06-09 08:37:50.147>: [Info]:   3DNow!: not present
<2022-06-09 08:37:50.147>: [Info]:   MMX: not present
<2022-06-09 08:37:50.147>: [Info]:   SSE: present
<2022-06-09 08:37:50.147>: [Info]:   SSE2: present
<2022-06-09 08:37:50.147>: [Info]:   SSE3: present
<2022-06-09 08:37:50.147>: [Info]:   Serial number not present or disabled
<2022-06-09 08:37:50.147>: [Info]:  
<2022-06-09 08:37:50.147>: [Info]: Processor 5:
<2022-06-09 08:37:50.147>: [Info]:   CPU: Intel        Intel(R) Xeon(R) CPU E5-2689 0 @ 2.60GHz
<2022-06-09 08:37:50.147>: [Info]:   Family: 6, Model: 13, Stepping: 7
<2022-06-09 08:37:50.147>: [Info]:   FPU: On-Chip
<2022-06-09 08:37:50.147>: [Info]:   3DNow!: not present
<2022-06-09 08:37:50.147>: [Info]:   MMX: not present
<2022-06-09 08:37:50.147>: [Info]:   SSE: present
<2022-06-09 08:37:50.147>: [Info]:   SSE2: present
<2022-06-09 08:37:50.147>: [Info]:   SSE3: present
<2022-06-09 08:37:50.147>: [Info]:   Serial number not present or disabled
<2022-06-09 08:37:50.147>: [Info]:  
<2022-06-09 08:37:50.147>: [Info]: Processor 6:
<2022-06-09 08:37:50.147>: [Info]:   CPU: Intel        Intel(R) Xeon(R) CPU E5-2689 0 @ 2.60GHz
<2022-06-09 08:37:50.147>: [Info]:   Family: 6, Model: 13, Stepping: 7
<2022-06-09 08:37:50.147>: [Info]:   FPU: On-Chip
<2022-06-09 08:37:50.147>: [Info]:   3DNow!: not present
<2022-06-09 08:37:50.147>: [Info]:   MMX: not present
<2022-06-09 08:37:50.147>: [Info]:   SSE: present
<2022-06-09 08:37:50.147>: [Info]:   SSE2: present
<2022-06-09 08:37:50.147>: [Info]:   SSE3: present
<2022-06-09 08:37:50.147>: [Info]:   Serial number not present or disabled
<2022-06-09 08:37:50.147>: [Info]:  
<2022-06-09 08:37:50.147>: [Info]: Processor 7:
<2022-06-09 08:37:50.147>: [Info]:   CPU: Intel        Intel(R) Xeon(R) CPU E5-2689 0 @ 2.60GHz
<2022-06-09 08:37:50.147>: [Info]:   Family: 6, Model: 13, Stepping: 7
<2022-06-09 08:37:50.147>: [Info]:   FPU: On-Chip
<2022-06-09 08:37:50.147>: [Info]:   3DNow!: not present
<2022-06-09 08:37:50.147>: [Info]:   MMX: not present
<2022-06-09 08:37:50.147>: [Info]:   SSE: present
<2022-06-09 08:37:50.147>: [Info]:   SSE2: present
<2022-06-09 08:37:50.147>: [Info]:   SSE3: present
<2022-06-09 08:37:50.147>: [Info]:   Serial number not present or disabled
<2022-06-09 08:37:50.147>: [Info]:  
<2022-06-09 08:37:50.147>: [Info]: Change detected in analytics configuration. Re-instantiating network traffic reporter
<2022-06-09 08:38:01.418>: [Info] (AZCore): [Game] CGame::ActorContainerConnect
<2022-06-09 08:38:01.418>: [Info] (AZCore): [GameConnection] GameConnectionWrapper::Disconnect
<2022-06-09 08:38:01.418>: [Info] (AZCore): [GameConnection] GameConnectionWrapper::Connect: playerName = xuppra
<2022-06-09 08:38:01.418>: [Info] (AZCore): [GameConnection] Update state Disconnected to new state QueueGameLogin
<2022-06-09 08:38:01.434>: [Info] (AZCore): [GameConnection] Update state QueueGameLogin to new state WaitingForQueuedLogin
<2022-06-09 08:38:01.434>: [Info] (AZCore): [GameConnection] Queuing login for world () and character (9b7f7427-abde-4ac3-83cd-f10d78f51d29)
<2022-06-09 08:38:03.068>: [Info] (AZCore): [GameConnection] Received a login ticket: 86ae8332-ed32-420e-985c-61011022847a_de9db918-2da7-418c-b9f9-4249dc5e58c4, location: , New Ticket
<2022-06-09 08:38:06.058>: [Info] (AZCore): [GameConnection] Received a login ticket: 86ae8332-ed32-420e-985c-61011022847a_de9db918-2da7-418c-b9f9-4249dc5e58c4, location: , Refreshed Ticket
<2022-06-09 08:38:06.058>: [Info] (AZCore): [Game] LogEnvironmentString: World ID: 86ae8332-ed32-420e-985c-61011022847a
<2022-06-09 08:38:06.058>: [Info] (AZCore): [Game] LogEnvironmentString: World Name: live-1-12-2
<2022-06-09 08:38:06.058>: [Info] (AZCore): [Game] LogEnvironmentString: Character ID: 9b7f7427-abde-4ac3-83cd-f10d78f51d29
<2022-06-09 08:38:06.058>: [Info] (AZCore): [Game] LogEnvironmentString: REP Address: 52.223.18.203:22262
<2022-06-09 08:38:06.071>: [Info] (AZCore): [GameConnection] Update state WaitingForQueuedLogin to new state QueryForRemoteConfigClass
<2022-06-09 08:38:06.074>: [Info] (AZCore): [StackConfig] LayerS3(): layer's "remoteCfg.public.CognitoId" S3 key (old: "applications/public/configuration-sets/CognitoId/us-east-1:0de93f7c-814e-4d48-a8fd-b6efc2f9ed93/versionless"), reset to new value: "applications/public/configuration-sets/CognitoId/us-east-1:0de93f7c-814e-4d48-a8fd-b6efc2f9ed93/versionless"
<2022-06-09 08:38:06.075>: [Info] (AZCore): [GameConnection] Update state QueryForRemoteConfigClass to new state WaitingForRemoteConfigClass
<2022-06-09 08:38:06.076>: [Info] (AZCore): [StackConfig] Querying "remoteCfg.public.CognitoId" remote config. S3 key: "applications/public/configuration-sets/CognitoId/us-east-1:0de93f7c-814e-4d48-a8fd-b6efc2f9ed93/versionless"
<2022-06-09 08:38:06.555>: [Info] (AZCore): [StackConfig] Retrieved layer's "remoteCfg.public.CognitoId" remote config, with S3 key: "applications/public/configuration-sets/CognitoId/us-east-1:0de93f7c-814e-4d48-a8fd-b6efc2f9ed93/versionless" successfully, size: 462

<2022-06-09 08:38:06.556>: [Info] (AZCore): [GameConnection] Update state WaitingForRemoteConfigClass to new state QueryForRemoteConfigClass
<2022-06-09 08:38:06.572>: [Info] (AZCore): [StackConfig] LayerS3(): layer's "remoteCfg.public.CognitoIdv" S3 key (old: "applications/public/configuration-sets/CognitoId/us-east-1:0de93f7c-814e-4d48-a8fd-b6efc2f9ed93/555;1694880"), reset to new value: "applications/public/configuration-sets/CognitoId/us-east-1:0de93f7c-814e-4d48-a8fd-b6efc2f9ed93/555;1694880"
<2022-06-09 08:38:06.572>: [Info] (AZCore): [GameConnection] Update state QueryForRemoteConfigClass to new state WaitingForRemoteConfigClass
<2022-06-09 08:38:06.573>: [Info] (AZCore): [StackConfig] Querying "remoteCfg.public.CognitoIdv" remote config. S3 key: "applications/public/configuration-sets/CognitoId/us-east-1:0de93f7c-814e-4d48-a8fd-b6efc2f9ed93/555;1694880"
<2022-06-09 08:38:06.684>: [Info] (AZCore): [GameConnection] Update state WaitingForRemoteConfigClass to new state QueryForRemoteConfigClass
<2022-06-09 08:38:06.700>: [Info] (AZCore): [StackConfig] LayerS3(): layer's "remoteCfg.public.WorldId" S3 key (old: ""), reset to new value: "applications/public/configuration-sets/WorldId/86ae8332-ed32-420e-985c-61011022847a/versionless"
<2022-06-09 08:38:06.700>: [Info] (AZCore): [GameConnection] Update state QueryForRemoteConfigClass to new state WaitingForRemoteConfigClass
<2022-06-09 08:38:06.701>: [Info] (AZCore): [StackConfig] Querying "remoteCfg.public.WorldId" remote config. S3 key: "applications/public/configuration-sets/WorldId/86ae8332-ed32-420e-985c-61011022847a/versionless"
<2022-06-09 08:38:06.812>: [Info] (AZCore): [GameConnection] Update state WaitingForRemoteConfigClass to new state QueryForRemoteConfigClass
<2022-06-09 08:38:06.828>: [Info] (AZCore): [StackConfig] LayerS3(): layer's "remoteCfg.public.WorldIdv" S3 key (old: ""), reset to new value: "applications/public/configuration-sets/WorldId/86ae8332-ed32-420e-985c-61011022847a/555;1694880"
<2022-06-09 08:38:06.828>: [Info] (AZCore): [GameConnection] Update state QueryForRemoteConfigClass to new state WaitingForRemoteConfigClass
<2022-06-09 08:38:06.829>: [Info] (AZCore): [StackConfig] Querying "remoteCfg.public.WorldIdv" remote config. S3 key: "applications/public/configuration-sets/WorldId/86ae8332-ed32-420e-985c-61011022847a/555;1694880"
<2022-06-09 08:38:06.940>: [Info] (AZCore): [GameConnection] Update state WaitingForRemoteConfigClass to new state QueryForRemoteConfigClass
<2022-06-09 08:38:06.956>: [Info] (AZCore): [StackConfig] LayerS3(): layer's "remoteCfg.publicGameplay.CognitoId" S3 key (old: "applications/publicGameplay/configuration-sets/CognitoId/us-east-1:0de93f7c-814e-4d48-a8fd-b6efc2f9ed93/versionless"), reset to new value: "applications/publicGameplay/configuration-sets/CognitoId/us-east-1:0de93f7c-814e-4d48-a8fd-b6efc2f9ed93/versionless"
<2022-06-09 08:38:06.956>: [Info] (AZCore): [GameConnection] Update state QueryForRemoteConfigClass to new state WaitingForRemoteConfigClass
<2022-06-09 08:38:06.957>: [Info] (AZCore): [StackConfig] Querying "remoteCfg.publicGameplay.CognitoId" remote config. S3 key: "applications/publicGameplay/configuration-sets/CognitoId/us-east-1:0de93f7c-814e-4d48-a8fd-b6efc2f9ed93/versionless"
<2022-06-09 08:38:07.070>: [Info] (AZCore): [StackConfig] Retrieved layer's "remoteCfg.publicGameplay.CognitoId" remote config, with S3 key: "applications/publicGameplay/configuration-sets/CognitoId/us-east-1:0de93f7c-814e-4d48-a8fd-b6efc2f9ed93/versionless" successfully, size: 2244

<2022-06-09 08:38:07.084>: [Info] (AZCore): [GameConnection] Update state WaitingForRemoteConfigClass to new state QueryForRemoteConfigClass
<2022-06-09 08:38:07.100>: [Info] (AZCore): [StackConfig] LayerS3(): layer's "remoteCfg.publicGameplay.CognitoIdv" S3 key (old: "applications/publicGameplay/configuration-sets/CognitoId/us-east-1:0de93f7c-814e-4d48-a8fd-b6efc2f9ed93/555;1694880"), reset to new value: "applications/publicGameplay/configuration-sets/CognitoId/us-east-1:0de93f7c-814e-4d48-a8fd-b6efc2f9ed93/555;1694880"
<2022-06-09 08:38:07.100>: [Info] (AZCore): [GameConnection] Update state QueryForRemoteConfigClass to new state WaitingForRemoteConfigClass
<2022-06-09 08:38:07.101>: [Info] (AZCore): [StackConfig] Querying "remoteCfg.publicGameplay.CognitoIdv" remote config. S3 key: "applications/publicGameplay/configuration-sets/CognitoId/us-east-1:0de93f7c-814e-4d48-a8fd-b6efc2f9ed93/555;1694880"
<2022-06-09 08:38:07.212>: [Info] (AZCore): [GameConnection] Update state WaitingForRemoteConfigClass to new state QueryForRemoteConfigClass
<2022-06-09 08:38:07.228>: [Info] (AZCore): [StackConfig] LayerS3(): layer's "remoteCfg.publicGameplay.WorldId" S3 key (old: ""), reset to new value: "applications/publicGameplay/configuration-sets/WorldId/86ae8332-ed32-420e-985c-61011022847a/versionless"
<2022-06-09 08:38:07.228>: [Info] (AZCore): [GameConnection] Update state QueryForRemoteConfigClass to new state WaitingForRemoteConfigClass
<2022-06-09 08:38:07.229>: [Info] (AZCore): [StackConfig] Querying "remoteCfg.publicGameplay.WorldId" remote config. S3 key: "applications/publicGameplay/configuration-sets/WorldId/86ae8332-ed32-420e-985c-61011022847a/versionless"
<2022-06-09 08:38:07.340>: [Info] (AZCore): [GameConnection] Update state WaitingForRemoteConfigClass to new state QueryForRemoteConfigClass
<2022-06-09 08:38:07.356>: [Info] (AZCore): [StackConfig] LayerS3(): layer's "remoteCfg.publicGameplay.WorldIdv" S3 key (old: ""), reset to new value: "applications/publicGameplay/configuration-sets/WorldId/86ae8332-ed32-420e-985c-61011022847a/555;1694880"
<2022-06-09 08:38:07.357>: [Info] (AZCore): [GameConnection] Update state QueryForRemoteConfigClass to new state WaitingForRemoteConfigClass
<2022-06-09 08:38:07.358>: [Info] (AZCore): [StackConfig] Querying "remoteCfg.publicGameplay.WorldIdv" remote config. S3 key: "applications/publicGameplay/configuration-sets/WorldId/86ae8332-ed32-420e-985c-61011022847a/555;1694880"
<2022-06-09 08:38:07.468>: [Info] (AZCore): [GameConnection] Update state WaitingForRemoteConfigClass to new state QueryForRemoteConfigClass
<2022-06-09 08:38:07.484>: [Info] (AZCore): [GameConnection] Update state QueryForRemoteConfigClass to new state StartREPConnection
<2022-06-09 08:38:07.500>: [Info] (AZCore): [GameConnection] GameConnectionWrapper: start REP connection RepAddress = 52.223.18.203:22262, worldId = 86ae8332-ed32-420e-985c-61011022847a
<2022-06-09 08:38:07.503>: [Info] (AZCore): [GameConnection] Update state StartREPConnection to new state WaitingForREPConnection
<2022-06-09 08:38:07.670>: [Info] (AZCore): [GameConnection] GameConnectionWrapper: REP socket connection established, now waiting to register
<2022-06-09 08:38:07.735>: [Info] (AZCore): [GameConnection] GameConnectionWrapper: received registration response from REP
<2022-06-09 08:38:07.735>: [Info] (AZCore): [Game] LogEnvironmentString: Server version: [RELEASE].Javelin.1.18.555.1694880
<2022-06-09 08:38:07.740>: [Info] (AZCore): [GameConnection] GameConnectionWrapper: start actor game connection
<2022-06-09 08:38:07.740>: [Info] (AZCore): [GameMessagePort] Reset
<2022-06-09 08:38:07.740>: [Info] (AZCore): [GameConnection] Update state WaitingForREPConnection to new state WaitingForActorGameConnection
<2022-06-09 08:38:07.852>: [Info] (AZCore): [GameConnection] GameConnectionWrapper: actor game connection succeeds
<2022-06-09 08:38:07.852>: [Info] (AZCore): [GameConnection] Initialize current retry count : 0
<2022-06-09 08:38:07.852>: [Info] (AZCore): [GameConnection] Update state WaitingForActorGameConnection to new state WaitingForSpawnPoint
<2022-06-09 08:38:07.868>: [Info] (AZCore): [GameConnection] GameConnectionWrapper: spawn point found
<2022-06-09 08:38:07.868>: [Info] (AZCore): [GameConnection] Update state WaitingForSpawnPoint to new state WaitingForAOIClient
<2022-06-09 08:38:08.076>: [Info] (AZCore): [GameMessagePort] LevelInfoChanged
<2022-06-09 08:38:08.076>: [Info] (AZCore): [GameMessagePort] LevelInfoChanged m_clientContextInstanceId 0 changing to levelInfo.m_clientContextInstanceId 1
<2022-06-09 08:38:08.076>: [Info] (AZCore): [GameConnection] GameConnectionWrapper: AOI client available
<2022-06-09 08:38:08.076>: [Info] (AZCore): [GameConnection] Update state WaitingForAOIClient to new state WaitingForPlayerSpawn
<2022-06-09 08:38:08.108>: [Info] (AZCore): [GameMessagePort] Calling clientContext->Initialize
<2022-06-09 08:38:08.108>: [Info] (AZCore): [ClientContext] Initialize()
<2022-06-09 08:38:08.108>: [Info] (AZCore): [ClientContext] Cleanup()
<2022-06-09 08:38:10.036>: [Info] (AZCore): [streamingGDEManager] Initialize()
<2022-06-09 08:38:10.037>: [Info] (AZCore): [AsyncMapUnload] Loading of map "NewWorld_VitaeEterna" deferred in order to async unload previous level "frontendv2": starting async unload...
<2022-06-09 08:38:10.039>: [Info] (AZCore): [AsyncMapUnload] Lumberyard Connection State: "WaitingForPlayerSpawn"
<2022-06-09 08:38:10.039>: [Info] (AZCore): [AsyncMapUnload] waiting... numJobs 0, AssetBus::context.m_queue.size(): 328, waitingRefs (from bus): 0
<2022-06-09 08:38:10.039>: [Info] (AZCore): [GameMessagePort] HandleUnexpectedMessage skipping ReceiveStateBundle for bundle message due to clientContext == nullptr
<2022-06-09 08:38:10.045>: [Info] (AZCore): [AsyncMapUnload] DONE waiting... numJobs 0, AssetBus::context.m_queue.size(): 0, waitingRefs (from bus): 0
<2022-06-09 08:38:10.045>: [Info] (AZCore): [AsyncMapUnload] ...allowing map change
<2022-06-09 08:38:10.045>: [Info]: ============================ Loading level NewWorld_VitaeEterna ============================
<2022-06-09 08:38:13.849>: [Info]: CGame::InitCoatlicueTerrain
<2022-06-09 08:38:13.855>: [Info] (AZCore): [GameMessagePort] ProcessPendingReliableMsgQueue processing 44 messages from m_pendingUnexpectedMsgs
<2022-06-09 08:38:13.870>: [Info] (AZCore): [GameMessagePort] LevelInfoChanged
<2022-06-09 08:38:14.410>: [Info] (AZCore): [GDERenderManager] Init()
<2022-06-09 08:38:14.447>: [Info] (AZCore): [Game] LogEnvironmentString: Player Name: xuppra
<2022-06-09 08:38:14.447>: [Info] (AZCore): [Game] LogEnvironmentString: Player Actor: AE595B482D0B0A66E58F984433AC4281
<2022-06-09 08:38:14.465>: [Info]: SerializeOptions: Success
<2022-06-09 08:38:14.465>: [Info]: SerializeOptions: Moving to C:/Users/cedric/AppData/Roaming/AGS/New World/savedata/temp_usersettings.javsave
<2022-06-09 08:38:14.517>: [Info] (AZCore): [GameConnection] GameConnectionWrapper: player spawn succeeds, in game
<2022-06-09 08:38:14.517>: [Info] (AZCore): [GameConnection] Update state WaitingForPlayerSpawn to new state InGame
<2022-06-09 08:38:14.517>: [Info] (AZCore): [Game] JavelinGame::OnConnectionSucceed
<2022-06-09 08:38:18.165>: [Info] (AZCore): [GameMessagePort] LevelInfoChanged
<2022-06-09 08:38:25.513>: [Info]: SerializeOptions: Success
<2022-06-09 08:38:25.513>: [Info]: SerializeOptions: Moving to C:/Users/cedric/AppData/Roaming/AGS/New World/savedata/temp_usersettings.javsave
<2022-06-09 08:51:40.397>: [Info]: SerializeOptions: Success
<2022-06-09 08:51:40.397>: [Info]: SerializeOptions: Moving to C:/Users/cedric/AppData/Roaming/AGS/New World/savedata/temp_usersettings.javsave
<2022-06-09 08:51:47.998>: [Info]: SerializeOptions: Success
<2022-06-09 08:51:47.998>: [Info]: SerializeOptions: Moving to C:/Users/cedric/AppData/Roaming/AGS/New World/savedata/temp_usersettings.javsave
<2022-06-09 08:57:27.692>: [Info]: SerializeOptions: Success
<2022-06-09 08:57:27.692>: [Info]: SerializeOptions: Moving to C:/Users/cedric/AppData/Roaming/AGS/New World/savedata/temp_usersettings.javsave
<2022-06-09 08:57:28.249>: [Info] (AZCore): [GameMessagePort] LevelInfoChanged
<2022-06-09 08:57:28.249>: [Info] (AZCore): [GameMessagePort] Reset
<2022-06-09 08:57:28.249>: [Info] (AZCore): [GameConnection] Update state InGame to new state WaitingForAOIClient
<2022-06-09 08:57:28.249>: [Info] (AZCore): [GameMessagePort] LevelInfoChanged m_clientContextInstanceId 1 changing to levelInfo.m_clientContextInstanceId 2
<2022-06-09 08:57:28.249>: [Info] (AZCore): [GameConnection] GameConnectionWrapper: AOI client available
<2022-06-09 08:57:28.249>: [Info] (AZCore): [GameConnection] Update state WaitingForAOIClient to new state WaitingForPlayerSpawn
<2022-06-09 08:57:28.400>: [Info] (AZCore): [GameMessagePort] Calling clientContext->Initialize
<2022-06-09 08:57:28.400>: [Info] (AZCore): [ClientContext] Initialize()
<2022-06-09 08:57:28.400>: [Info] (AZCore): [ClientContext] Cleanup()
<2022-06-09 08:57:28.400>: [Info] (AZCore): [GDERenderManager] Releasing resources!
<2022-06-09 08:57:28.412>: [Info] (AZCore): [streamingGDEManager] Shutting down and releasing regions
<2022-06-09 08:57:28.434>: [Info] (AZCore): [streamingGDEManager] Shutting down and releasing regions
<2022-06-09 08:57:28.854>: [Info] (AZCore): [streamingGDEManager] Initialize()
<2022-06-09 08:57:28.856>: [Info] (AZCore): [AsyncMapUnload] Loading of map "NW_Arena01" deferred in order to async unload previous level "NewWorld_VitaeEterna": starting async unload...
<2022-06-09 08:57:28.861>: [Info] (AZCore): [AsyncMapUnload] Lumberyard Connection State: "WaitingForPlayerSpawn"
<2022-06-09 08:57:28.861>: [Info] (AZCore): [AsyncMapUnload] waiting... numJobs 0, AssetBus::context.m_queue.size(): 1524, waitingRefs (from bus): 0
<2022-06-09 08:57:28.861>: [Info] (AZCore): [GameMessagePort] HandleUnexpectedMessage skipping ReceiveStateBundle for bundle message due to clientContext == nullptr
<2022-06-09 08:57:28.926>: [Info] (AZCore): [AsyncMapUnload] DONE waiting... numJobs 0, AssetBus::context.m_queue.size(): 0, waitingRefs (from bus): 0
<2022-06-09 08:57:28.926>: [Info] (AZCore): [AsyncMapUnload] ...allowing map change
<2022-06-09 08:57:28.926>: [Info]: ============================ Loading level NW_Arena01 ============================
<2022-06-09 08:57:29.197>: [Info]: SerializeOptions: Success
<2022-06-09 08:57:29.197>: [Info]: SerializeOptions: Moving to C:/Users/cedric/AppData/Roaming/AGS/New World/savedata/temp_usersettings.javsave
<2022-06-09 08:57:31.618>: [Info]: CGame::InitCoatlicueTerrain
<2022-06-09 08:57:31.622>: [Info] (AZCore): [GameMessagePort] ProcessPendingReliableMsgQueue processing 2 messages from m_pendingUnexpectedMsgs
<2022-06-09 08:57:31.901>: [Info] (AZCore): [GDERenderManager] Init()
<2022-06-09 08:57:35.292>: [Info] (AZCore): [GameConnection] GameConnectionWrapper: player spawn succeeds, in game
<2022-06-09 08:57:35.292>: [Info] (AZCore): [GameConnection] Update state WaitingForPlayerSpawn to new state InGame
<2022-06-09 08:57:35.292>: [Info] (AZCore): [Game] JavelinGame::OnConnectionSucceed
<2022-06-09 09:02:08.540>: [Info]: SerializeOptions: Success
<2022-06-09 09:02:08.540>: [Info]: SerializeOptions: Moving to C:/Users/cedric/AppData/Roaming/AGS/New World/savedata/temp_usersettings.javsave
<2022-06-09 09:02:09.184>: [Info] (AZCore): [GameMessagePort] LevelInfoChanged
<2022-06-09 09:02:09.184>: [Info] (AZCore): [GameMessagePort] Reset
<2022-06-09 09:02:09.184>: [Info] (AZCore): [GameConnection] Update state InGame to new state WaitingForAOIClient
<2022-06-09 09:02:09.184>: [Info] (AZCore): [GameMessagePort] LevelInfoChanged m_clientContextInstanceId 2 changing to levelInfo.m_clientContextInstanceId 3
<2022-06-09 09:02:09.328>: [Info] (AZCore): [GameMessagePort] Calling clientContext->Initialize
<2022-06-09 09:02:09.328>: [Info] (AZCore): [ClientContext] Initialize()
<2022-06-09 09:02:09.328>: [Info] (AZCore): [ClientContext] Cleanup()
<2022-06-09 09:02:09.328>: [Info] (AZCore): [GDERenderManager] Releasing resources!
<2022-06-09 09:02:09.329>: [Info] (AZCore): [streamingGDEManager] Shutting down and releasing regions
<2022-06-09 09:02:09.330>: [Info] (AZCore): [streamingGDEManager] Shutting down and releasing regions
<2022-06-09 09:02:11.147>: [Info] (AZCore): [streamingGDEManager] Initialize()
<2022-06-09 09:02:11.147>: [Info] (AZCore): [AsyncMapUnload] Loading of map "NewWorld_VitaeEterna" deferred in order to async unload previous level "NW_Arena01": starting async unload...
<2022-06-09 09:02:11.148>: [Info] (AZCore): [AsyncMapUnload] Lumberyard Connection State: "WaitingForAOIClient"
<2022-06-09 09:02:11.148>: [Info] (AZCore): [AsyncMapUnload] waiting... numJobs 0, AssetBus::context.m_queue.size(): 268, waitingRefs (from bus): 0
<2022-06-09 09:02:11.148>: [Info] (AZCore): [GameMessagePort] HandleUnexpectedMessage skipping ReceiveStateBundle for bundle message due to clientContext == nullptr
<2022-06-09 09:02:12.066>: [Info] (AZCore): [AsyncMapUnload] DONE waiting... numJobs 0, AssetBus::context.m_queue.size(): 0, waitingRefs (from bus): 0
<2022-06-09 09:02:12.066>: [Info] (AZCore): [AsyncMapUnload] ...allowing map change
<2022-06-09 09:02:12.066>: [Info]: ============================ Loading level NewWorld_VitaeEterna ============================
<2022-06-09 09:02:14.724>: [Info]: CGame::InitCoatlicueTerrain
<2022-06-09 09:02:14.728>: [Info] (AZCore): [GameMessagePort] ProcessPendingReliableMsgQueue processing 1 messages from m_pendingUnexpectedMsgs
<2022-06-09 09:02:15.115>: [Info] (AZCore): [GDERenderManager] Init()
<2022-06-09 09:02:17.755>: [Info]: SerializeOptions: Success
<2022-06-09 09:02:17.755>: [Info]: SerializeOptions: Moving to C:/Users/cedric/AppData/Roaming/AGS/New World/savedata/temp_usersettings.javsave
<2022-06-09 09:02:56.880>: [Info]: SerializeOptions: Success
<2022-06-09 09:02:56.880>: [Info]: SerializeOptions: Moving to C:/Users/cedric/AppData/Roaming/AGS/New World/savedata/temp_usersettings.javsave
<2022-06-09 09:02:57.670>: [Info] (AZCore): [GameMessagePort] LevelInfoChanged
<2022-06-09 09:02:57.670>: [Info] (AZCore): [GameMessagePort] Reset
<2022-06-09 09:02:57.670>: [Info] (AZCore): [GameMessagePort] LevelInfoChanged m_clientContextInstanceId 3 changing to levelInfo.m_clientContextInstanceId 4
<2022-06-09 09:02:57.802>: [Info] (AZCore): [GameConnection] GameConnectionWrapper: AOI client available
<2022-06-09 09:02:57.802>: [Info] (AZCore): [GameConnection] Update state WaitingForAOIClient to new state WaitingForPlayerSpawn
<2022-06-09 09:02:57.817>: [Info] (AZCore): [GameMessagePort] Calling clientContext->Initialize
<2022-06-09 09:02:57.817>: [Info] (AZCore): [ClientContext] Initialize()
<2022-06-09 09:02:57.817>: [Info] (AZCore): [ClientContext] Cleanup()
<2022-06-09 09:02:57.818>: [Info] (AZCore): [GDERenderManager] Releasing resources!
<2022-06-09 09:02:57.828>: [Info] (AZCore): [streamingGDEManager] Shutting down and releasing regions
<2022-06-09 09:02:57.846>: [Info] (AZCore): [streamingGDEManager] Shutting down and releasing regions
<2022-06-09 09:02:58.173>: [Info] (AZCore): [streamingGDEManager] Initialize()
<2022-06-09 09:02:58.174>: [Info] (AZCore): [AsyncMapUnload] Loading of map "NW_Arena01" deferred in order to async unload previous level "NewWorld_VitaeEterna": starting async unload...
<2022-06-09 09:02:58.177>: [Info] (AZCore): [AsyncMapUnload] Lumberyard Connection State: "WaitingForPlayerSpawn"
<2022-06-09 09:02:58.177>: [Info] (AZCore): [AsyncMapUnload] waiting... numJobs 0, AssetBus::context.m_queue.size(): 1249, waitingRefs (from bus): 0
<2022-06-09 09:02:58.177>: [Info] (AZCore): [GameMessagePort] HandleUnexpectedMessage skipping ReceiveStateBundle for bundle message due to clientContext == nullptr
<2022-06-09 09:02:58.215>: [Info] (AZCore): [AsyncMapUnload] DONE waiting... numJobs 0, AssetBus::context.m_queue.size(): 0, waitingRefs (from bus): 0
<2022-06-09 09:02:58.215>: [Info] (AZCore): [AsyncMapUnload] ...allowing map change
<2022-06-09 09:02:58.215>: [Info]: ============================ Loading level NW_Arena01 ============================
<2022-06-09 09:02:58.453>: [Info]: SerializeOptions: Success
<2022-06-09 09:02:58.453>: [Info]: SerializeOptions: Moving to C:/Users/cedric/AppData/Roaming/AGS/New World/savedata/temp_usersettings.javsave
<2022-06-09 09:03:00.888>: [Info]: CGame::InitCoatlicueTerrain
<2022-06-09 09:03:00.891>: [Info] (AZCore): [GameMessagePort] ProcessPendingReliableMsgQueue processing 1 messages from m_pendingUnexpectedMsgs
<2022-06-09 09:03:01.170>: [Info] (AZCore): [GDERenderManager] Init()
<2022-06-09 09:03:04.486>: [Info] (AZCore): [GameConnection] GameConnectionWrapper: player spawn succeeds, in game
<2022-06-09 09:03:04.486>: [Info] (AZCore): [GameConnection] Update state WaitingForPlayerSpawn to new state InGame
<2022-06-09 09:03:04.486>: [Info] (AZCore): [Game] JavelinGame::OnConnectionSucceed
<2022-06-09 09:11:34.405>: [Info]: SerializeOptions: Success
<2022-06-09 09:11:34.405>: [Info]: SerializeOptions: Moving to C:/Users/cedric/AppData/Roaming/AGS/New World/savedata/temp_usersettings.javsave
<2022-06-09 09:11:35.081>: [Info] (AZCore): [GameMessagePort] LevelInfoChanged
<2022-06-09 09:11:35.081>: [Info] (AZCore): [GameMessagePort] Reset
<2022-06-09 09:11:35.081>: [Info] (AZCore): [GameConnection] Update state InGame to new state WaitingForAOIClient
<2022-06-09 09:11:35.081>: [Info] (AZCore): [GameMessagePort] LevelInfoChanged m_clientContextInstanceId 4 changing to levelInfo.m_clientContextInstanceId 5
<2022-06-09 09:11:35.081>: [Info] (AZCore): [GameConnection] GameConnectionWrapper: AOI client available
<2022-06-09 09:11:35.081>: [Info] (AZCore): [GameConnection] Update state WaitingForAOIClient to new state WaitingForPlayerSpawn
<2022-06-09 09:11:35.097>: [Info] (AZCore): [GameMessagePort] Calling clientContext->Initialize
<2022-06-09 09:11:35.097>: [Info] (AZCore): [ClientContext] Initialize()
<2022-06-09 09:11:35.097>: [Info] (AZCore): [ClientContext] Cleanup()
<2022-06-09 09:11:35.097>: [Info] (AZCore): [GDERenderManager] Releasing resources!
<2022-06-09 09:11:35.099>: [Info] (AZCore): [streamingGDEManager] Shutting down and releasing regions
<2022-06-09 09:11:35.100>: [Info] (AZCore): [streamingGDEManager] Shutting down and releasing regions
<2022-06-09 09:11:36.967>: [Info] (AZCore): [streamingGDEManager] Initialize()
<2022-06-09 09:11:36.967>: [Info] (AZCore): [AsyncMapUnload] Loading of map "NewWorld_VitaeEterna" deferred in order to async unload previous level "NW_Arena01": starting async unload...
<2022-06-09 09:11:36.968>: [Info] (AZCore): [AsyncMapUnload] Lumberyard Connection State: "WaitingForPlayerSpawn"
<2022-06-09 09:11:36.968>: [Info] (AZCore): [AsyncMapUnload] waiting... numJobs 0, AssetBus::context.m_queue.size(): 250, waitingRefs (from bus): 0
<2022-06-09 09:11:36.968>: [Info] (AZCore): [GameMessagePort] HandleUnexpectedMessage skipping ReceiveStateBundle for bundle message due to clientContext == nullptr
<2022-06-09 09:11:37.863>: [Info] (AZCore): [AsyncMapUnload] DONE waiting... numJobs 0, AssetBus::context.m_queue.size(): 0, waitingRefs (from bus): 0
<2022-06-09 09:11:37.863>: [Info] (AZCore): [AsyncMapUnload] ...allowing map change
<2022-06-09 09:11:37.863>: [Info]: ============================ Loading level NewWorld_VitaeEterna ============================
<2022-06-09 09:11:40.602>: [Info]: CGame::InitCoatlicueTerrain
<2022-06-09 09:11:40.605>: [Info] (AZCore): [GameMessagePort] ProcessPendingReliableMsgQueue processing 1 messages from m_pendingUnexpectedMsgs
<2022-06-09 09:11:40.957>: [Info] (AZCore): [GDERenderManager] Init()
<2022-06-09 09:11:43.633>: [Info]: SerializeOptions: Success
<2022-06-09 09:11:43.633>: [Info]: SerializeOptions: Moving to C:/Users/cedric/AppData/Roaming/AGS/New World/savedata/temp_usersettings.javsave
<2022-06-09 09:11:43.644>: [Info] (AZCore): [GameConnection] GameConnectionWrapper: player spawn succeeds, in game
<2022-06-09 09:11:43.644>: [Info] (AZCore): [GameConnection] Update state WaitingForPlayerSpawn to new state InGame
<2022-06-09 09:11:43.644>: [Info] (AZCore): [Game] JavelinGame::OnConnectionSucceed
<2022-06-09 09:13:59.949>: [Info]: SerializeOptions: Success
<2022-06-09 09:13:59.949>: [Info]: SerializeOptions: Moving to C:/Users/cedric/AppData/Roaming/AGS/New World/savedata/temp_usersettings.javsave
<2022-06-09 09:14:01.277>: [Info] (AZCore): [GameMessagePort] LevelInfoChanged
<2022-06-09 09:14:01.277>: [Info] (AZCore): [GameMessagePort] Reset
<2022-06-09 09:14:01.277>: [Info] (AZCore): [GameConnection] Update state InGame to new state WaitingForAOIClient
<2022-06-09 09:14:01.277>: [Info] (AZCore): [GameMessagePort] LevelInfoChanged m_clientContextInstanceId 5 changing to levelInfo.m_clientContextInstanceId 6
<2022-06-09 09:14:01.404>: [Info] (AZCore): [GameConnection] GameConnectionWrapper: AOI client available
<2022-06-09 09:14:01.404>: [Info] (AZCore): [GameConnection] Update state WaitingForAOIClient to new state WaitingForPlayerSpawn
<2022-06-09 09:14:01.420>: [Info] (AZCore): [GameMessagePort] Calling clientContext->Initialize
<2022-06-09 09:14:01.420>: [Info] (AZCore): [ClientContext] Initialize()
<2022-06-09 09:14:01.420>: [Info] (AZCore): [ClientContext] Cleanup()
<2022-06-09 09:14:01.420>: [Info] (AZCore): [GDERenderManager] Releasing resources!
<2022-06-09 09:14:01.429>: [Info] (AZCore): [streamingGDEManager] Shutting down and releasing regions
<2022-06-09 09:14:01.448>: [Info] (AZCore): [streamingGDEManager] Shutting down and releasing regions
<2022-06-09 09:14:01.761>: [Info] (AZCore): [streamingGDEManager] Initialize()
<2022-06-09 09:14:01.762>: [Info] (AZCore): [AsyncMapUnload] Loading of map "NW_Arena01" deferred in order to async unload previous level "NewWorld_VitaeEterna": starting async unload...
<2022-06-09 09:14:01.764>: [Info] (AZCore): [AsyncMapUnload] Lumberyard Connection State: "WaitingForPlayerSpawn"
<2022-06-09 09:14:01.764>: [Info] (AZCore): [AsyncMapUnload] waiting... numJobs 0, AssetBus::context.m_queue.size(): 1241, waitingRefs (from bus): 0
<2022-06-09 09:14:01.764>: [Info] (AZCore): [GameMessagePort] HandleUnexpectedMessage skipping ReceiveStateBundle for bundle message due to clientContext == nullptr
<2022-06-09 09:14:01.805>: [Info] (AZCore): [AsyncMapUnload] DONE waiting... numJobs 0, AssetBus::context.m_queue.size(): 0, waitingRefs (from bus): 0
<2022-06-09 09:14:01.805>: [Info] (AZCore): [AsyncMapUnload] ...allowing map change
<2022-06-09 09:14:01.805>: [Info]: ============================ Loading level NW_Arena01 ============================
<2022-06-09 09:14:02.041>: [Info]: SerializeOptions: Success
<2022-06-09 09:14:02.041>: [Info]: SerializeOptions: Moving to C:/Users/cedric/AppData/Roaming/AGS/New World/savedata/temp_usersettings.javsave
<2022-06-09 09:14:04.544>: [Info]: CGame::InitCoatlicueTerrain
<2022-06-09 09:14:04.547>: [Info] (AZCore): [GameMessagePort] ProcessPendingReliableMsgQueue processing 1 messages from m_pendingUnexpectedMsgs
<2022-06-09 09:14:04.841>: [Info] (AZCore): [GDERenderManager] Init()
<2022-06-09 09:14:08.175>: [Info] (AZCore): [GameConnection] GameConnectionWrapper: player spawn succeeds, in game
<2022-06-09 09:14:08.175>: [Info] (AZCore): [GameConnection] Update state WaitingForPlayerSpawn to new state InGame
<2022-06-09 09:14:08.175>: [Info] (AZCore): [Game] JavelinGame::OnConnectionSucceed
<2022-06-09 09:24:04.982>: [Info]: SerializeOptions: Success
<2022-06-09 09:24:04.982>: [Info]: SerializeOptions: Moving to C:/Users/cedric/AppData/Roaming/AGS/New World/savedata/temp_usersettings.javsave
<2022-06-09 09:24:05.619>: [Info] (AZCore): [GameMessagePort] LevelInfoChanged
<2022-06-09 09:24:05.619>: [Info] (AZCore): [GameMessagePort] Reset
<2022-06-09 09:24:05.619>: [Info] (AZCore): [GameConnection] Update state InGame to new state WaitingForAOIClient
<2022-06-09 09:24:05.619>: [Info] (AZCore): [GameMessagePort] LevelInfoChanged m_clientContextInstanceId 6 changing to levelInfo.m_clientContextInstanceId 7
<2022-06-09 09:24:05.619>: [Info] (AZCore): [GameConnection] GameConnectionWrapper: AOI client available
<2022-06-09 09:24:05.619>: [Info] (AZCore): [GameConnection] Update state WaitingForAOIClient to new state WaitingForPlayerSpawn
<2022-06-09 09:24:05.635>: [Info] (AZCore): [GameMessagePort] Calling clientContext->Initialize
<2022-06-09 09:24:05.635>: [Info] (AZCore): [ClientContext] Initialize()
<2022-06-09 09:24:05.635>: [Info] (AZCore): [ClientContext] Cleanup()
<2022-06-09 09:24:05.635>: [Info] (AZCore): [GDERenderManager] Releasing resources!
<2022-06-09 09:24:05.636>: [Info] (AZCore): [streamingGDEManager] Shutting down and releasing regions
<2022-06-09 09:24:05.637>: [Info] (AZCore): [streamingGDEManager] Shutting down and releasing regions
<2022-06-09 09:24:07.498>: [Info] (AZCore): [streamingGDEManager] Initialize()
<2022-06-09 09:24:07.498>: [Info] (AZCore): [AsyncMapUnload] Loading of map "NewWorld_VitaeEterna" deferred in order to async unload previous level "NW_Arena01": starting async unload...
<2022-06-09 09:24:07.499>: [Info] (AZCore): [AsyncMapUnload] Lumberyard Connection State: "WaitingForPlayerSpawn"
<2022-06-09 09:24:07.499>: [Info] (AZCore): [AsyncMapUnload] waiting... numJobs 0, AssetBus::context.m_queue.size(): 265, waitingRefs (from bus): 0
<2022-06-09 09:24:07.499>: [Info] (AZCore): [GameMessagePort] HandleUnexpectedMessage skipping ReceiveStateBundle for bundle message due to clientContext == nullptr
<2022-06-09 09:24:08.108>: [Info] (AZCore): [AsyncMapUnload] waiting... numJobs 144, AssetBus::context.m_queue.size(): 9, waitingRefs (from bus): 0
<2022-06-09 09:24:08.228>: [Info] (AZCore): [AsyncMapUnload] waiting... numJobs 47, AssetBus::context.m_queue.size(): 12, waitingRefs (from bus): 0
<2022-06-09 09:24:08.333>: [Info] (AZCore): [AsyncMapUnload] DONE waiting... numJobs 0, AssetBus::context.m_queue.size(): 0, waitingRefs (from bus): 0
<2022-06-09 09:24:08.333>: [Info] (AZCore): [AsyncMapUnload] ...allowing map change
<2022-06-09 09:24:08.333>: [Info]: ============================ Loading level NewWorld_VitaeEterna ============================
<2022-06-09 09:24:08.592>: [Info]: SerializeOptions: Success
<2022-06-09 09:24:08.592>: [Info]: SerializeOptions: Moving to C:/Users/cedric/AppData/Roaming/AGS/New World/savedata/temp_usersettings.javsave
<2022-06-09 09:24:10.999>: [Info]: CGame::InitCoatlicueTerrain
<2022-06-09 09:24:11.003>: [Info] (AZCore): [GameMessagePort] ProcessPendingReliableMsgQueue processing 3 messages from m_pendingUnexpectedMsgs
<2022-06-09 09:24:11.327>: [Info] (AZCore): [GDERenderManager] Init()
<2022-06-09 09:24:14.560>: [Info] (AZCore): [GameConnection] GameConnectionWrapper: player spawn succeeds, in game
<2022-06-09 09:24:14.560>: [Info] (AZCore): [GameConnection] Update state WaitingForPlayerSpawn to new state InGame
<2022-06-09 09:24:14.560>: [Info] (AZCore): [Game] JavelinGame::OnConnectionSucceed
<2022-06-09 09:27:39.515>: [Info]: SerializeOptions: Success
<2022-06-09 09:27:39.515>: [Info]: SerializeOptions: Moving to C:/Users/cedric/AppData/Roaming/AGS/New World/savedata/temp_usersettings.javsave
<2022-06-09 09:29:56.749>: [Info]: SerializeOptions: Success
<2022-06-09 09:29:56.749>: [Info]: SerializeOptions: Moving to C:/Users/cedric/AppData/Roaming/AGS/New World/savedata/temp_usersettings.javsave
<2022-06-09 09:31:21.987>: [Info]: SerializeOptions: Success
<2022-06-09 09:31:21.987>: [Info]: SerializeOptions: Moving to C:/Users/cedric/AppData/Roaming/AGS/New World/savedata/temp_usersettings.javsave
<2022-06-09 09:32:04.138>: [Info]: SerializeOptions: Success
<2022-06-09 09:32:04.138>: [Info]: SerializeOptions: Moving to C:/Users/cedric/AppData/Roaming/AGS/New World/savedata/temp_usersettings.javsave
<2022-06-09 09:32:47.011>: [Info] (AZCore): [SteamAuth] Attempting to refresh AWS credentials
<2022-06-09 09:32:47.011>: [Info] (AZCore): [SteamAuth] Calling Http API: https://d1w0bfy6smo4d1.cloudfront.net/prod/credentials
<2022-06-09 09:32:47.264>: [Info] (AZCore): [AuthStackCredentialsProvider] Successfully refreshed gateway AWS credentials, next attempt will start after 2022-06-09T10:27:46Z
<2022-06-09 09:32:47.264>: [Info] (AZCore): [AuthStackCredentialsProvider] Successfully refreshed persona AWS credentials, next attempt will start after 2022-06-09T10:27:46Z
<2022-06-09 09:32:47.281>: [Info] (AZCore): [SteamAuth] Successfully updated AWS credentials.
<2022-06-09 09:33:07.822>: [Info]: SerializeOptions: Success
<2022-06-09 09:33:07.822>: [Info]: SerializeOptions: Moving to C:/Users/cedric/AppData/Roaming/AGS/New World/savedata/temp_usersettings.javsave
<2022-06-09 09:33:15.316>: [Info]: SerializeOptions: Success
<2022-06-09 09:33:15.316>: [Info]: SerializeOptions: Moving to C:/Users/cedric/AppData/Roaming/AGS/New World/savedata/temp_usersettings.javsave
<2022-06-09 09:46:23.910>: [Info]: SerializeOptions: Success
<2022-06-09 09:46:23.910>: [Info]: SerializeOptions: Moving to C:/Users/cedric/AppData/Roaming/AGS/New World/savedata/temp_usersettings.javsave
<2022-06-09 09:46:31.651>: [Info]: SerializeOptions: Success
<2022-06-09 09:46:31.651>: [Info]: SerializeOptions: Moving to C:/Users/cedric/AppData/Roaming/AGS/New World/savedata/temp_usersettings.javsave
<2022-06-09 09:55:12.595>: [Info]: SerializeOptions: Success
<2022-06-09 09:55:12.595>: [Info]: SerializeOptions: Moving to C:/Users/cedric/AppData/Roaming/AGS/New World/savedata/temp_usersettings.javsave
<2022-06-09 09:56:12.420>: [Info]: SerializeOptions: Success
<2022-06-09 09:56:12.420>: [Info]: SerializeOptions: Moving to C:/Users/cedric/AppData/Roaming/AGS/New World/savedata/temp_usersettings.javsave
<2022-06-09 09:56:36.651>: [Info]: SerializeOptions: Success
<2022-06-09 09:56:36.651>: [Info]: SerializeOptions: Moving to C:/Users/cedric/AppData/Roaming/AGS/New World/savedata/temp_usersettings.javsave
<2022-06-09 10:03:32.693>: [Info]: SerializeOptions: Success
<2022-06-09 10:03:32.693>: [Info]: SerializeOptions: Moving to C:/Users/cedric/AppData/Roaming/AGS/New World/savedata/temp_usersettings.javsave
<2022-06-09 10:12:16.896>: [Info]: SerializeOptions: Success
<2022-06-09 10:12:16.896>: [Info]: SerializeOptions: Moving to C:/Users/cedric/AppData/Roaming/AGS/New World/savedata/temp_usersettings.javsave
<2022-06-09 10:16:57.394>: [Info] (AZCore): [SteamAuth] EndSessionJob: Calling Persona to end session
<2022-06-09 10:16:57.899>: [Info] (AZCore): [SteamAuth] Persona EndSession called successfully
<2022-06-09 10:16:57.899>: [Info] (AZCore): [Game] CGame::ActorContainerDisconnect
<2022-06-09 10:16:57.899>: [Info] (AZCore): [GameConnection] GameConnectionWrapper::Disconnect
<2022-06-09 10:16:57.899>: [Info] (AZCore): [Game] CGame::OnDisconnection: Disconnected from REP
<2022-06-09 10:16:57.912>: [Info] (AZCore): [GameConnection] GameConnectionWrapper: disconnected from REP
<2022-06-09 10:16:57.925>: [Info]: [ERROR] ClientSDK: @mm_csdkerr_disconnect
<2022-06-09 10:16:59.033>: [Info] (AZCore): [GameConnection] Update state InGame to new state Disconnected
<2022-06-09 10:16:59.033>: [Info]: CSystem::Quit invoked from thread 8232 (main is 8232)
<2022-06-09 10:16:59.033>: [Info] (AZCore): [Game] CGame::ActorContainerDisconnect
