<2022-06-10 07:44:58.602>: [Info]: BackupNameAttachment=" Build(1694880) 10 Jun 22 (09 44 58)"  -- used by backup system

<2022-06-10 07:44:58.602>: [Info]: Log Started at local time Fri Jun 10 09:44:58 2022
<2022-06-10 07:44:58.603>: [Info]: Built on Sat Jun  4 00:49:10 2022

<2022-06-10 07:44:58.603>: [Info]: Running 64 bit Windows version
<2022-06-10 07:44:58.603>: [Info]: Executable: NewWorld.exe [AZ_RETAIL_CONFIG]
<2022-06-10 07:44:58.603>: [Info]: FileVersion: 1.18.555.1694880
<2022-06-10 07:44:58.603>: [Info]: ProductVersion: 1.18.555.1694880
<2022-06-10 07:44:58.603>: [Info]: Using Microsoft (tm) C++ Standard Library implementation

<2022-06-10 07:44:58.605>: [Info] (AZCore): [System] Loading system configuration from system_windows_pc.cfg...
<2022-06-10 07:44:58.605>: [Info] (AZCore): [System] GameDir: Assets

<2022-06-10 07:44:59.753>: [Info]: 
<2022-06-10 07:44:59.754>: [Info]: Total number of logical processors: 16
<2022-06-10 07:44:59.754>: [Info]: Number of available logical processors: 16
<2022-06-10 07:44:59.754>: [Info]: Total number of system cores: 8
<2022-06-10 07:44:59.754>: [Info]: Number of cores available to process: 8
<2022-06-10 07:44:59.754>: [Info]:  
<2022-06-10 07:44:59.754>: [Info]: Processor 0:
<2022-06-10 07:44:59.754>: [Info]:   CPU: Intel        Intel(R) Xeon(R) CPU E5-2689 0 @ 2.60GHz
<2022-06-10 07:44:59.754>: [Info]:   Family: 6, Model: 13, Stepping: 7
<2022-06-10 07:44:59.754>: [Info]:   FPU: On-Chip
<2022-06-10 07:44:59.754>: [Info]:   3DNow!: not present
<2022-06-10 07:44:59.754>: [Info]:   MMX: not present
<2022-06-10 07:44:59.754>: [Info]:   SSE: present
<2022-06-10 07:44:59.754>: [Info]:   SSE2: present
<2022-06-10 07:44:59.754>: [Info]:   SSE3: present
<2022-06-10 07:44:59.754>: [Info]:   Serial number not present or disabled
<2022-06-10 07:44:59.754>: [Info]:  
<2022-06-10 07:44:59.754>: [Info]: Processor 1:
<2022-06-10 07:44:59.754>: [Info]:   CPU: Intel        Intel(R) Xeon(R) CPU E5-2689 0 @ 2.60GHz
<2022-06-10 07:44:59.754>: [Info]:   Family: 6, Model: 13, Stepping: 7
<2022-06-10 07:44:59.754>: [Info]:   FPU: On-Chip
<2022-06-10 07:44:59.754>: [Info]:   3DNow!: not present
<2022-06-10 07:44:59.754>: [Info]:   MMX: not present
<2022-06-10 07:44:59.754>: [Info]:   SSE: present
<2022-06-10 07:44:59.754>: [Info]:   SSE2: present
<2022-06-10 07:44:59.754>: [Info]:   SSE3: present
<2022-06-10 07:44:59.754>: [Info]:   Serial number not present or disabled
<2022-06-10 07:44:59.754>: [Info]:  
<2022-06-10 07:44:59.754>: [Info]: Processor 2:
<2022-06-10 07:44:59.754>: [Info]:   CPU: Intel        Intel(R) Xeon(R) CPU E5-2689 0 @ 2.60GHz
<2022-06-10 07:44:59.754>: [Info]:   Family: 6, Model: 13, Stepping: 7
<2022-06-10 07:44:59.754>: [Info]:   FPU: On-Chip
<2022-06-10 07:44:59.754>: [Info]:   3DNow!: not present
<2022-06-10 07:44:59.754>: [Info]:   MMX: not present
<2022-06-10 07:44:59.754>: [Info]:   SSE: present
<2022-06-10 07:44:59.754>: [Info]:   SSE2: present
<2022-06-10 07:44:59.754>: [Info]:   SSE3: present
<2022-06-10 07:44:59.755>: [Info]:   Serial number not present or disabled
<2022-06-10 07:44:59.755>: [Info]:  
<2022-06-10 07:44:59.755>: [Info]: Processor 3:
<2022-06-10 07:44:59.755>: [Info]:   CPU: Intel        Intel(R) Xeon(R) CPU E5-2689 0 @ 2.60GHz
<2022-06-10 07:44:59.755>: [Info]:   Family: 6, Model: 13, Stepping: 7
<2022-06-10 07:44:59.755>: [Info]:   FPU: On-Chip
<2022-06-10 07:44:59.755>: [Info]:   3DNow!: not present
<2022-06-10 07:44:59.755>: [Info]:   MMX: not present
<2022-06-10 07:44:59.755>: [Info]:   SSE: present
<2022-06-10 07:44:59.755>: [Info]:   SSE2: present
<2022-06-10 07:44:59.755>: [Info]:   SSE3: present
<2022-06-10 07:44:59.755>: [Info]:   Serial number not present or disabled
<2022-06-10 07:44:59.755>: [Info]:  
<2022-06-10 07:44:59.755>: [Info]: Processor 4:
<2022-06-10 07:44:59.755>: [Info]:   CPU: Intel        Intel(R) Xeon(R) CPU E5-2689 0 @ 2.60GHz
<2022-06-10 07:44:59.755>: [Info]:   Family: 6, Model: 13, Stepping: 7
<2022-06-10 07:44:59.755>: [Info]:   FPU: On-Chip
<2022-06-10 07:44:59.755>: [Info]:   3DNow!: not present
<2022-06-10 07:44:59.755>: [Info]:   MMX: not present
<2022-06-10 07:44:59.755>: [Info]:   SSE: present
<2022-06-10 07:44:59.755>: [Info]:   SSE2: present
<2022-06-10 07:44:59.755>: [Info]:   SSE3: present
<2022-06-10 07:44:59.755>: [Info]:   Serial number not present or disabled
<2022-06-10 07:44:59.755>: [Info]:  
<2022-06-10 07:44:59.755>: [Info]: Processor 5:
<2022-06-10 07:44:59.755>: [Info]:   CPU: Intel        Intel(R) Xeon(R) CPU E5-2689 0 @ 2.60GHz
<2022-06-10 07:44:59.755>: [Info]:   Family: 6, Model: 13, Stepping: 7
<2022-06-10 07:44:59.755>: [Info]:   FPU: On-Chip
<2022-06-10 07:44:59.755>: [Info]:   3DNow!: not present
<2022-06-10 07:44:59.755>: [Info]:   MMX: not present
<2022-06-10 07:44:59.755>: [Info]:   SSE: present
<2022-06-10 07:44:59.755>: [Info]:   SSE2: present
<2022-06-10 07:44:59.755>: [Info]:   SSE3: present
<2022-06-10 07:44:59.755>: [Info]:   Serial number not present or disabled
<2022-06-10 07:44:59.755>: [Info]:  
<2022-06-10 07:44:59.755>: [Info]: Processor 6:
<2022-06-10 07:44:59.755>: [Info]:   CPU: Intel        Intel(R) Xeon(R) CPU E5-2689 0 @ 2.60GHz
<2022-06-10 07:44:59.755>: [Info]:   Family: 6, Model: 13, Stepping: 7
<2022-06-10 07:44:59.755>: [Info]:   FPU: On-Chip
<2022-06-10 07:44:59.755>: [Info]:   3DNow!: not present
<2022-06-10 07:44:59.755>: [Info]:   MMX: not present
<2022-06-10 07:44:59.755>: [Info]:   SSE: present
<2022-06-10 07:44:59.755>: [Info]:   SSE2: present
<2022-06-10 07:44:59.755>: [Info]:   SSE3: present
<2022-06-10 07:44:59.755>: [Info]:   Serial number not present or disabled
<2022-06-10 07:44:59.755>: [Info]:  
<2022-06-10 07:44:59.755>: [Info]: Processor 7:
<2022-06-10 07:44:59.755>: [Info]:   CPU: Intel        Intel(R) Xeon(R) CPU E5-2689 0 @ 2.60GHz
<2022-06-10 07:44:59.755>: [Info]:   Family: 6, Model: 13, Stepping: 7
<2022-06-10 07:44:59.755>: [Info]:   FPU: On-Chip
<2022-06-10 07:44:59.755>: [Info]:   3DNow!: not present
<2022-06-10 07:44:59.755>: [Info]:   MMX: not present
<2022-06-10 07:44:59.755>: [Info]:   SSE: present
<2022-06-10 07:44:59.755>: [Info]:   SSE2: present
<2022-06-10 07:44:59.755>: [Info]:   SSE3: present
<2022-06-10 07:44:59.755>: [Info]:   Serial number not present or disabled
<2022-06-10 07:44:59.755>: [Info]:  
<2022-06-10 07:44:59.755>: [Info]: Windows 10 64 bit (build 10.0.19043)
<2022-06-10 07:44:59.755>: [Info]: System language: French
<2022-06-10 07:44:59.755>: [Info]: Windows Directory: "C:\WINDOWS"
<2022-06-10 07:44:59.755>: [Info]: Local time is 09:44:59 06/10/22, system running for 1405 minutes
<2022-06-10 07:44:59.755>: [Info]: 16316MB physical memory installed, 9515MB available, 134217727MB virtual memory installed, 41 percent of memory in use
<2022-06-10 07:44:59.756>: [Info]: PageFile usage: 237MB, Working Set: 287MB, Peak PageFile usage: 363MB,
<2022-06-10 07:44:59.756>: [Info]: Current display mode is 78043832, (Unknown graphics card)
<2022-06-10 07:44:59.756>: [Info]: IBM enhanced (101/102-key) keyboard and 5+ button mouse installed
<2022-06-10 07:44:59.756>: [Info]: --------------------------------------------------------------------------------
<2022-06-10 07:44:59.759>: [Info] (AZCore): [System] Stream Engine Initialization
<2022-06-10 07:44:59.760>: [Info]: GameName: New World
<2022-06-10 07:44:59.760>: [Info]: BuildTime: Sat Jun  4 00:49:10 2022

<2022-06-10 07:44:59.760>: [Info] (AZCore): [System] Physics initialization
<2022-06-10 07:44:59.761>: [Info] (AZCore): [System] Renderer initialization
<2022-06-10 07:44:59.765>: [Info]: Logging video adapters:
<2022-06-10 07:45:01.205>: [Info]: - Radeon RX 580 Series (vendor = 0x1002, device = 0x67df)
<2022-06-10 07:45:01.205>: [Info]:   - Adapter index: 0
<2022-06-10 07:45:01.205>: [Info]:   - Dedicated video memory: 8170 MB
<2022-06-10 07:45:01.205>: [Info]:   - Feature level: DX11 (SM 5.0)
<2022-06-10 07:45:01.205>: [Info]:   - Displays connected: yes
<2022-06-10 07:45:01.205>: [Info]:   - Suitable rendering device: yes
<2022-06-10 07:45:01.604>: [Info]: - Microsoft Basic Render Driver (vendor = 0x1414, device = 0x008c)
<2022-06-10 07:45:01.604>: [Info]:   - Adapter index: 1
<2022-06-10 07:45:01.604>: [Info]:   - Dedicated video memory: 0 MB
<2022-06-10 07:45:01.604>: [Info]:   - Feature level: DX11 (SM 5.0)
<2022-06-10 07:45:01.604>: [Info]:   - Displays connected: no
<2022-06-10 07:45:01.604>: [Info]:   - Suitable rendering device: no
<2022-06-10 07:45:03.920>: [Info]: Active GPUs: 1
<2022-06-10 07:45:06.123>: [Info] (AZCore): [Audio] AudioSystem initialized in High Ram mode. Available RAM [16315]MB, LowRam cutoff is [9216]MB
<2022-06-10 07:45:08.268>: [Info] (AZCore): [System] Font initialization
<2022-06-10 07:45:08.269>: [Info]: Using FreeType 2.5.0
<2022-06-10 07:45:30.398>: [Info] (AZCore): [System] Time initialization
<2022-06-10 07:45:30.398>: [Info] (AZCore): [System] Input initialization
<2022-06-10 07:45:30.398>: [Info] (AZCore): [System] UI system initialization
<2022-06-10 07:45:30.399>: [Info] (AZCore): [System] Initializing Animation System
<2022-06-10 07:45:30.399>: [Info] (AZCore): [System] Initializing 3D Engine
<2022-06-10 07:45:30.401>: [Info]: Sky light: Optical lookup tables loaded off disc.
<2022-06-10 07:45:30.402>: [Info] (AZCore): [System] Script System Initialization
<2022-06-10 07:45:30.402>: [Info] (AZCore): [System] Entity system initialization
<2022-06-10 07:45:30.405>: [Info] (AZCore): [System] Initializing additional systems
<2022-06-10 07:45:30.405>: [Info] (AZCore): [System] Dynamic Response System initialization
<2022-06-10 07:45:30.405>: [Info] (AZCore): [System] No Dynamic Response System was loaded from a module, the system will use the NULL DynamicResponseSystem.
<2022-06-10 07:45:30.405>: [Info]: Running machine spec auto detect (64 bit)...
<2022-06-10 07:45:30.405>: [Info]: - Windows 10 64 bit (build 10.0.19043)
<2022-06-10 07:45:30.405>: [Info]: - System memory
<2022-06-10 07:45:30.405>: [Info]: --- 16315 MB
<2022-06-10 07:45:30.405>: [Info]: - Intel(R) Xeon(R) CPU E5-2689 0 @ 2.60GHz
<2022-06-10 07:45:30.405>: [Info]: --- Number of available cores: 8 (out of 8)
<2022-06-10 07:45:30.405>: [Info]: --- Number of logical processors: 16
<2022-06-10 07:45:30.799>: [Info]: - Radeon RX 580 Series (vendor = 0x1002, device = 0x67df)
<2022-06-10 07:45:30.799>: [Info]: --- Dedicated video memory: 8170 MB
<2022-06-10 07:45:30.799>: [Info]: --- Feature level: DX11 (SM 5.0)
<2022-06-10 07:45:30.800>: [Info]: - Final rating: Machine class 2
<2022-06-10 07:45:32.266>: [Info] (AZCore): [System] == Version Info ===============================================================

<2022-06-10 07:45:32.266>: [Info] (AZCore): [System] [RETAIL].Javelin.1.18.555.1694880

<2022-06-10 07:45:32.266>: [Info] (AZCore): [System] ===============================================================================

<2022-06-10 07:45:32.282>: [Info]: Client config override file not found: @assets@/ClientOverride.json
<2022-06-10 07:45:34.692>: [Info] (AZCore): [Game] Steam Initialized!
<2022-06-10 07:45:34.692>: [Info] (AZCore): [Game] Using remote config: true
<2022-06-10 07:45:34.692>: [Info] (AZCore): [Game] Steam Utils obtained? true
<2022-06-10 07:45:34.692>: [Info] (AZCore): [Game] Using Steam App ID: 1063730
<2022-06-10 07:45:34.692>: [Info] (AZCore): [StackConfig] Configuring remote config with bucket ags-javelin-remote-config
<2022-06-10 07:45:34.693>: [Info]: Channel service uri: https://d2c74t4zimux3r.cloudfront.net/STEAM_APP_ID.1063730.json
<2022-06-10 07:45:35.474>: [Info]: Channel name: Retail
<2022-06-10 07:45:35.474>: [Info]: Found cluster data for cluster id: fra-prod
<2022-06-10 07:45:35.474>: [Info]: Display Name: EU Central
<2022-06-10 07:45:35.474>: [Info]: Auth Stack: https://2mfrik7h83.execute-api.us-east-1.amazonaws.com/Prod
<2022-06-10 07:45:35.475>: [Info]: Auth Stack Region: us-east-1
<2022-06-10 07:45:35.475>: [Info]: Gateway Host: u433g9r00c.execute-api.eu-central-1.amazonaws.com
<2022-06-10 07:45:35.475>: [Info]: Gateway Stack: d1w0bfy6smo4d1.cloudfront.net
<2022-06-10 07:45:35.475>: [Info]: Gateway Stack Region: eu-central-1
<2022-06-10 07:45:35.475>: [Info]: Http Gateway Stack: https://d1w0bfy6smo4d1.cloudfront.net/prod
<2022-06-10 07:45:35.475>: [Info]: Http Gateway Stack Region: eu-central-1
<2022-06-10 07:45:35.475>: [Info]: Found cluster data for cluster id: gru-prod
<2022-06-10 07:45:35.475>: [Info]: Display Name: SA East
<2022-06-10 07:45:35.475>: [Info]: Auth Stack: https://kqqt5twsi7.execute-api.us-east-1.amazonaws.com/Prod
<2022-06-10 07:45:35.475>: [Info]: Auth Stack Region: us-east-1
<2022-06-10 07:45:35.475>: [Info]: Gateway Host: j4n6whncmi.execute-api.sa-east-1.amazonaws.com
<2022-06-10 07:45:35.475>: [Info]: Gateway Stack: d1cjlmzk0xrm0z.cloudfront.net
<2022-06-10 07:45:35.475>: [Info]: Gateway Stack Region: sa-east-1
<2022-06-10 07:45:35.475>: [Info]: Http Gateway Stack: https://d1cjlmzk0xrm0z.cloudfront.net/prod
<2022-06-10 07:45:35.475>: [Info]: Http Gateway Stack Region: sa-east-1
<2022-06-10 07:45:35.475>: [Info]: Found cluster data for cluster id: iad-prod
<2022-06-10 07:45:35.475>: [Info]: Display Name: US East
<2022-06-10 07:45:35.475>: [Info]: Auth Stack: https://eudbjx6mig.execute-api.us-east-1.amazonaws.com/Prod
<2022-06-10 07:45:35.475>: [Info]: Auth Stack Region: us-east-1
<2022-06-10 07:45:35.475>: [Info]: Gateway Host: 0prplal5u1.execute-api.us-east-1.amazonaws.com
<2022-06-10 07:45:35.475>: [Info]: Gateway Stack: d2oeuvxi3kfsrw.cloudfront.net
<2022-06-10 07:45:35.475>: [Info]: Gateway Stack Region: us-east-1
<2022-06-10 07:45:35.475>: [Info]: Http Gateway Stack: https://d2oeuvxi3kfsrw.cloudfront.net/prod
<2022-06-10 07:45:35.475>: [Info]: Http Gateway Stack Region: us-east-1
<2022-06-10 07:45:35.475>: [Info]: Found cluster data for cluster id: pdx-prod
<2022-06-10 07:45:35.475>: [Info]: Display Name: US West
<2022-06-10 07:45:35.475>: [Info]: Auth Stack: https://q8hqllbg6k.execute-api.us-east-1.amazonaws.com/Prod
<2022-06-10 07:45:35.475>: [Info]: Auth Stack Region: us-east-1
<2022-06-10 07:45:35.475>: [Info]: Gateway Host: v7irlu1nrl.execute-api.us-west-2.amazonaws.com
<2022-06-10 07:45:35.475>: [Info]: Gateway Stack: d3bj4csovi1fe8.cloudfront.net
<2022-06-10 07:45:35.475>: [Info]: Gateway Stack Region: us-west-2
<2022-06-10 07:45:35.475>: [Info]: Http Gateway Stack: https://d3bj4csovi1fe8.cloudfront.net/prod
<2022-06-10 07:45:35.475>: [Info]: Http Gateway Stack Region: us-west-2
<2022-06-10 07:45:35.475>: [Info]: Found platform metadata for key: ENTITLEMENTS.STEAM_APP_ID.1063730
<2022-06-10 07:45:35.475>: [Info]: Found platform metadata for key: PERSONA.STEAM_APP_ID.1063730
<2022-06-10 07:45:35.475>: [Info]: Found persona role for cluster id: fra-prod - arn:aws:iam::093607389475:role/AgsLiveResources-AllowPersonaAccessRole-1U24RJQDKWS63
<2022-06-10 07:45:35.475>: [Info]: Found persona role for cluster id: fra-qa - arn:aws:iam::544220128841:role/AgsLiveResources-AllowPersonaAccessRole-PSN32B5D8G0L
<2022-06-10 07:45:35.475>: [Info]: Found persona role for cluster id: fra-staging - arn:aws:iam::411585047658:role/AgsLiveResources-AllowPersonaAccessRole-709I6ZY9EAFH
<2022-06-10 07:45:35.475>: [Info]: Found persona role for cluster id: gru-prod - arn:aws:iam::845253724667:role/AgsLiveResources-AllowPersonaAccessRole-SLHVYULH7U5
<2022-06-10 07:45:35.475>: [Info]: Found persona role for cluster id: iad-prod - arn:aws:iam::819349112573:role/AgsLiveResources-AllowPersonaAccessRole-1PHH0BI346X75
<2022-06-10 07:45:35.475>: [Info]: Found persona role for cluster id: iad-staging - arn:aws:iam::910532829260:role/AgsLiveResources-AllowPersonaAccessRole-OXG60NCUXR74
<2022-06-10 07:45:35.475>: [Info]: Found persona role for cluster id: pdx-devo - arn:aws:iam::166847089677:role/AgsLiveResources-AllowPersonaAccessRole-15NKM8MRPA2BX
<2022-06-10 07:45:35.475>: [Info]: Found persona role for cluster id: pdx-prod - arn:aws:iam::458929010575:role/AgsLiveResources-AllowPersonaAccessRole-QYL4I8P12BEA
<2022-06-10 07:45:35.475>: [Info]: Found persona role for cluster id: pdx-qa - arn:aws:iam::379061375310:role/AgsLiveResources-AllowPersonaAccessRole-116SW3GWSL7P1
<2022-06-10 07:45:35.475>: [Info]: Found persona role for cluster id: syd-prod - arn:aws:iam::018141801470:role/AgsLiveResources-AllowPersonaAccessRole-1CPZ9EG8SYMOQ
<2022-06-10 07:45:35.475>: [Info]: Found cluster data for cluster id: syd-prod
<2022-06-10 07:45:35.475>: [Info]: Display Name: AP Southeast
<2022-06-10 07:45:35.475>: [Info]: Auth Stack: https://hhf8nn71vb.execute-api.us-east-1.amazonaws.com/Prod
<2022-06-10 07:45:35.475>: [Info]: Auth Stack Region: us-east-1
<2022-06-10 07:45:35.475>: [Info]: Gateway Host: ep1m9qoir8.execute-api.ap-southeast-2.amazonaws.com
<2022-06-10 07:45:35.475>: [Info]: Gateway Stack: de4mfzk9wkelz.cloudfront.net
<2022-06-10 07:45:35.475>: [Info]: Gateway Stack Region: ap-southeast-2
<2022-06-10 07:45:35.475>: [Info]: Http Gateway Stack: https://de4mfzk9wkelz.cloudfront.net/prod
<2022-06-10 07:45:35.475>: [Info]: Http Gateway Stack Region: ap-southeast-2
<2022-06-10 07:45:41.218>: [Info]: Failure in initializing Fuel::Iap::IapClient: 14
<2022-06-10 07:45:41.219>: [Info] (AZCore): [Game] LogEnvironmentString: ProductId: STEAM_APP_ID.1063730
<2022-06-10 07:45:41.220>: [Info] (AZCore): [Game] LogEnvironmentString: ClusterId: fra-prod
<2022-06-10 07:45:41.223>: [Info] (AZCore): [StackConfig] LayerS3(): layer's "remoteCfg.public.RegionId" S3 key (old: ""), reset to new value: "applications/public/configuration-sets/RegionId/fra-prod/versionless"
<2022-06-10 07:45:41.223>: [Info] (AZCore): [StackConfig] LayerS3(): layer's "remoteCfg.public.RegionIdv" S3 key (old: ""), reset to new value: "applications/public/configuration-sets/RegionId/fra-prod/555;1694880"
<2022-06-10 07:45:41.223>: [Info] (AZCore): [StackConfig] LayerS3(): layer's "remoteCfg.public.CognitoId" S3 key (old: ""), reset to new value: "applications/public/configuration-sets/CognitoId/us-east-1:0de93f7c-814e-4d48-a8fd-b6efc2f9ed93/versionless"
<2022-06-10 07:45:41.223>: [Info] (AZCore): [StackConfig] LayerS3(): layer's "remoteCfg.public.CognitoIdv" S3 key (old: ""), reset to new value: "applications/public/configuration-sets/CognitoId/us-east-1:0de93f7c-814e-4d48-a8fd-b6efc2f9ed93/555;1694880"
<2022-06-10 07:45:41.223>: [Info] (AZCore): [StackConfig] LayerS3(): layer's "remoteCfg.publicGameplay.RegionId" S3 key (old: ""), reset to new value: "applications/publicGameplay/configuration-sets/RegionId/fra-prod/versionless"
<2022-06-10 07:45:41.223>: [Info] (AZCore): [StackConfig] LayerS3(): layer's "remoteCfg.publicGameplay.RegionIdv" S3 key (old: ""), reset to new value: "applications/publicGameplay/configuration-sets/RegionId/fra-prod/555;1694880"
<2022-06-10 07:45:41.223>: [Info] (AZCore): [StackConfig] LayerS3(): layer's "remoteCfg.publicGameplay.CognitoId" S3 key (old: ""), reset to new value: "applications/publicGameplay/configuration-sets/CognitoId/us-east-1:0de93f7c-814e-4d48-a8fd-b6efc2f9ed93/versionless"
<2022-06-10 07:45:41.223>: [Info] (AZCore): [StackConfig] LayerS3(): layer's "remoteCfg.publicGameplay.CognitoIdv" S3 key (old: ""), reset to new value: "applications/publicGameplay/configuration-sets/CognitoId/us-east-1:0de93f7c-814e-4d48-a8fd-b6efc2f9ed93/555;1694880"
<2022-06-10 07:45:41.223>: [Info] (AZCore): [AuthManager] Initializing Steam Auth Manager.
<2022-06-10 07:45:41.223>: [Info] (AZCore): [SteamAuth] Initializing Persona.
<2022-06-10 07:45:41.268>: [Info]: [EasyAntiCheat] Initializing EAC game client module...
<2022-06-10 07:45:41.302>: [Info]: [EasyAntiCheat] ...EAC game client module initialized successfully.
<2022-06-10 07:45:42.544>: [Info]: Initializing default materials...
<2022-06-10 07:45:42.544>: [Info]: Initializing default footstep material...
<2022-06-10 07:45:43.108>: [Info] (AZCore): [streamingGDEManager] Initialize()
<2022-06-10 07:45:43.108>: [Info] (AZCore): [AsyncMapUnload] No previous level to unload, so not starting async.  Just loading this map now: ("frontendv2")
<2022-06-10 07:45:43.108>: [Info]: ============================ Loading level frontendv2 ============================
<2022-06-10 07:45:52.173>: [Info]: CGame::InitCoatlicueTerrain
<2022-06-10 07:45:52.194>: [Info] (AZCore): [Game] 0x441F4C03(user) attempting sign-in.
<2022-06-10 07:45:52.194>: [Info] (AZCore): [Game] LogEnvironmentString: Auth Mode: user
<2022-06-10 07:45:52.194>: [Info] (AZCore): [SteamAuth] Attempting to log in to Steam
<2022-06-10 07:45:52.194>: [Info] (AZCore): [SteamAuth] Getting steam auth session ticket.
<2022-06-10 07:45:52.568>: [Info] (AZCore): [SteamAuth] OnAuthSessionTicket: Authenticating using steam auth session ticket: 4
<2022-06-10 07:45:52.572>: [Info] (AZCore): [SteamAuth] CreateSteamSessionJob: Calling Persona to create steam session
<2022-06-10 07:45:53.645>: [Info] (AZCore): [SteamAuth] OnCreatedSessionSteam: Creating session for persona id: amzn1.developerPersonaId.02e9f3b7-55e1-865a-9031-570ce6f27a49.
<2022-06-10 07:45:53.645>: [Info] (AZCore): [SteamAuth] Calling Http API: https://d1w0bfy6smo4d1.cloudfront.net/prod/credentials
<2022-06-10 07:45:54.148>: [Info] (AZCore): [AuthStackCredentialsProvider] Successfully refreshed gateway AWS credentials, next attempt will start after 2022-06-10T08:40:52Z
<2022-06-10 07:45:54.148>: [Info] (AZCore): [AuthStackCredentialsProvider] Successfully refreshed persona AWS credentials, next attempt will start after 2022-06-10T08:40:52Z
<2022-06-10 07:45:54.165>: [Info] (AZCore): [Game] CGame::OnCampfireLoginComplete, login successful. ownership=permanent
<2022-06-10 07:45:54.165>: [Info] (AZCore): [Game] LogEnvironmentString: Gateway Signing Host: u433g9r00c.execute-api.eu-central-1.amazonaws.com
<2022-06-10 07:45:54.165>: [Info] (AZCore): [Game] LogEnvironmentString: Gateway Address: d1w0bfy6smo4d1.cloudfront.net
<2022-06-10 07:45:54.165>: [Info] (AZCore): [Game] LogEnvironmentString: HTTP Gateway Address: https://d1w0bfy6smo4d1.cloudfront.net/prod
<2022-06-10 07:45:54.165>: [Info] (AZCore): [Game] LogEnvironmentString: Gateway Mode: gateway
<2022-06-10 07:45:54.165>: [Info] (AZCore): [GameConnection] ConfigureLogin MODE_GATEWAY: endpoint=d1w0bfy6smo4d1.cloudfront.net, httpEntpoint=https://d1w0bfy6smo4d1.cloudfront.net/prod, region=eu-central-1
<2022-06-10 07:45:54.172>: [Info] (AZCore): [StackConfig] LayerS3(): layer's "remoteCfg.public.ProductId" S3 key (old: ""), reset to new value: "applications/public/configuration-sets/ProductId/STEAM_APP_ID.1063730/versionless"
<2022-06-10 07:45:54.172>: [Info] (AZCore): [StackConfig] Querying "remoteCfg.public.ProductId" remote config. S3 key: "applications/public/configuration-sets/ProductId/STEAM_APP_ID.1063730/versionless"
<2022-06-10 07:45:54.665>: [Info] (AZCore): [StackConfig] Retrieved layer's "remoteCfg.public.ProductId" remote config, with S3 key: "applications/public/configuration-sets/ProductId/STEAM_APP_ID.1063730/versionless" successfully, size: 339

<2022-06-10 07:45:54.668>: [Info] (AZCore): [StackConfig] LayerS3(): layer's "remoteCfg.public.ProductIdv" S3 key (old: ""), reset to new value: "applications/public/configuration-sets/ProductId/STEAM_APP_ID.1063730/555;1694880"
<2022-06-10 07:45:54.668>: [Info] (AZCore): [StackConfig] Querying "remoteCfg.public.ProductIdv" remote config. S3 key: "applications/public/configuration-sets/ProductId/STEAM_APP_ID.1063730/555;1694880"
<2022-06-10 07:45:54.776>: [Info] (AZCore): [StackConfig] LayerS3(): layer's "remoteCfg.public.RegionId" S3 key (old: "applications/public/configuration-sets/RegionId/fra-prod/versionless"), reset to new value: "applications/public/configuration-sets/RegionId/fra-prod/versionless"
<2022-06-10 07:45:54.776>: [Info] (AZCore): [StackConfig] Querying "remoteCfg.public.RegionId" remote config. S3 key: "applications/public/configuration-sets/RegionId/fra-prod/versionless"
<2022-06-10 07:45:54.889>: [Info] (AZCore): [StackConfig] Retrieved layer's "remoteCfg.public.RegionId" remote config, with S3 key: "applications/public/configuration-sets/RegionId/fra-prod/versionless" successfully, size: 246

<2022-06-10 07:45:54.893>: [Info] (AZCore): [StackConfig] LayerS3(): layer's "remoteCfg.public.RegionIdv" S3 key (old: "applications/public/configuration-sets/RegionId/fra-prod/555;1694880"), reset to new value: "applications/public/configuration-sets/RegionId/fra-prod/555;1694880"
<2022-06-10 07:45:54.893>: [Info] (AZCore): [StackConfig] Querying "remoteCfg.public.RegionIdv" remote config. S3 key: "applications/public/configuration-sets/RegionId/fra-prod/555;1694880"
<2022-06-10 07:45:55.005>: [Info] (AZCore): [StackConfig] LayerS3(): layer's "remoteCfg.publicGameplay.ProductId" S3 key (old: ""), reset to new value: "applications/publicGameplay/configuration-sets/ProductId/STEAM_APP_ID.1063730/versionless"
<2022-06-10 07:45:55.005>: [Info] (AZCore): [StackConfig] Querying "remoteCfg.publicGameplay.ProductId" remote config. S3 key: "applications/publicGameplay/configuration-sets/ProductId/STEAM_APP_ID.1063730/versionless"
<2022-06-10 07:45:55.118>: [Info] (AZCore): [StackConfig] Retrieved layer's "remoteCfg.publicGameplay.ProductId" remote config, with S3 key: "applications/publicGameplay/configuration-sets/ProductId/STEAM_APP_ID.1063730/versionless" successfully, size: 736

<2022-06-10 07:45:55.122>: [Info] (AZCore): [StackConfig] LayerS3(): layer's "remoteCfg.publicGameplay.ProductIdv" S3 key (old: ""), reset to new value: "applications/publicGameplay/configuration-sets/ProductId/STEAM_APP_ID.1063730/555;1694880"
<2022-06-10 07:45:55.122>: [Info] (AZCore): [StackConfig] Querying "remoteCfg.publicGameplay.ProductIdv" remote config. S3 key: "applications/publicGameplay/configuration-sets/ProductId/STEAM_APP_ID.1063730/555;1694880"
<2022-06-10 07:45:55.230>: [Info] (AZCore): [StackConfig] LayerS3(): layer's "remoteCfg.publicGameplay.RegionId" S3 key (old: "applications/publicGameplay/configuration-sets/RegionId/fra-prod/versionless"), reset to new value: "applications/publicGameplay/configuration-sets/RegionId/fra-prod/versionless"
<2022-06-10 07:45:55.230>: [Info] (AZCore): [StackConfig] Querying "remoteCfg.publicGameplay.RegionId" remote config. S3 key: "applications/publicGameplay/configuration-sets/RegionId/fra-prod/versionless"
<2022-06-10 07:45:55.341>: [Info] (AZCore): [StackConfig] Retrieved layer's "remoteCfg.publicGameplay.RegionId" remote config, with S3 key: "applications/publicGameplay/configuration-sets/RegionId/fra-prod/versionless" successfully, size: 137

<2022-06-10 07:45:55.345>: [Info] (AZCore): [StackConfig] LayerS3(): layer's "remoteCfg.publicGameplay.RegionIdv" S3 key (old: "applications/publicGameplay/configuration-sets/RegionId/fra-prod/555;1694880"), reset to new value: "applications/publicGameplay/configuration-sets/RegionId/fra-prod/555;1694880"
<2022-06-10 07:45:55.345>: [Info] (AZCore): [StackConfig] Querying "remoteCfg.publicGameplay.RegionIdv" remote config. S3 key: "applications/publicGameplay/configuration-sets/RegionId/fra-prod/555;1694880"
<2022-06-10 07:45:55.954>: [Info] (AZCore): [Game] LogEnvironmentString: Persona ID: amzn1.developerPersonaId.02e9f3b7-55e1-865a-9031-570ce6f27a49
<2022-06-10 07:45:56.276>: [Info]: 
<2022-06-10 07:45:56.278>: [Info]: Total number of logical processors: 16
<2022-06-10 07:45:56.278>: [Info]: Number of available logical processors: 16
<2022-06-10 07:45:56.278>: [Info]: Total number of system cores: 8
<2022-06-10 07:45:56.278>: [Info]: Number of cores available to process: 8
<2022-06-10 07:45:56.278>: [Info]:  
<2022-06-10 07:45:56.278>: [Info]: Processor 0:
<2022-06-10 07:45:56.278>: [Info]:   CPU: Intel        Intel(R) Xeon(R) CPU E5-2689 0 @ 2.60GHz
<2022-06-10 07:45:56.278>: [Info]:   Family: 6, Model: 13, Stepping: 7
<2022-06-10 07:45:56.278>: [Info]:   FPU: On-Chip
<2022-06-10 07:45:56.278>: [Info]:   3DNow!: not present
<2022-06-10 07:45:56.278>: [Info]:   MMX: not present
<2022-06-10 07:45:56.278>: [Info]:   SSE: present
<2022-06-10 07:45:56.278>: [Info]:   SSE2: present
<2022-06-10 07:45:56.278>: [Info]:   SSE3: present
<2022-06-10 07:45:56.278>: [Info]:   Serial number not present or disabled
<2022-06-10 07:45:56.278>: [Info]:  
<2022-06-10 07:45:56.278>: [Info]: Processor 1:
<2022-06-10 07:45:56.278>: [Info]:   CPU: Intel        Intel(R) Xeon(R) CPU E5-2689 0 @ 2.60GHz
<2022-06-10 07:45:56.278>: [Info]:   Family: 6, Model: 13, Stepping: 7
<2022-06-10 07:45:56.278>: [Info]:   FPU: On-Chip
<2022-06-10 07:45:56.278>: [Info]:   3DNow!: not present
<2022-06-10 07:45:56.278>: [Info]:   MMX: not present
<2022-06-10 07:45:56.278>: [Info]:   SSE: present
<2022-06-10 07:45:56.278>: [Info]:   SSE2: present
<2022-06-10 07:45:56.278>: [Info]:   SSE3: present
<2022-06-10 07:45:56.278>: [Info]:   Serial number not present or disabled
<2022-06-10 07:45:56.278>: [Info]:  
<2022-06-10 07:45:56.278>: [Info]: Processor 2:
<2022-06-10 07:45:56.278>: [Info]:   CPU: Intel        Intel(R) Xeon(R) CPU E5-2689 0 @ 2.60GHz
<2022-06-10 07:45:56.278>: [Info]:   Family: 6, Model: 13, Stepping: 7
<2022-06-10 07:45:56.278>: [Info]:   FPU: On-Chip
<2022-06-10 07:45:56.278>: [Info]:   3DNow!: not present
<2022-06-10 07:45:56.278>: [Info]:   MMX: not present
<2022-06-10 07:45:56.278>: [Info]:   SSE: present
<2022-06-10 07:45:56.278>: [Info]:   SSE2: present
<2022-06-10 07:45:56.278>: [Info]:   SSE3: present
<2022-06-10 07:45:56.278>: [Info]:   Serial number not present or disabled
<2022-06-10 07:45:56.278>: [Info]:  
<2022-06-10 07:45:56.278>: [Info]: Processor 3:
<2022-06-10 07:45:56.278>: [Info]:   CPU: Intel        Intel(R) Xeon(R) CPU E5-2689 0 @ 2.60GHz
<2022-06-10 07:45:56.278>: [Info]:   Family: 6, Model: 13, Stepping: 7
<2022-06-10 07:45:56.278>: [Info]:   FPU: On-Chip
<2022-06-10 07:45:56.278>: [Info]:   3DNow!: not present
<2022-06-10 07:45:56.278>: [Info]:   MMX: not present
<2022-06-10 07:45:56.278>: [Info]:   SSE: present
<2022-06-10 07:45:56.278>: [Info]:   SSE2: present
<2022-06-10 07:45:56.278>: [Info]:   SSE3: present
<2022-06-10 07:45:56.278>: [Info]:   Serial number not present or disabled
<2022-06-10 07:45:56.278>: [Info]:  
<2022-06-10 07:45:56.278>: [Info]: Processor 4:
<2022-06-10 07:45:56.278>: [Info]:   CPU: Intel        Intel(R) Xeon(R) CPU E5-2689 0 @ 2.60GHz
<2022-06-10 07:45:56.278>: [Info]:   Family: 6, Model: 13, Stepping: 7
<2022-06-10 07:45:56.278>: [Info]:   FPU: On-Chip
<2022-06-10 07:45:56.278>: [Info]:   3DNow!: not present
<2022-06-10 07:45:56.278>: [Info]:   MMX: not present
<2022-06-10 07:45:56.278>: [Info]:   SSE: present
<2022-06-10 07:45:56.278>: [Info]:   SSE2: present
<2022-06-10 07:45:56.278>: [Info]:   SSE3: present
<2022-06-10 07:45:56.278>: [Info]:   Serial number not present or disabled
<2022-06-10 07:45:56.278>: [Info]:  
<2022-06-10 07:45:56.278>: [Info]: Processor 5:
<2022-06-10 07:45:56.278>: [Info]:   CPU: Intel        Intel(R) Xeon(R) CPU E5-2689 0 @ 2.60GHz
<2022-06-10 07:45:56.278>: [Info]:   Family: 6, Model: 13, Stepping: 7
<2022-06-10 07:45:56.278>: [Info]:   FPU: On-Chip
<2022-06-10 07:45:56.278>: [Info]:   3DNow!: not present
<2022-06-10 07:45:56.278>: [Info]:   MMX: not present
<2022-06-10 07:45:56.278>: [Info]:   SSE: present
<2022-06-10 07:45:56.278>: [Info]:   SSE2: present
<2022-06-10 07:45:56.278>: [Info]:   SSE3: present
<2022-06-10 07:45:56.278>: [Info]:   Serial number not present or disabled
<2022-06-10 07:45:56.278>: [Info]:  
<2022-06-10 07:45:56.278>: [Info]: Processor 6:
<2022-06-10 07:45:56.278>: [Info]:   CPU: Intel        Intel(R) Xeon(R) CPU E5-2689 0 @ 2.60GHz
<2022-06-10 07:45:56.278>: [Info]:   Family: 6, Model: 13, Stepping: 7
<2022-06-10 07:45:56.278>: [Info]:   FPU: On-Chip
<2022-06-10 07:45:56.278>: [Info]:   3DNow!: not present
<2022-06-10 07:45:56.278>: [Info]:   MMX: not present
<2022-06-10 07:45:56.278>: [Info]:   SSE: present
<2022-06-10 07:45:56.278>: [Info]:   SSE2: present
<2022-06-10 07:45:56.278>: [Info]:   SSE3: present
<2022-06-10 07:45:56.278>: [Info]:   Serial number not present or disabled
<2022-06-10 07:45:56.278>: [Info]:  
<2022-06-10 07:45:56.278>: [Info]: Processor 7:
<2022-06-10 07:45:56.278>: [Info]:   CPU: Intel        Intel(R) Xeon(R) CPU E5-2689 0 @ 2.60GHz
<2022-06-10 07:45:56.278>: [Info]:   Family: 6, Model: 13, Stepping: 7
<2022-06-10 07:45:56.278>: [Info]:   FPU: On-Chip
<2022-06-10 07:45:56.278>: [Info]:   3DNow!: not present
<2022-06-10 07:45:56.278>: [Info]:   MMX: not present
<2022-06-10 07:45:56.278>: [Info]:   SSE: present
<2022-06-10 07:45:56.278>: [Info]:   SSE2: present
<2022-06-10 07:45:56.278>: [Info]:   SSE3: present
<2022-06-10 07:45:56.278>: [Info]:   Serial number not present or disabled
<2022-06-10 07:45:56.278>: [Info]:  
<2022-06-10 07:45:56.278>: [Info]: Change detected in analytics configuration. Re-instantiating network traffic reporter
<2022-06-10 08:30:05.362>: [Info] (AZCore): [SteamAuth] EndSessionJob: Calling Persona to end session
<2022-06-10 08:30:05.856>: [Info] (AZCore): [SteamAuth] Persona EndSession called successfully
<2022-06-10 08:30:05.856>: [Info] (AZCore): [Game] CGame::ActorContainerDisconnect
<2022-06-10 08:30:05.856>: [Info]: CSystem::Quit invoked from thread 8824 (main is 8824)
<2022-06-10 08:30:05.856>: [Info] (AZCore): [Game] CGame::ActorContainerDisconnect
