<2021-10-04 16:59:32.291>: [Info]: BackupNameAttachment=" Build(1436282) 04 Oct 21 (18 59 32)"  -- used by backup system

<2021-10-04 16:59:32.291>: [Info]: Log Started at local time Mon Oct  4 18:59:32 2021
<2021-10-04 16:59:32.292>: [Info]: Built on Wed Sep 29 05:36:35 2021

<2021-10-04 16:59:32.292>: [Info]: Running 64 bit Windows version
<2021-10-04 16:59:32.292>: [Info]: Executable: NewWorld.exe [AZ_RETAIL_CONFIG]
<2021-10-04 16:59:32.292>: [Info]: FileVersion: 1.9.220.1436282
<2021-10-04 16:59:32.292>: [Info]: ProductVersion: 1.9.220.1436282
<2021-10-04 16:59:32.292>: [Info]: Using Microsoft (tm) C++ Standard Library implementation

<2021-10-04 16:59:32.295>: [Info] (AZCore): [System] Loading system configuration from system_windows_pc.cfg...
<2021-10-04 16:59:32.295>: [Info] (AZCore): [System] GameDir: Assets

<2021-10-04 16:59:33.161>: [Info]: 
<2021-10-04 16:59:33.162>: [Info]: Total number of logical processors: 16
<2021-10-04 16:59:33.162>: [Info]: Number of available logical processors: 16
<2021-10-04 16:59:33.162>: [Info]: Total number of system cores: 8
<2021-10-04 16:59:33.162>: [Info]: Number of cores available to process: 8
<2021-10-04 16:59:33.162>: [Info]:  
<2021-10-04 16:59:33.162>: [Info]: Processor 0:
<2021-10-04 16:59:33.162>: [Info]:   CPU: Intel        Intel(R) Xeon(R) CPU E5-2689 0 @ 2.60GHz
<2021-10-04 16:59:33.162>: [Info]:   Family: 6, Model: 13, Stepping: 7
<2021-10-04 16:59:33.162>: [Info]:   FPU: On-Chip
<2021-10-04 16:59:33.162>: [Info]:   3DNow!: not present
<2021-10-04 16:59:33.162>: [Info]:   MMX: not present
<2021-10-04 16:59:33.162>: [Info]:   SSE: present
<2021-10-04 16:59:33.162>: [Info]:   SSE2: present
<2021-10-04 16:59:33.162>: [Info]:   SSE3: present
<2021-10-04 16:59:33.162>: [Info]:   Serial number not present or disabled
<2021-10-04 16:59:33.162>: [Info]:  
<2021-10-04 16:59:33.162>: [Info]: Processor 1:
<2021-10-04 16:59:33.162>: [Info]:   CPU: Intel        Intel(R) Xeon(R) CPU E5-2689 0 @ 2.60GHz
<2021-10-04 16:59:33.162>: [Info]:   Family: 6, Model: 13, Stepping: 7
<2021-10-04 16:59:33.162>: [Info]:   FPU: On-Chip
<2021-10-04 16:59:33.162>: [Info]:   3DNow!: not present
<2021-10-04 16:59:33.162>: [Info]:   MMX: not present
<2021-10-04 16:59:33.162>: [Info]:   SSE: present
<2021-10-04 16:59:33.162>: [Info]:   SSE2: present
<2021-10-04 16:59:33.162>: [Info]:   SSE3: present
<2021-10-04 16:59:33.162>: [Info]:   Serial number not present or disabled
<2021-10-04 16:59:33.162>: [Info]:  
<2021-10-04 16:59:33.162>: [Info]: Processor 2:
<2021-10-04 16:59:33.162>: [Info]:   CPU: Intel        Intel(R) Xeon(R) CPU E5-2689 0 @ 2.60GHz
<2021-10-04 16:59:33.162>: [Info]:   Family: 6, Model: 13, Stepping: 7
<2021-10-04 16:59:33.162>: [Info]:   FPU: On-Chip
<2021-10-04 16:59:33.162>: [Info]:   3DNow!: not present
<2021-10-04 16:59:33.162>: [Info]:   MMX: not present
<2021-10-04 16:59:33.162>: [Info]:   SSE: present
<2021-10-04 16:59:33.162>: [Info]:   SSE2: present
<2021-10-04 16:59:33.162>: [Info]:   SSE3: present
<2021-10-04 16:59:33.162>: [Info]:   Serial number not present or disabled
<2021-10-04 16:59:33.162>: [Info]:  
<2021-10-04 16:59:33.162>: [Info]: Processor 3:
<2021-10-04 16:59:33.162>: [Info]:   CPU: Intel        Intel(R) Xeon(R) CPU E5-2689 0 @ 2.60GHz
<2021-10-04 16:59:33.162>: [Info]:   Family: 6, Model: 13, Stepping: 7
<2021-10-04 16:59:33.162>: [Info]:   FPU: On-Chip
<2021-10-04 16:59:33.162>: [Info]:   3DNow!: not present
<2021-10-04 16:59:33.162>: [Info]:   MMX: not present
<2021-10-04 16:59:33.162>: [Info]:   SSE: present
<2021-10-04 16:59:33.162>: [Info]:   SSE2: present
<2021-10-04 16:59:33.162>: [Info]:   SSE3: present
<2021-10-04 16:59:33.162>: [Info]:   Serial number not present or disabled
<2021-10-04 16:59:33.162>: [Info]:  
<2021-10-04 16:59:33.162>: [Info]: Processor 4:
<2021-10-04 16:59:33.162>: [Info]:   CPU: Intel        Intel(R) Xeon(R) CPU E5-2689 0 @ 2.60GHz
<2021-10-04 16:59:33.162>: [Info]:   Family: 6, Model: 13, Stepping: 7
<2021-10-04 16:59:33.162>: [Info]:   FPU: On-Chip
<2021-10-04 16:59:33.162>: [Info]:   3DNow!: not present
<2021-10-04 16:59:33.162>: [Info]:   MMX: not present
<2021-10-04 16:59:33.162>: [Info]:   SSE: present
<2021-10-04 16:59:33.162>: [Info]:   SSE2: present
<2021-10-04 16:59:33.162>: [Info]:   SSE3: present
<2021-10-04 16:59:33.162>: [Info]:   Serial number not present or disabled
<2021-10-04 16:59:33.162>: [Info]:  
<2021-10-04 16:59:33.162>: [Info]: Processor 5:
<2021-10-04 16:59:33.162>: [Info]:   CPU: Intel        Intel(R) Xeon(R) CPU E5-2689 0 @ 2.60GHz
<2021-10-04 16:59:33.162>: [Info]:   Family: 6, Model: 13, Stepping: 7
<2021-10-04 16:59:33.162>: [Info]:   FPU: On-Chip
<2021-10-04 16:59:33.162>: [Info]:   3DNow!: not present
<2021-10-04 16:59:33.162>: [Info]:   MMX: not present
<2021-10-04 16:59:33.162>: [Info]:   SSE: present
<2021-10-04 16:59:33.162>: [Info]:   SSE2: present
<2021-10-04 16:59:33.162>: [Info]:   SSE3: present
<2021-10-04 16:59:33.162>: [Info]:   Serial number not present or disabled
<2021-10-04 16:59:33.162>: [Info]:  
<2021-10-04 16:59:33.162>: [Info]: Processor 6:
<2021-10-04 16:59:33.162>: [Info]:   CPU: Intel        Intel(R) Xeon(R) CPU E5-2689 0 @ 2.60GHz
<2021-10-04 16:59:33.162>: [Info]:   Family: 6, Model: 13, Stepping: 7
<2021-10-04 16:59:33.162>: [Info]:   FPU: On-Chip
<2021-10-04 16:59:33.162>: [Info]:   3DNow!: not present
<2021-10-04 16:59:33.162>: [Info]:   MMX: not present
<2021-10-04 16:59:33.162>: [Info]:   SSE: present
<2021-10-04 16:59:33.162>: [Info]:   SSE2: present
<2021-10-04 16:59:33.162>: [Info]:   SSE3: present
<2021-10-04 16:59:33.162>: [Info]:   Serial number not present or disabled
<2021-10-04 16:59:33.162>: [Info]:  
<2021-10-04 16:59:33.162>: [Info]: Processor 7:
<2021-10-04 16:59:33.162>: [Info]:   CPU: Intel        Intel(R) Xeon(R) CPU E5-2689 0 @ 2.60GHz
<2021-10-04 16:59:33.162>: [Info]:   Family: 6, Model: 13, Stepping: 7
<2021-10-04 16:59:33.162>: [Info]:   FPU: On-Chip
<2021-10-04 16:59:33.162>: [Info]:   3DNow!: not present
<2021-10-04 16:59:33.162>: [Info]:   MMX: not present
<2021-10-04 16:59:33.162>: [Info]:   SSE: present
<2021-10-04 16:59:33.162>: [Info]:   SSE2: present
<2021-10-04 16:59:33.162>: [Info]:   SSE3: present
<2021-10-04 16:59:33.162>: [Info]:   Serial number not present or disabled
<2021-10-04 16:59:33.162>: [Info]:  
<2021-10-04 16:59:33.162>: [Info]: Windows 10 64 bit (build 10.0.19041)
<2021-10-04 16:59:33.162>: [Info]: System language: French
<2021-10-04 16:59:33.162>: [Info]: Windows Directory: "C:\WINDOWS"
<2021-10-04 16:59:33.162>: [Info]: Local time is 18:59:33 10/04/21, system running for 1880 minutes
<2021-10-04 16:59:33.162>: [Info]: 16316MB physical memory installed, 7711MB available, 134217727MB virtual memory installed, 52 percent of memory in use
<2021-10-04 16:59:33.163>: [Info]: PageFile usage: 144MB, Working Set: 197MB, Peak PageFile usage: 325MB,
<2021-10-04 16:59:33.164>: [Info]: Current display mode is 78043832, (Unknown graphics card)
<2021-10-04 16:59:33.164>: [Info]: IBM enhanced (101/102-key) keyboard and 5+ button mouse installed
<2021-10-04 16:59:33.164>: [Info]: --------------------------------------------------------------------------------
<2021-10-04 16:59:33.166>: [Info] (AZCore): [System] Stream Engine Initialization
<2021-10-04 16:59:33.167>: [Info]: GameName: New World
<2021-10-04 16:59:33.167>: [Info]: BuildTime: Wed Sep 29 05:36:35 2021

<2021-10-04 16:59:33.167>: [Info] (AZCore): [System] Physics initialization
<2021-10-04 16:59:33.167>: [Info] (AZCore): [System] Renderer initialization
<2021-10-04 16:59:33.170>: [Info]: Logging video adapters:
<2021-10-04 16:59:34.222>: [Info]: - Radeon RX 580 Series (vendor = 0x1002, device = 0x67df)
<2021-10-04 16:59:34.222>: [Info]:   - Adapter index: 0
<2021-10-04 16:59:34.222>: [Info]:   - Dedicated video memory: 8171 MB
<2021-10-04 16:59:34.222>: [Info]:   - Feature level: DX11 (SM 5.0)
<2021-10-04 16:59:34.222>: [Info]:   - Displays connected: yes
<2021-10-04 16:59:34.222>: [Info]:   - Suitable rendering device: yes
<2021-10-04 16:59:34.608>: [Info]: - Microsoft Basic Render Driver (vendor = 0x1414, device = 0x008c)
<2021-10-04 16:59:34.608>: [Info]:   - Adapter index: 1
<2021-10-04 16:59:34.608>: [Info]:   - Dedicated video memory: 0 MB
<2021-10-04 16:59:34.608>: [Info]:   - Feature level: DX11 (SM 5.0)
<2021-10-04 16:59:34.608>: [Info]:   - Displays connected: no
<2021-10-04 16:59:34.608>: [Info]:   - Suitable rendering device: no
<2021-10-04 16:59:36.470>: [Info]: Active GPUs: 1
<2021-10-04 16:59:37.952>: [Info] (AZCore): [Audio] AudioSystem initialized in High Ram mode. Available RAM [16315]MB, LowRam cutoff is [9216]MB
<2021-10-04 16:59:40.115>: [Info] (AZCore): [System] Font initialization
<2021-10-04 16:59:40.116>: [Info]: Using FreeType 2.5.0
<2021-10-04 17:00:01.446>: [Info] (AZCore): [System] Time initialization
<2021-10-04 17:00:01.446>: [Info] (AZCore): [System] Input initialization
<2021-10-04 17:00:01.447>: [Info] (AZCore): [System] UI system initialization
<2021-10-04 17:00:01.447>: [Info] (AZCore): [System] Initializing Animation System
<2021-10-04 17:00:01.447>: [Info] (AZCore): [System] Initializing 3D Engine
<2021-10-04 17:00:01.449>: [Info]: Sky light: Optical lookup tables loaded off disc.
<2021-10-04 17:00:01.449>: [Info] (AZCore): [System] Script System Initialization
<2021-10-04 17:00:01.449>: [Info] (AZCore): [System] Entity system initialization
<2021-10-04 17:00:01.452>: [Info] (AZCore): [System] Initializing additional systems
<2021-10-04 17:00:01.452>: [Info] (AZCore): [System] Dynamic Response System initialization
<2021-10-04 17:00:01.452>: [Info] (AZCore): [System] No Dynamic Response System was loaded from a module, the system will use the NULL DynamicResponseSystem.
<2021-10-04 17:00:01.452>: [Info]: LmbrAWS system initialization
<2021-10-04 17:00:01.452>: [Info]: Running machine spec auto detect (64 bit)...
<2021-10-04 17:00:01.452>: [Info]: - Windows 10 64 bit (build 10.0.19041)
<2021-10-04 17:00:01.452>: [Info]: - System memory
<2021-10-04 17:00:01.452>: [Info]: --- 16315 MB
<2021-10-04 17:00:01.452>: [Info]: - Intel(R) Xeon(R) CPU E5-2689 0 @ 2.60GHz
<2021-10-04 17:00:01.452>: [Info]: --- Number of available cores: 8 (out of 8)
<2021-10-04 17:00:01.452>: [Info]: --- Number of logical processors: 16
<2021-10-04 17:00:01.782>: [Info]: - Radeon RX 580 Series (vendor = 0x1002, device = 0x67df)
<2021-10-04 17:00:01.782>: [Info]: --- Dedicated video memory: 8171 MB
<2021-10-04 17:00:01.782>: [Info]: --- Feature level: DX11 (SM 5.0)
<2021-10-04 17:00:01.783>: [Info]: - Final rating: Machine class 2
<2021-10-04 17:00:08.526>: [Info] (AZCore): [System] == Version Info ===============================================================

<2021-10-04 17:00:08.526>: [Info] (AZCore): [System] [RETAIL].Javelin.1.9.220.1436282

<2021-10-04 17:00:08.526>: [Info] (AZCore): [System] ===============================================================================

<2021-10-04 17:00:08.542>: [Info]: Client config override file not found: @assets@/ClientOverride.json
<2021-10-04 17:00:10.598>: [Info] (AZCore): [Game] Steam Initialized!
<2021-10-04 17:00:10.598>: [Info] (AZCore): [Game] Using remote config: true
<2021-10-04 17:00:10.599>: [Info] (AZCore): [Game] Steam Utils obtained? true
<2021-10-04 17:00:10.599>: [Info] (AZCore): [Game] Using Steam App ID: 1063730
<2021-10-04 17:00:10.599>: [Info]: Channel service uri: https://d2c74t4zimux3r.cloudfront.net/STEAM_APP_ID.1063730.json
<2021-10-04 17:00:11.264>: [Info]: Channel name: Retail
<2021-10-04 17:00:11.264>: [Info]: Found cluster data for cluster id: fra-prod
<2021-10-04 17:00:11.264>: [Info]: Display Name: EU Central
<2021-10-04 17:00:11.264>: [Info]: Auth Stack: https://2mfrik7h83.execute-api.us-east-1.amazonaws.com/Prod
<2021-10-04 17:00:11.264>: [Info]: Auth Stack Region: us-east-1
<2021-10-04 17:00:11.264>: [Info]: Gateway Host: u433g9r00c.execute-api.eu-central-1.amazonaws.com
<2021-10-04 17:00:11.264>: [Info]: Gateway Stack: d1w0bfy6smo4d1.cloudfront.net
<2021-10-04 17:00:11.264>: [Info]: Gateway Stack Region: eu-central-1
<2021-10-04 17:00:11.264>: [Info]: Http Gateway Stack: https://d1w0bfy6smo4d1.cloudfront.net/prod
<2021-10-04 17:00:11.264>: [Info]: Http Gateway Stack Region: eu-central-1
<2021-10-04 17:00:11.264>: [Info]: Found cluster data for cluster id: gru-prod
<2021-10-04 17:00:11.264>: [Info]: Display Name: SA East
<2021-10-04 17:00:11.264>: [Info]: Auth Stack: https://kqqt5twsi7.execute-api.us-east-1.amazonaws.com/Prod
<2021-10-04 17:00:11.264>: [Info]: Auth Stack Region: us-east-1
<2021-10-04 17:00:11.264>: [Info]: Gateway Host: j4n6whncmi.execute-api.sa-east-1.amazonaws.com
<2021-10-04 17:00:11.264>: [Info]: Gateway Stack: d1cjlmzk0xrm0z.cloudfront.net
<2021-10-04 17:00:11.264>: [Info]: Gateway Stack Region: sa-east-1
<2021-10-04 17:00:11.264>: [Info]: Http Gateway Stack: https://d1cjlmzk0xrm0z.cloudfront.net/prod
<2021-10-04 17:00:11.264>: [Info]: Http Gateway Stack Region: sa-east-1
<2021-10-04 17:00:11.264>: [Info]: Found cluster data for cluster id: iad-prod
<2021-10-04 17:00:11.264>: [Info]: Display Name: US East
<2021-10-04 17:00:11.264>: [Info]: Auth Stack: https://eudbjx6mig.execute-api.us-east-1.amazonaws.com/Prod
<2021-10-04 17:00:11.264>: [Info]: Auth Stack Region: us-east-1
<2021-10-04 17:00:11.264>: [Info]: Gateway Host: 0prplal5u1.execute-api.us-east-1.amazonaws.com
<2021-10-04 17:00:11.264>: [Info]: Gateway Stack: d2oeuvxi3kfsrw.cloudfront.net
<2021-10-04 17:00:11.264>: [Info]: Gateway Stack Region: us-east-1
<2021-10-04 17:00:11.264>: [Info]: Http Gateway Stack: https://d2oeuvxi3kfsrw.cloudfront.net/prod
<2021-10-04 17:00:11.264>: [Info]: Http Gateway Stack Region: us-east-1
<2021-10-04 17:00:11.264>: [Info]: Found cluster data for cluster id: pdx-prod
<2021-10-04 17:00:11.264>: [Info]: Display Name: US West
<2021-10-04 17:00:11.264>: [Info]: Auth Stack: https://q8hqllbg6k.execute-api.us-east-1.amazonaws.com/Prod
<2021-10-04 17:00:11.264>: [Info]: Auth Stack Region: us-east-1
<2021-10-04 17:00:11.264>: [Info]: Gateway Host: v7irlu1nrl.execute-api.us-west-2.amazonaws.com
<2021-10-04 17:00:11.264>: [Info]: Gateway Stack: d3bj4csovi1fe8.cloudfront.net
<2021-10-04 17:00:11.264>: [Info]: Gateway Stack Region: us-west-2
<2021-10-04 17:00:11.264>: [Info]: Http Gateway Stack: https://d3bj4csovi1fe8.cloudfront.net/prod
<2021-10-04 17:00:11.264>: [Info]: Http Gateway Stack Region: us-west-2
<2021-10-04 17:00:11.264>: [Info]: Found platform metadata for key: ENTITLEMENTS.STEAM_APP_ID.1063730
<2021-10-04 17:00:11.264>: [Info]: Found platform metadata for key: PERSONA.STEAM_APP_ID.1063730
<2021-10-04 17:00:11.264>: [Info]: Found persona role for cluster id: fra-prod - arn:aws:iam::093607389475:role/AgsLiveResources-AllowPersonaAccessRole-1U24RJQDKWS63
<2021-10-04 17:00:11.264>: [Info]: Found persona role for cluster id: fra-qa - arn:aws:iam::544220128841:role/AgsLiveResources-AllowPersonaAccessRole-PSN32B5D8G0L
<2021-10-04 17:00:11.264>: [Info]: Found persona role for cluster id: fra-staging - arn:aws:iam::411585047658:role/AgsLiveResources-AllowPersonaAccessRole-709I6ZY9EAFH
<2021-10-04 17:00:11.264>: [Info]: Found persona role for cluster id: gru-prod - arn:aws:iam::845253724667:role/AgsLiveResources-AllowPersonaAccessRole-SLHVYULH7U5
<2021-10-04 17:00:11.264>: [Info]: Found persona role for cluster id: iad-prod - arn:aws:iam::819349112573:role/AgsLiveResources-AllowPersonaAccessRole-1PHH0BI346X75
<2021-10-04 17:00:11.264>: [Info]: Found persona role for cluster id: iad-staging - arn:aws:iam::910532829260:role/AgsLiveResources-AllowPersonaAccessRole-OXG60NCUXR74
<2021-10-04 17:00:11.264>: [Info]: Found persona role for cluster id: pdx-devo - arn:aws:iam::166847089677:role/AgsLiveResources-AllowPersonaAccessRole-15NKM8MRPA2BX
<2021-10-04 17:00:11.264>: [Info]: Found persona role for cluster id: pdx-prod - arn:aws:iam::458929010575:role/AgsLiveResources-AllowPersonaAccessRole-QYL4I8P12BEA
<2021-10-04 17:00:11.264>: [Info]: Found persona role for cluster id: pdx-qa - arn:aws:iam::379061375310:role/AgsLiveResources-AllowPersonaAccessRole-116SW3GWSL7P1
<2021-10-04 17:00:11.264>: [Info]: Found persona role for cluster id: syd-prod - arn:aws:iam::018141801470:role/AgsLiveResources-AllowPersonaAccessRole-1CPZ9EG8SYMOQ
<2021-10-04 17:00:11.264>: [Info]: Found cluster data for cluster id: syd-prod
<2021-10-04 17:00:11.264>: [Info]: Display Name: AP Southeast
<2021-10-04 17:00:11.264>: [Info]: Auth Stack: https://hhf8nn71vb.execute-api.us-east-1.amazonaws.com/Prod
<2021-10-04 17:00:11.264>: [Info]: Auth Stack Region: us-east-1
<2021-10-04 17:00:11.264>: [Info]: Gateway Host: ep1m9qoir8.execute-api.ap-southeast-2.amazonaws.com
<2021-10-04 17:00:11.264>: [Info]: Gateway Stack: de4mfzk9wkelz.cloudfront.net
<2021-10-04 17:00:11.264>: [Info]: Gateway Stack Region: ap-southeast-2
<2021-10-04 17:00:11.264>: [Info]: Http Gateway Stack: https://de4mfzk9wkelz.cloudfront.net/prod
<2021-10-04 17:00:11.264>: [Info]: Http Gateway Stack Region: ap-southeast-2
<2021-10-04 17:00:16.302>: [Info]: Failure in initializing Fuel::Iap::IapClient: 14
<2021-10-04 17:00:16.303>: [Info] (AZCore): [Game] LogEnvironmentString: ProductId: STEAM_APP_ID.1063730
<2021-10-04 17:00:16.304>: [Info] (AZCore): [Game] LogEnvironmentString: ClusterId: fra-prod
<2021-10-04 17:00:16.307>: [Info] (AZCore): [StackConfig] LayerS3(): layer's "remoteCfg.public.RegionId" S3 key (old: ""), reset to new value: "applications/public/configuration-sets/RegionId/fra-prod/versionless"
<2021-10-04 17:00:16.307>: [Info] (AZCore): [StackConfig] LayerS3(): layer's "remoteCfg.public.RegionIdv" S3 key (old: ""), reset to new value: "applications/public/configuration-sets/RegionId/fra-prod/220;1436282"
<2021-10-04 17:00:16.307>: [Info] (AZCore): [StackConfig] LayerS3(): layer's "remoteCfg.public.CognitoId" S3 key (old: ""), reset to new value: "applications/public/configuration-sets/CognitoId/us-east-1:0de93f7c-814e-4d48-a8fd-b6efc2f9ed93/versionless"
<2021-10-04 17:00:16.307>: [Info] (AZCore): [StackConfig] LayerS3(): layer's "remoteCfg.public.CognitoIdv" S3 key (old: ""), reset to new value: "applications/public/configuration-sets/CognitoId/us-east-1:0de93f7c-814e-4d48-a8fd-b6efc2f9ed93/220;1436282"
<2021-10-04 17:00:16.307>: [Info] (AZCore): [StackConfig] LayerS3(): layer's "remoteCfg.publicGameplay.RegionId" S3 key (old: ""), reset to new value: "applications/publicGameplay/configuration-sets/RegionId/fra-prod/versionless"
<2021-10-04 17:00:16.307>: [Info] (AZCore): [StackConfig] LayerS3(): layer's "remoteCfg.publicGameplay.RegionIdv" S3 key (old: ""), reset to new value: "applications/publicGameplay/configuration-sets/RegionId/fra-prod/220;1436282"
<2021-10-04 17:00:16.307>: [Info] (AZCore): [StackConfig] LayerS3(): layer's "remoteCfg.publicGameplay.CognitoId" S3 key (old: ""), reset to new value: "applications/publicGameplay/configuration-sets/CognitoId/us-east-1:0de93f7c-814e-4d48-a8fd-b6efc2f9ed93/versionless"
<2021-10-04 17:00:16.307>: [Info] (AZCore): [StackConfig] LayerS3(): layer's "remoteCfg.publicGameplay.CognitoIdv" S3 key (old: ""), reset to new value: "applications/publicGameplay/configuration-sets/CognitoId/us-east-1:0de93f7c-814e-4d48-a8fd-b6efc2f9ed93/220;1436282"
<2021-10-04 17:00:16.307>: [Info] (AZCore): [AuthManager] Initializing Steam Auth Manager.
<2021-10-04 17:00:16.308>: [Info] (AZCore): [SteamAuth] Initializing Persona.
<2021-10-04 17:00:16.345>: [Info]: [EasyAntiCheat] Initializing EAC game client module...
<2021-10-04 17:00:16.376>: [Info]: [EasyAntiCheat] ...EAC game client module initialized successfully.
<2021-10-04 17:00:17.478>: [Info]: Initializing default materials...
<2021-10-04 17:00:18.095>: [Info] (AZCore): [streamingGDEManager] Initialize()
<2021-10-04 17:00:18.095>: [Info] (AZCore): [AsyncMapUnload] No previous level to unload, so not starting async.  Just loading this map now: ("frontendv2")
<2021-10-04 17:00:18.095>: [Info]: ============================ Loading level frontendv2 ============================
<2021-10-04 17:00:24.010>: [Info]: CryAnimation: character-definition not found: objects/characters/player/male/feminineShamanMT5/female_feminineShamanMT5.cdf
<2021-10-04 17:00:24.093>: [Info]: CryAnimation: character-definition not found: objects/characters/player/male/feminineRangerT2/female_feminineRangerT2.cdf
<2021-10-04 17:00:24.181>: [Info]: CryAnimation: character-definition not found: objects/characters/player/male/feminineRegalT2/female_feminineRegalT2.cdf
<2021-10-04 17:00:24.241>: [Info]: CGame::InitCoatlicueTerrain
<2021-10-04 17:00:24.269>: [Info] (AZCore): [Game] 0x441F4C03(user) attempting sign-in.
<2021-10-04 17:00:24.269>: [Info] (AZCore): [Game] LogEnvironmentString: Auth Mode: user
<2021-10-04 17:00:24.269>: [Info] (AZCore): [SteamAuth] Attempting to log in to Steam
<2021-10-04 17:00:24.269>: [Info] (AZCore): [SteamAuth] Getting steam auth session ticket.
<2021-10-04 17:00:24.700>: [Info] (AZCore): [SteamAuth] OnAuthSessionTicket: Authenticating using steam auth session ticket: 4
<2021-10-04 17:00:24.707>: [Info] (AZCore): [SteamAuth] CreateSteamSessionJob: Calling Persona to create steam session
<2021-10-04 17:00:25.519>: [Info] (AZCore): [SteamAuth] OnCreatedSessionSteam: Creating session for persona id: amzn1.developerPersonaId.02e9f3b7-55e1-865a-9031-570ce6f27a49.
<2021-10-04 17:00:25.519>: [Info] (AZCore): [SteamAuth] Calling Http API: https://d1w0bfy6smo4d1.cloudfront.net/prod/credentials
<2021-10-04 17:00:25.785>: [Info] (AZCore): [AuthStackCredentialsProvider] Successfully refreshed gateway AWS credentials, next attempt will start after 2021-10-04T17:55:24Z
<2021-10-04 17:00:25.785>: [Info] (AZCore): [AuthStackCredentialsProvider] Successfully refreshed persona AWS credentials, next attempt will start after 2021-10-04T17:55:24Z
<2021-10-04 17:00:25.815>: [Info] (AZCore): [Game] CGame::OnCampfireLoginComplete, login successful.
<2021-10-04 17:00:25.815>: [Info] (AZCore): [Game] LogEnvironmentString: Gateway Signing Host: u433g9r00c.execute-api.eu-central-1.amazonaws.com
<2021-10-04 17:00:25.815>: [Info] (AZCore): [Game] LogEnvironmentString: Gateway Address: d1w0bfy6smo4d1.cloudfront.net
<2021-10-04 17:00:25.815>: [Info] (AZCore): [Game] LogEnvironmentString: HTTP Gateway Address: https://d1w0bfy6smo4d1.cloudfront.net/prod
<2021-10-04 17:00:25.815>: [Info] (AZCore): [Game] LogEnvironmentString: Gateway Mode: gateway
<2021-10-04 17:00:25.815>: [Info] (AZCore): [GameConnection] ConfigureLogin MODE_GATEWAY: endpoint=d1w0bfy6smo4d1.cloudfront.net, httpEntpoint=https://d1w0bfy6smo4d1.cloudfront.net/prod, region=eu-central-1
<2021-10-04 17:00:25.821>: [Info] (AZCore): [StackConfig] LayerS3(): layer's "remoteCfg.public.ProductId" S3 key (old: ""), reset to new value: "applications/public/configuration-sets/ProductId/STEAM_APP_ID.1063730/versionless"
<2021-10-04 17:00:26.302>: [Info] (AZCore): [StackConfig] Retrieved layer's "remoteCfg.public.ProductId" blocking remote config, with S3 key: "applications/public/configuration-sets/ProductId/STEAM_APP_ID.1063730/versionless" successfully, size: 328

<2021-10-04 17:00:26.305>: [Info] (AZCore): [StackConfig] LayerS3(): layer's "remoteCfg.public.ProductIdv" S3 key (old: ""), reset to new value: "applications/public/configuration-sets/ProductId/STEAM_APP_ID.1063730/220;1436282"
<2021-10-04 17:00:26.428>: [Info] (AZCore): [StackConfig] LayerS3(): layer's "remoteCfg.public.RegionId" S3 key (old: "applications/public/configuration-sets/RegionId/fra-prod/versionless"), reset to new value: "applications/public/configuration-sets/RegionId/fra-prod/versionless"
<2021-10-04 17:00:26.551>: [Info] (AZCore): [StackConfig] Retrieved layer's "remoteCfg.public.RegionId" blocking remote config, with S3 key: "applications/public/configuration-sets/RegionId/fra-prod/versionless" successfully, size: 246

<2021-10-04 17:00:26.560>: [Info] (AZCore): [StackConfig] LayerS3(): layer's "remoteCfg.public.RegionIdv" S3 key (old: "applications/public/configuration-sets/RegionId/fra-prod/220;1436282"), reset to new value: "applications/public/configuration-sets/RegionId/fra-prod/220;1436282"
<2021-10-04 17:00:26.700>: [Info] (AZCore): [StackConfig] LayerS3(): layer's "remoteCfg.publicGameplay.ProductId" S3 key (old: ""), reset to new value: "applications/publicGameplay/configuration-sets/ProductId/STEAM_APP_ID.1063730/versionless"
<2021-10-04 17:00:26.824>: [Info] (AZCore): [StackConfig] LayerS3(): layer's "remoteCfg.publicGameplay.ProductIdv" S3 key (old: ""), reset to new value: "applications/publicGameplay/configuration-sets/ProductId/STEAM_APP_ID.1063730/220;1436282"
<2021-10-04 17:00:26.944>: [Info] (AZCore): [StackConfig] LayerS3(): layer's "remoteCfg.publicGameplay.RegionId" S3 key (old: "applications/publicGameplay/configuration-sets/RegionId/fra-prod/versionless"), reset to new value: "applications/publicGameplay/configuration-sets/RegionId/fra-prod/versionless"
<2021-10-04 17:00:27.058>: [Info] (AZCore): [StackConfig] Retrieved layer's "remoteCfg.publicGameplay.RegionId" blocking remote config, with S3 key: "applications/publicGameplay/configuration-sets/RegionId/fra-prod/versionless" successfully, size: 71

<2021-10-04 17:00:27.075>: [Info] (AZCore): [StackConfig] LayerS3(): layer's "remoteCfg.publicGameplay.RegionIdv" S3 key (old: "applications/publicGameplay/configuration-sets/RegionId/fra-prod/220;1436282"), reset to new value: "applications/publicGameplay/configuration-sets/RegionId/fra-prod/220;1436282"
<2021-10-04 17:00:33.677>: [Info] (AZCore): [Game] LogEnvironmentString: Persona ID: amzn1.developerPersonaId.02e9f3b7-55e1-865a-9031-570ce6f27a49
<2021-10-04 17:00:34.073>: [Info]: 
<2021-10-04 17:00:34.076>: [Info]: Total number of logical processors: 16
<2021-10-04 17:00:34.076>: [Info]: Number of available logical processors: 16
<2021-10-04 17:00:34.076>: [Info]: Total number of system cores: 8
<2021-10-04 17:00:34.076>: [Info]: Number of cores available to process: 8
<2021-10-04 17:00:34.076>: [Info]:  
<2021-10-04 17:00:34.076>: [Info]: Processor 0:
<2021-10-04 17:00:34.076>: [Info]:   CPU: Intel        Intel(R) Xeon(R) CPU E5-2689 0 @ 2.60GHz
<2021-10-04 17:00:34.076>: [Info]:   Family: 6, Model: 13, Stepping: 7
<2021-10-04 17:00:34.076>: [Info]:   FPU: On-Chip
<2021-10-04 17:00:34.076>: [Info]:   3DNow!: not present
<2021-10-04 17:00:34.076>: [Info]:   MMX: not present
<2021-10-04 17:00:34.076>: [Info]:   SSE: present
<2021-10-04 17:00:34.076>: [Info]:   SSE2: present
<2021-10-04 17:00:34.076>: [Info]:   SSE3: present
<2021-10-04 17:00:34.076>: [Info]:   Serial number not present or disabled
<2021-10-04 17:00:34.076>: [Info]:  
<2021-10-04 17:00:34.076>: [Info]: Processor 1:
<2021-10-04 17:00:34.076>: [Info]:   CPU: Intel        Intel(R) Xeon(R) CPU E5-2689 0 @ 2.60GHz
<2021-10-04 17:00:34.076>: [Info]:   Family: 6, Model: 13, Stepping: 7
<2021-10-04 17:00:34.076>: [Info]:   FPU: On-Chip
<2021-10-04 17:00:34.076>: [Info]:   3DNow!: not present
<2021-10-04 17:00:34.076>: [Info]:   MMX: not present
<2021-10-04 17:00:34.076>: [Info]:   SSE: present
<2021-10-04 17:00:34.076>: [Info]:   SSE2: present
<2021-10-04 17:00:34.076>: [Info]:   SSE3: present
<2021-10-04 17:00:34.076>: [Info]:   Serial number not present or disabled
<2021-10-04 17:00:34.076>: [Info]:  
<2021-10-04 17:00:34.076>: [Info]: Processor 2:
<2021-10-04 17:00:34.076>: [Info]:   CPU: Intel        Intel(R) Xeon(R) CPU E5-2689 0 @ 2.60GHz
<2021-10-04 17:00:34.076>: [Info]:   Family: 6, Model: 13, Stepping: 7
<2021-10-04 17:00:34.076>: [Info]:   FPU: On-Chip
<2021-10-04 17:00:34.076>: [Info]:   3DNow!: not present
<2021-10-04 17:00:34.076>: [Info]:   MMX: not present
<2021-10-04 17:00:34.076>: [Info]:   SSE: present
<2021-10-04 17:00:34.076>: [Info]:   SSE2: present
<2021-10-04 17:00:34.076>: [Info]:   SSE3: present
<2021-10-04 17:00:34.076>: [Info]:   Serial number not present or disabled
<2021-10-04 17:00:34.076>: [Info]:  
<2021-10-04 17:00:34.076>: [Info]: Processor 3:
<2021-10-04 17:00:34.076>: [Info]:   CPU: Intel        Intel(R) Xeon(R) CPU E5-2689 0 @ 2.60GHz
<2021-10-04 17:00:34.076>: [Info]:   Family: 6, Model: 13, Stepping: 7
<2021-10-04 17:00:34.076>: [Info]:   FPU: On-Chip
<2021-10-04 17:00:34.076>: [Info]:   3DNow!: not present
<2021-10-04 17:00:34.076>: [Info]:   MMX: not present
<2021-10-04 17:00:34.076>: [Info]:   SSE: present
<2021-10-04 17:00:34.076>: [Info]:   SSE2: present
<2021-10-04 17:00:34.076>: [Info]:   SSE3: present
<2021-10-04 17:00:34.076>: [Info]:   Serial number not present or disabled
<2021-10-04 17:00:34.076>: [Info]:  
<2021-10-04 17:00:34.076>: [Info]: Processor 4:
<2021-10-04 17:00:34.076>: [Info]:   CPU: Intel        Intel(R) Xeon(R) CPU E5-2689 0 @ 2.60GHz
<2021-10-04 17:00:34.076>: [Info]:   Family: 6, Model: 13, Stepping: 7
<2021-10-04 17:00:34.076>: [Info]:   FPU: On-Chip
<2021-10-04 17:00:34.076>: [Info]:   3DNow!: not present
<2021-10-04 17:00:34.076>: [Info]:   MMX: not present
<2021-10-04 17:00:34.076>: [Info]:   SSE: present
<2021-10-04 17:00:34.076>: [Info]:   SSE2: present
<2021-10-04 17:00:34.076>: [Info]:   SSE3: present
<2021-10-04 17:00:34.076>: [Info]:   Serial number not present or disabled
<2021-10-04 17:00:34.076>: [Info]:  
<2021-10-04 17:00:34.076>: [Info]: Processor 5:
<2021-10-04 17:00:34.076>: [Info]:   CPU: Intel        Intel(R) Xeon(R) CPU E5-2689 0 @ 2.60GHz
<2021-10-04 17:00:34.076>: [Info]:   Family: 6, Model: 13, Stepping: 7
<2021-10-04 17:00:34.076>: [Info]:   FPU: On-Chip
<2021-10-04 17:00:34.076>: [Info]:   3DNow!: not present
<2021-10-04 17:00:34.076>: [Info]:   MMX: not present
<2021-10-04 17:00:34.076>: [Info]:   SSE: present
<2021-10-04 17:00:34.076>: [Info]:   SSE2: present
<2021-10-04 17:00:34.076>: [Info]:   SSE3: present
<2021-10-04 17:00:34.076>: [Info]:   Serial number not present or disabled
<2021-10-04 17:00:34.076>: [Info]:  
<2021-10-04 17:00:34.076>: [Info]: Processor 6:
<2021-10-04 17:00:34.076>: [Info]:   CPU: Intel        Intel(R) Xeon(R) CPU E5-2689 0 @ 2.60GHz
<2021-10-04 17:00:34.076>: [Info]:   Family: 6, Model: 13, Stepping: 7
<2021-10-04 17:00:34.076>: [Info]:   FPU: On-Chip
<2021-10-04 17:00:34.076>: [Info]:   3DNow!: not present
<2021-10-04 17:00:34.076>: [Info]:   MMX: not present
<2021-10-04 17:00:34.076>: [Info]:   SSE: present
<2021-10-04 17:00:34.076>: [Info]:   SSE2: present
<2021-10-04 17:00:34.076>: [Info]:   SSE3: present
<2021-10-04 17:00:34.076>: [Info]:   Serial number not present or disabled
<2021-10-04 17:00:34.076>: [Info]:  
<2021-10-04 17:00:34.076>: [Info]: Processor 7:
<2021-10-04 17:00:34.076>: [Info]:   CPU: Intel        Intel(R) Xeon(R) CPU E5-2689 0 @ 2.60GHz
<2021-10-04 17:00:34.076>: [Info]:   Family: 6, Model: 13, Stepping: 7
<2021-10-04 17:00:34.076>: [Info]:   FPU: On-Chip
<2021-10-04 17:00:34.076>: [Info]:   3DNow!: not present
<2021-10-04 17:00:34.076>: [Info]:   MMX: not present
<2021-10-04 17:00:34.076>: [Info]:   SSE: present
<2021-10-04 17:00:34.076>: [Info]:   SSE2: present
<2021-10-04 17:00:34.076>: [Info]:   SSE3: present
<2021-10-04 17:00:34.076>: [Info]:   Serial number not present or disabled
<2021-10-04 17:00:34.076>: [Info]:  
<2021-10-04 17:00:34.076>: [Info]: Change detected in analytics configuration. Re-instantiating network traffic reporter
<2021-10-04 17:01:04.332>: [Info]: SerializeOptions: Success
<2021-10-04 17:01:04.332>: [Info]: SerializeOptions: Moving to C:/Users/cedric/AppData/Roaming/AGS/New World/savedata/temp_usersettings.javsave
<2021-10-04 17:01:06.260>: [Info] (AZCore): [Game] CGame::ActorContainerDisconnect
<2021-10-04 17:01:06.261>: [Info]: CSystem::Quit invoked from thread 16252 (main is 16252)
<2021-10-04 17:01:06.261>: [Info] (AZCore): [Game] CGame::ActorContainerDisconnect
