<2022-06-10 05:15:37.064>: [Info]: BackupNameAttachment=" Build(1694880) 10 Jun 22 (07 15 37)"  -- used by backup system

<2022-06-10 05:15:37.064>: [Info]: Log Started at local time Fri Jun 10 07:15:37 2022
<2022-06-10 05:15:37.064>: [Info]: Built on Sat Jun  4 00:49:10 2022

<2022-06-10 05:15:37.064>: [Info]: Running 64 bit Windows version
<2022-06-10 05:15:37.064>: [Info]: Executable: NewWorld.exe [AZ_RETAIL_CONFIG]
<2022-06-10 05:15:37.064>: [Info]: FileVersion: 1.18.555.1694880
<2022-06-10 05:15:37.064>: [Info]: ProductVersion: 1.18.555.1694880
<2022-06-10 05:15:37.064>: [Info]: Using Microsoft (tm) C++ Standard Library implementation

<2022-06-10 05:15:37.066>: [Info] (AZCore): [System] Loading system configuration from system_windows_pc.cfg...
<2022-06-10 05:15:37.066>: [Info] (AZCore): [System] GameDir: Assets

<2022-06-10 05:15:38.082>: [Info]: 
<2022-06-10 05:15:38.088>: [Info]: Total number of logical processors: 16
<2022-06-10 05:15:38.088>: [Info]: Number of available logical processors: 16
<2022-06-10 05:15:38.088>: [Info]: Total number of system cores: 8
<2022-06-10 05:15:38.088>: [Info]: Number of cores available to process: 8
<2022-06-10 05:15:38.088>: [Info]:  
<2022-06-10 05:15:38.088>: [Info]: Processor 0:
<2022-06-10 05:15:38.088>: [Info]:   CPU: Intel        Intel(R) Xeon(R) CPU E5-2689 0 @ 2.60GHz
<2022-06-10 05:15:38.088>: [Info]:   Family: 6, Model: 13, Stepping: 7
<2022-06-10 05:15:38.088>: [Info]:   FPU: On-Chip
<2022-06-10 05:15:38.088>: [Info]:   3DNow!: not present
<2022-06-10 05:15:38.088>: [Info]:   MMX: not present
<2022-06-10 05:15:38.088>: [Info]:   SSE: present
<2022-06-10 05:15:38.088>: [Info]:   SSE2: present
<2022-06-10 05:15:38.088>: [Info]:   SSE3: present
<2022-06-10 05:15:38.088>: [Info]:   Serial number not present or disabled
<2022-06-10 05:15:38.088>: [Info]:  
<2022-06-10 05:15:38.088>: [Info]: Processor 1:
<2022-06-10 05:15:38.088>: [Info]:   CPU: Intel        Intel(R) Xeon(R) CPU E5-2689 0 @ 2.60GHz
<2022-06-10 05:15:38.088>: [Info]:   Family: 6, Model: 13, Stepping: 7
<2022-06-10 05:15:38.088>: [Info]:   FPU: On-Chip
<2022-06-10 05:15:38.088>: [Info]:   3DNow!: not present
<2022-06-10 05:15:38.088>: [Info]:   MMX: not present
<2022-06-10 05:15:38.088>: [Info]:   SSE: present
<2022-06-10 05:15:38.088>: [Info]:   SSE2: present
<2022-06-10 05:15:38.088>: [Info]:   SSE3: present
<2022-06-10 05:15:38.088>: [Info]:   Serial number not present or disabled
<2022-06-10 05:15:38.088>: [Info]:  
<2022-06-10 05:15:38.088>: [Info]: Processor 2:
<2022-06-10 05:15:38.088>: [Info]:   CPU: Intel        Intel(R) Xeon(R) CPU E5-2689 0 @ 2.60GHz
<2022-06-10 05:15:38.088>: [Info]:   Family: 6, Model: 13, Stepping: 7
<2022-06-10 05:15:38.088>: [Info]:   FPU: On-Chip
<2022-06-10 05:15:38.088>: [Info]:   3DNow!: not present
<2022-06-10 05:15:38.088>: [Info]:   MMX: not present
<2022-06-10 05:15:38.088>: [Info]:   SSE: present
<2022-06-10 05:15:38.088>: [Info]:   SSE2: present
<2022-06-10 05:15:38.088>: [Info]:   SSE3: present
<2022-06-10 05:15:38.088>: [Info]:   Serial number not present or disabled
<2022-06-10 05:15:38.088>: [Info]:  
<2022-06-10 05:15:38.088>: [Info]: Processor 3:
<2022-06-10 05:15:38.088>: [Info]:   CPU: Intel        Intel(R) Xeon(R) CPU E5-2689 0 @ 2.60GHz
<2022-06-10 05:15:38.088>: [Info]:   Family: 6, Model: 13, Stepping: 7
<2022-06-10 05:15:38.088>: [Info]:   FPU: On-Chip
<2022-06-10 05:15:38.088>: [Info]:   3DNow!: not present
<2022-06-10 05:15:38.088>: [Info]:   MMX: not present
<2022-06-10 05:15:38.088>: [Info]:   SSE: present
<2022-06-10 05:15:38.088>: [Info]:   SSE2: present
<2022-06-10 05:15:38.088>: [Info]:   SSE3: present
<2022-06-10 05:15:38.088>: [Info]:   Serial number not present or disabled
<2022-06-10 05:15:38.088>: [Info]:  
<2022-06-10 05:15:38.088>: [Info]: Processor 4:
<2022-06-10 05:15:38.088>: [Info]:   CPU: Intel        Intel(R) Xeon(R) CPU E5-2689 0 @ 2.60GHz
<2022-06-10 05:15:38.088>: [Info]:   Family: 6, Model: 13, Stepping: 7
<2022-06-10 05:15:38.088>: [Info]:   FPU: On-Chip
<2022-06-10 05:15:38.088>: [Info]:   3DNow!: not present
<2022-06-10 05:15:38.088>: [Info]:   MMX: not present
<2022-06-10 05:15:38.088>: [Info]:   SSE: present
<2022-06-10 05:15:38.088>: [Info]:   SSE2: present
<2022-06-10 05:15:38.088>: [Info]:   SSE3: present
<2022-06-10 05:15:38.088>: [Info]:   Serial number not present or disabled
<2022-06-10 05:15:38.088>: [Info]:  
<2022-06-10 05:15:38.088>: [Info]: Processor 5:
<2022-06-10 05:15:38.088>: [Info]:   CPU: Intel        Intel(R) Xeon(R) CPU E5-2689 0 @ 2.60GHz
<2022-06-10 05:15:38.088>: [Info]:   Family: 6, Model: 13, Stepping: 7
<2022-06-10 05:15:38.088>: [Info]:   FPU: On-Chip
<2022-06-10 05:15:38.088>: [Info]:   3DNow!: not present
<2022-06-10 05:15:38.088>: [Info]:   MMX: not present
<2022-06-10 05:15:38.088>: [Info]:   SSE: present
<2022-06-10 05:15:38.088>: [Info]:   SSE2: present
<2022-06-10 05:15:38.088>: [Info]:   SSE3: present
<2022-06-10 05:15:38.088>: [Info]:   Serial number not present or disabled
<2022-06-10 05:15:38.089>: [Info]:  
<2022-06-10 05:15:38.089>: [Info]: Processor 6:
<2022-06-10 05:15:38.089>: [Info]:   CPU: Intel        Intel(R) Xeon(R) CPU E5-2689 0 @ 2.60GHz
<2022-06-10 05:15:38.089>: [Info]:   Family: 6, Model: 13, Stepping: 7
<2022-06-10 05:15:38.089>: [Info]:   FPU: On-Chip
<2022-06-10 05:15:38.089>: [Info]:   3DNow!: not present
<2022-06-10 05:15:38.089>: [Info]:   MMX: not present
<2022-06-10 05:15:38.089>: [Info]:   SSE: present
<2022-06-10 05:15:38.089>: [Info]:   SSE2: present
<2022-06-10 05:15:38.089>: [Info]:   SSE3: present
<2022-06-10 05:15:38.089>: [Info]:   Serial number not present or disabled
<2022-06-10 05:15:38.089>: [Info]:  
<2022-06-10 05:15:38.089>: [Info]: Processor 7:
<2022-06-10 05:15:38.089>: [Info]:   CPU: Intel        Intel(R) Xeon(R) CPU E5-2689 0 @ 2.60GHz
<2022-06-10 05:15:38.089>: [Info]:   Family: 6, Model: 13, Stepping: 7
<2022-06-10 05:15:38.089>: [Info]:   FPU: On-Chip
<2022-06-10 05:15:38.089>: [Info]:   3DNow!: not present
<2022-06-10 05:15:38.089>: [Info]:   MMX: not present
<2022-06-10 05:15:38.089>: [Info]:   SSE: present
<2022-06-10 05:15:38.089>: [Info]:   SSE2: present
<2022-06-10 05:15:38.089>: [Info]:   SSE3: present
<2022-06-10 05:15:38.089>: [Info]:   Serial number not present or disabled
<2022-06-10 05:15:38.089>: [Info]:  
<2022-06-10 05:15:38.089>: [Info]: Windows 10 64 bit (build 10.0.19043)
<2022-06-10 05:15:38.089>: [Info]: System language: French
<2022-06-10 05:15:38.089>: [Info]: Windows Directory: "C:\WINDOWS"
<2022-06-10 05:15:38.089>: [Info]: Local time is 07:15:38 06/10/22, system running for 1255 minutes
<2022-06-10 05:15:38.089>: [Info]: 16316MB physical memory installed, 8116MB available, 134217727MB virtual memory installed, 50 percent of memory in use
<2022-06-10 05:15:38.090>: [Info]: PageFile usage: 237MB, Working Set: 287MB, Peak PageFile usage: 363MB,
<2022-06-10 05:15:38.090>: [Info]: Current display mode is 78043832, (Unknown graphics card)
<2022-06-10 05:15:38.090>: [Info]: IBM enhanced (101/102-key) keyboard and 5+ button mouse installed
<2022-06-10 05:15:38.090>: [Info]: --------------------------------------------------------------------------------
<2022-06-10 05:15:38.093>: [Info] (AZCore): [System] Stream Engine Initialization
<2022-06-10 05:15:38.094>: [Info]: GameName: New World
<2022-06-10 05:15:38.094>: [Info]: BuildTime: Sat Jun  4 00:49:10 2022

<2022-06-10 05:15:38.094>: [Info] (AZCore): [System] Physics initialization
<2022-06-10 05:15:38.095>: [Info] (AZCore): [System] Renderer initialization
<2022-06-10 05:15:38.097>: [Info]: Logging video adapters:
<2022-06-10 05:15:39.210>: [Info]: - Radeon RX 580 Series (vendor = 0x1002, device = 0x67df)
<2022-06-10 05:15:39.210>: [Info]:   - Adapter index: 0
<2022-06-10 05:15:39.210>: [Info]:   - Dedicated video memory: 8170 MB
<2022-06-10 05:15:39.210>: [Info]:   - Feature level: DX11 (SM 5.0)
<2022-06-10 05:15:39.210>: [Info]:   - Displays connected: yes
<2022-06-10 05:15:39.210>: [Info]:   - Suitable rendering device: yes
<2022-06-10 05:15:39.507>: [Info]: - Microsoft Basic Render Driver (vendor = 0x1414, device = 0x008c)
<2022-06-10 05:15:39.507>: [Info]:   - Adapter index: 1
<2022-06-10 05:15:39.507>: [Info]:   - Dedicated video memory: 0 MB
<2022-06-10 05:15:39.507>: [Info]:   - Feature level: DX11 (SM 5.0)
<2022-06-10 05:15:39.507>: [Info]:   - Displays connected: no
<2022-06-10 05:15:39.507>: [Info]:   - Suitable rendering device: no
<2022-06-10 05:15:41.191>: [Info]: Active GPUs: 1
<2022-06-10 05:15:42.340>: [Info] (AZCore): [Audio] AudioSystem initialized in High Ram mode. Available RAM [16315]MB, LowRam cutoff is [9216]MB
<2022-06-10 05:15:43.917>: [Info] (AZCore): [System] Font initialization
<2022-06-10 05:15:43.917>: [Info]: Using FreeType 2.5.0
<2022-06-10 05:16:02.938>: [Info] (AZCore): [System] Time initialization
<2022-06-10 05:16:02.938>: [Info] (AZCore): [System] Input initialization
<2022-06-10 05:16:02.938>: [Info] (AZCore): [System] UI system initialization
<2022-06-10 05:16:02.939>: [Info] (AZCore): [System] Initializing Animation System
<2022-06-10 05:16:02.939>: [Info] (AZCore): [System] Initializing 3D Engine
<2022-06-10 05:16:02.941>: [Info]: Sky light: Optical lookup tables loaded off disc.
<2022-06-10 05:16:02.941>: [Info] (AZCore): [System] Script System Initialization
<2022-06-10 05:16:02.941>: [Info] (AZCore): [System] Entity system initialization
<2022-06-10 05:16:02.944>: [Info] (AZCore): [System] Initializing additional systems
<2022-06-10 05:16:02.944>: [Info] (AZCore): [System] Dynamic Response System initialization
<2022-06-10 05:16:02.944>: [Info] (AZCore): [System] No Dynamic Response System was loaded from a module, the system will use the NULL DynamicResponseSystem.
<2022-06-10 05:16:02.945>: [Info]: Running machine spec auto detect (64 bit)...
<2022-06-10 05:16:02.945>: [Info]: - Windows 10 64 bit (build 10.0.19043)
<2022-06-10 05:16:02.945>: [Info]: - System memory
<2022-06-10 05:16:02.945>: [Info]: --- 16315 MB
<2022-06-10 05:16:02.945>: [Info]: - Intel(R) Xeon(R) CPU E5-2689 0 @ 2.60GHz
<2022-06-10 05:16:02.945>: [Info]: --- Number of available cores: 8 (out of 8)
<2022-06-10 05:16:02.945>: [Info]: --- Number of logical processors: 16
<2022-06-10 05:16:03.273>: [Info]: - Radeon RX 580 Series (vendor = 0x1002, device = 0x67df)
<2022-06-10 05:16:03.273>: [Info]: --- Dedicated video memory: 8170 MB
<2022-06-10 05:16:03.273>: [Info]: --- Feature level: DX11 (SM 5.0)
<2022-06-10 05:16:03.274>: [Info]: - Final rating: Machine class 2
<2022-06-10 05:16:04.498>: [Info] (AZCore): [System] == Version Info ===============================================================

<2022-06-10 05:16:04.498>: [Info] (AZCore): [System] [RETAIL].Javelin.1.18.555.1694880

<2022-06-10 05:16:04.498>: [Info] (AZCore): [System] ===============================================================================

<2022-06-10 05:16:04.509>: [Info]: Client config override file not found: @assets@/ClientOverride.json
<2022-06-10 05:16:06.516>: [Info] (AZCore): [Game] Steam Initialized!
<2022-06-10 05:16:06.516>: [Info] (AZCore): [Game] Using remote config: true
<2022-06-10 05:16:06.517>: [Info] (AZCore): [Game] Steam Utils obtained? true
<2022-06-10 05:16:06.517>: [Info] (AZCore): [Game] Using Steam App ID: 1063730
<2022-06-10 05:16:06.517>: [Info] (AZCore): [StackConfig] Configuring remote config with bucket ags-javelin-remote-config
<2022-06-10 05:16:06.517>: [Info]: Channel service uri: https://d2c74t4zimux3r.cloudfront.net/STEAM_APP_ID.1063730.json
<2022-06-10 05:16:07.219>: [Info]: Channel name: Retail
<2022-06-10 05:16:07.219>: [Info]: Found cluster data for cluster id: fra-prod
<2022-06-10 05:16:07.219>: [Info]: Display Name: EU Central
<2022-06-10 05:16:07.219>: [Info]: Auth Stack: https://2mfrik7h83.execute-api.us-east-1.amazonaws.com/Prod
<2022-06-10 05:16:07.219>: [Info]: Auth Stack Region: us-east-1
<2022-06-10 05:16:07.219>: [Info]: Gateway Host: u433g9r00c.execute-api.eu-central-1.amazonaws.com
<2022-06-10 05:16:07.219>: [Info]: Gateway Stack: d1w0bfy6smo4d1.cloudfront.net
<2022-06-10 05:16:07.219>: [Info]: Gateway Stack Region: eu-central-1
<2022-06-10 05:16:07.219>: [Info]: Http Gateway Stack: https://d1w0bfy6smo4d1.cloudfront.net/prod
<2022-06-10 05:16:07.219>: [Info]: Http Gateway Stack Region: eu-central-1
<2022-06-10 05:16:07.219>: [Info]: Found cluster data for cluster id: gru-prod
<2022-06-10 05:16:07.219>: [Info]: Display Name: SA East
<2022-06-10 05:16:07.219>: [Info]: Auth Stack: https://kqqt5twsi7.execute-api.us-east-1.amazonaws.com/Prod
<2022-06-10 05:16:07.219>: [Info]: Auth Stack Region: us-east-1
<2022-06-10 05:16:07.219>: [Info]: Gateway Host: j4n6whncmi.execute-api.sa-east-1.amazonaws.com
<2022-06-10 05:16:07.219>: [Info]: Gateway Stack: d1cjlmzk0xrm0z.cloudfront.net
<2022-06-10 05:16:07.219>: [Info]: Gateway Stack Region: sa-east-1
<2022-06-10 05:16:07.219>: [Info]: Http Gateway Stack: https://d1cjlmzk0xrm0z.cloudfront.net/prod
<2022-06-10 05:16:07.219>: [Info]: Http Gateway Stack Region: sa-east-1
<2022-06-10 05:16:07.219>: [Info]: Found cluster data for cluster id: iad-prod
<2022-06-10 05:16:07.219>: [Info]: Display Name: US East
<2022-06-10 05:16:07.219>: [Info]: Auth Stack: https://eudbjx6mig.execute-api.us-east-1.amazonaws.com/Prod
<2022-06-10 05:16:07.219>: [Info]: Auth Stack Region: us-east-1
<2022-06-10 05:16:07.219>: [Info]: Gateway Host: 0prplal5u1.execute-api.us-east-1.amazonaws.com
<2022-06-10 05:16:07.219>: [Info]: Gateway Stack: d2oeuvxi3kfsrw.cloudfront.net
<2022-06-10 05:16:07.219>: [Info]: Gateway Stack Region: us-east-1
<2022-06-10 05:16:07.219>: [Info]: Http Gateway Stack: https://d2oeuvxi3kfsrw.cloudfront.net/prod
<2022-06-10 05:16:07.219>: [Info]: Http Gateway Stack Region: us-east-1
<2022-06-10 05:16:07.219>: [Info]: Found cluster data for cluster id: pdx-prod
<2022-06-10 05:16:07.219>: [Info]: Display Name: US West
<2022-06-10 05:16:07.219>: [Info]: Auth Stack: https://q8hqllbg6k.execute-api.us-east-1.amazonaws.com/Prod
<2022-06-10 05:16:07.219>: [Info]: Auth Stack Region: us-east-1
<2022-06-10 05:16:07.219>: [Info]: Gateway Host: v7irlu1nrl.execute-api.us-west-2.amazonaws.com
<2022-06-10 05:16:07.219>: [Info]: Gateway Stack: d3bj4csovi1fe8.cloudfront.net
<2022-06-10 05:16:07.219>: [Info]: Gateway Stack Region: us-west-2
<2022-06-10 05:16:07.219>: [Info]: Http Gateway Stack: https://d3bj4csovi1fe8.cloudfront.net/prod
<2022-06-10 05:16:07.219>: [Info]: Http Gateway Stack Region: us-west-2
<2022-06-10 05:16:07.219>: [Info]: Found platform metadata for key: ENTITLEMENTS.STEAM_APP_ID.1063730
<2022-06-10 05:16:07.219>: [Info]: Found platform metadata for key: PERSONA.STEAM_APP_ID.1063730
<2022-06-10 05:16:07.220>: [Info]: Found persona role for cluster id: fra-prod - arn:aws:iam::093607389475:role/AgsLiveResources-AllowPersonaAccessRole-1U24RJQDKWS63
<2022-06-10 05:16:07.220>: [Info]: Found persona role for cluster id: fra-qa - arn:aws:iam::544220128841:role/AgsLiveResources-AllowPersonaAccessRole-PSN32B5D8G0L
<2022-06-10 05:16:07.220>: [Info]: Found persona role for cluster id: fra-staging - arn:aws:iam::411585047658:role/AgsLiveResources-AllowPersonaAccessRole-709I6ZY9EAFH
<2022-06-10 05:16:07.220>: [Info]: Found persona role for cluster id: gru-prod - arn:aws:iam::845253724667:role/AgsLiveResources-AllowPersonaAccessRole-SLHVYULH7U5
<2022-06-10 05:16:07.220>: [Info]: Found persona role for cluster id: iad-prod - arn:aws:iam::819349112573:role/AgsLiveResources-AllowPersonaAccessRole-1PHH0BI346X75
<2022-06-10 05:16:07.220>: [Info]: Found persona role for cluster id: iad-staging - arn:aws:iam::910532829260:role/AgsLiveResources-AllowPersonaAccessRole-OXG60NCUXR74
<2022-06-10 05:16:07.220>: [Info]: Found persona role for cluster id: pdx-devo - arn:aws:iam::166847089677:role/AgsLiveResources-AllowPersonaAccessRole-15NKM8MRPA2BX
<2022-06-10 05:16:07.220>: [Info]: Found persona role for cluster id: pdx-prod - arn:aws:iam::458929010575:role/AgsLiveResources-AllowPersonaAccessRole-QYL4I8P12BEA
<2022-06-10 05:16:07.220>: [Info]: Found persona role for cluster id: pdx-qa - arn:aws:iam::379061375310:role/AgsLiveResources-AllowPersonaAccessRole-116SW3GWSL7P1
<2022-06-10 05:16:07.220>: [Info]: Found persona role for cluster id: syd-prod - arn:aws:iam::018141801470:role/AgsLiveResources-AllowPersonaAccessRole-1CPZ9EG8SYMOQ
<2022-06-10 05:16:07.220>: [Info]: Found cluster data for cluster id: syd-prod
<2022-06-10 05:16:07.220>: [Info]: Display Name: AP Southeast
<2022-06-10 05:16:07.220>: [Info]: Auth Stack: https://hhf8nn71vb.execute-api.us-east-1.amazonaws.com/Prod
<2022-06-10 05:16:07.220>: [Info]: Auth Stack Region: us-east-1
<2022-06-10 05:16:07.220>: [Info]: Gateway Host: ep1m9qoir8.execute-api.ap-southeast-2.amazonaws.com
<2022-06-10 05:16:07.220>: [Info]: Gateway Stack: de4mfzk9wkelz.cloudfront.net
<2022-06-10 05:16:07.220>: [Info]: Gateway Stack Region: ap-southeast-2
<2022-06-10 05:16:07.220>: [Info]: Http Gateway Stack: https://de4mfzk9wkelz.cloudfront.net/prod
<2022-06-10 05:16:07.220>: [Info]: Http Gateway Stack Region: ap-southeast-2
<2022-06-10 05:16:12.154>: [Info]: Failure in initializing Fuel::Iap::IapClient: 14
<2022-06-10 05:16:12.155>: [Info] (AZCore): [Game] LogEnvironmentString: ProductId: STEAM_APP_ID.1063730
<2022-06-10 05:16:12.156>: [Info] (AZCore): [Game] LogEnvironmentString: ClusterId: fra-prod
<2022-06-10 05:16:12.158>: [Info] (AZCore): [StackConfig] LayerS3(): layer's "remoteCfg.public.RegionId" S3 key (old: ""), reset to new value: "applications/public/configuration-sets/RegionId/fra-prod/versionless"
<2022-06-10 05:16:12.158>: [Info] (AZCore): [StackConfig] LayerS3(): layer's "remoteCfg.public.RegionIdv" S3 key (old: ""), reset to new value: "applications/public/configuration-sets/RegionId/fra-prod/555;1694880"
<2022-06-10 05:16:12.158>: [Info] (AZCore): [StackConfig] LayerS3(): layer's "remoteCfg.public.CognitoId" S3 key (old: ""), reset to new value: "applications/public/configuration-sets/CognitoId/us-east-1:0de93f7c-814e-4d48-a8fd-b6efc2f9ed93/versionless"
<2022-06-10 05:16:12.158>: [Info] (AZCore): [StackConfig] LayerS3(): layer's "remoteCfg.public.CognitoIdv" S3 key (old: ""), reset to new value: "applications/public/configuration-sets/CognitoId/us-east-1:0de93f7c-814e-4d48-a8fd-b6efc2f9ed93/555;1694880"
<2022-06-10 05:16:12.158>: [Info] (AZCore): [StackConfig] LayerS3(): layer's "remoteCfg.publicGameplay.RegionId" S3 key (old: ""), reset to new value: "applications/publicGameplay/configuration-sets/RegionId/fra-prod/versionless"
<2022-06-10 05:16:12.158>: [Info] (AZCore): [StackConfig] LayerS3(): layer's "remoteCfg.publicGameplay.RegionIdv" S3 key (old: ""), reset to new value: "applications/publicGameplay/configuration-sets/RegionId/fra-prod/555;1694880"
<2022-06-10 05:16:12.158>: [Info] (AZCore): [StackConfig] LayerS3(): layer's "remoteCfg.publicGameplay.CognitoId" S3 key (old: ""), reset to new value: "applications/publicGameplay/configuration-sets/CognitoId/us-east-1:0de93f7c-814e-4d48-a8fd-b6efc2f9ed93/versionless"
<2022-06-10 05:16:12.158>: [Info] (AZCore): [StackConfig] LayerS3(): layer's "remoteCfg.publicGameplay.CognitoIdv" S3 key (old: ""), reset to new value: "applications/publicGameplay/configuration-sets/CognitoId/us-east-1:0de93f7c-814e-4d48-a8fd-b6efc2f9ed93/555;1694880"
<2022-06-10 05:16:12.158>: [Info] (AZCore): [AuthManager] Initializing Steam Auth Manager.
<2022-06-10 05:16:12.158>: [Info] (AZCore): [SteamAuth] Initializing Persona.
<2022-06-10 05:16:12.193>: [Info]: [EasyAntiCheat] Initializing EAC game client module...
<2022-06-10 05:16:12.213>: [Info]: [EasyAntiCheat] ...EAC game client module initialized successfully.
<2022-06-10 05:16:13.106>: [Info]: Initializing default materials...
<2022-06-10 05:16:13.106>: [Info]: Initializing default footstep material...
<2022-06-10 05:16:13.683>: [Info] (AZCore): [streamingGDEManager] Initialize()
<2022-06-10 05:16:13.683>: [Info] (AZCore): [AsyncMapUnload] No previous level to unload, so not starting async.  Just loading this map now: ("frontendv2")
<2022-06-10 05:16:13.683>: [Info]: ============================ Loading level frontendv2 ============================
<2022-06-10 05:16:22.803>: [Info]: CGame::InitCoatlicueTerrain
<2022-06-10 05:16:22.829>: [Info] (AZCore): [Game] 0x441F4C03(user) attempting sign-in.
<2022-06-10 05:16:22.829>: [Info] (AZCore): [Game] LogEnvironmentString: Auth Mode: user
<2022-06-10 05:16:22.829>: [Info] (AZCore): [SteamAuth] Attempting to log in to Steam
<2022-06-10 05:16:22.829>: [Info] (AZCore): [SteamAuth] Getting steam auth session ticket.
<2022-06-10 05:16:23.281>: [Info] (AZCore): [SteamAuth] OnAuthSessionTicket: Authenticating using steam auth session ticket: 2
<2022-06-10 05:16:23.286>: [Info] (AZCore): [SteamAuth] CreateSteamSessionJob: Calling Persona to create steam session
<2022-06-10 05:16:24.521>: [Info] (AZCore): [SteamAuth] OnCreatedSessionSteam: Creating session for persona id: amzn1.developerPersonaId.02e9f3b7-55e1-865a-9031-570ce6f27a49.
<2022-06-10 05:16:24.521>: [Info] (AZCore): [SteamAuth] Calling Http API: https://d1w0bfy6smo4d1.cloudfront.net/prod/credentials
<2022-06-10 05:16:24.790>: [Info] (AZCore): [AuthStackCredentialsProvider] Successfully refreshed gateway AWS credentials, next attempt will start after 2022-06-10T06:11:23Z
<2022-06-10 05:16:24.790>: [Info] (AZCore): [AuthStackCredentialsProvider] Successfully refreshed persona AWS credentials, next attempt will start after 2022-06-10T06:11:23Z
<2022-06-10 05:16:25.134>: [Info] (AZCore): [Game] CGame::OnCampfireLoginComplete, login successful. ownership=permanent
<2022-06-10 05:16:25.134>: [Info] (AZCore): [Game] LogEnvironmentString: Gateway Signing Host: u433g9r00c.execute-api.eu-central-1.amazonaws.com
<2022-06-10 05:16:25.134>: [Info] (AZCore): [Game] LogEnvironmentString: Gateway Address: d1w0bfy6smo4d1.cloudfront.net
<2022-06-10 05:16:25.134>: [Info] (AZCore): [Game] LogEnvironmentString: HTTP Gateway Address: https://d1w0bfy6smo4d1.cloudfront.net/prod
<2022-06-10 05:16:25.134>: [Info] (AZCore): [Game] LogEnvironmentString: Gateway Mode: gateway
<2022-06-10 05:16:25.134>: [Info] (AZCore): [GameConnection] ConfigureLogin MODE_GATEWAY: endpoint=d1w0bfy6smo4d1.cloudfront.net, httpEntpoint=https://d1w0bfy6smo4d1.cloudfront.net/prod, region=eu-central-1
<2022-06-10 05:16:25.140>: [Info] (AZCore): [StackConfig] LayerS3(): layer's "remoteCfg.public.ProductId" S3 key (old: ""), reset to new value: "applications/public/configuration-sets/ProductId/STEAM_APP_ID.1063730/versionless"
<2022-06-10 05:16:25.140>: [Info] (AZCore): [StackConfig] Querying "remoteCfg.public.ProductId" remote config. S3 key: "applications/public/configuration-sets/ProductId/STEAM_APP_ID.1063730/versionless"
<2022-06-10 05:16:25.646>: [Info] (AZCore): [StackConfig] Retrieved layer's "remoteCfg.public.ProductId" remote config, with S3 key: "applications/public/configuration-sets/ProductId/STEAM_APP_ID.1063730/versionless" successfully, size: 339

<2022-06-10 05:16:25.649>: [Info] (AZCore): [StackConfig] LayerS3(): layer's "remoteCfg.public.ProductIdv" S3 key (old: ""), reset to new value: "applications/public/configuration-sets/ProductId/STEAM_APP_ID.1063730/555;1694880"
<2022-06-10 05:16:25.649>: [Info] (AZCore): [StackConfig] Querying "remoteCfg.public.ProductIdv" remote config. S3 key: "applications/public/configuration-sets/ProductId/STEAM_APP_ID.1063730/555;1694880"
<2022-06-10 05:16:25.762>: [Info] (AZCore): [StackConfig] LayerS3(): layer's "remoteCfg.public.RegionId" S3 key (old: "applications/public/configuration-sets/RegionId/fra-prod/versionless"), reset to new value: "applications/public/configuration-sets/RegionId/fra-prod/versionless"
<2022-06-10 05:16:25.762>: [Info] (AZCore): [StackConfig] Querying "remoteCfg.public.RegionId" remote config. S3 key: "applications/public/configuration-sets/RegionId/fra-prod/versionless"
<2022-06-10 05:16:25.878>: [Info] (AZCore): [StackConfig] Retrieved layer's "remoteCfg.public.RegionId" remote config, with S3 key: "applications/public/configuration-sets/RegionId/fra-prod/versionless" successfully, size: 246

<2022-06-10 05:16:25.882>: [Info] (AZCore): [StackConfig] LayerS3(): layer's "remoteCfg.public.RegionIdv" S3 key (old: "applications/public/configuration-sets/RegionId/fra-prod/555;1694880"), reset to new value: "applications/public/configuration-sets/RegionId/fra-prod/555;1694880"
<2022-06-10 05:16:25.882>: [Info] (AZCore): [StackConfig] Querying "remoteCfg.public.RegionIdv" remote config. S3 key: "applications/public/configuration-sets/RegionId/fra-prod/555;1694880"
<2022-06-10 05:16:26.006>: [Info] (AZCore): [StackConfig] LayerS3(): layer's "remoteCfg.publicGameplay.ProductId" S3 key (old: ""), reset to new value: "applications/publicGameplay/configuration-sets/ProductId/STEAM_APP_ID.1063730/versionless"
<2022-06-10 05:16:26.006>: [Info] (AZCore): [StackConfig] Querying "remoteCfg.publicGameplay.ProductId" remote config. S3 key: "applications/publicGameplay/configuration-sets/ProductId/STEAM_APP_ID.1063730/versionless"
<2022-06-10 05:16:26.144>: [Info] (AZCore): [StackConfig] Retrieved layer's "remoteCfg.publicGameplay.ProductId" remote config, with S3 key: "applications/publicGameplay/configuration-sets/ProductId/STEAM_APP_ID.1063730/versionless" successfully, size: 736

<2022-06-10 05:16:26.149>: [Info] (AZCore): [StackConfig] LayerS3(): layer's "remoteCfg.publicGameplay.ProductIdv" S3 key (old: ""), reset to new value: "applications/publicGameplay/configuration-sets/ProductId/STEAM_APP_ID.1063730/555;1694880"
<2022-06-10 05:16:26.149>: [Info] (AZCore): [StackConfig] Querying "remoteCfg.publicGameplay.ProductIdv" remote config. S3 key: "applications/publicGameplay/configuration-sets/ProductId/STEAM_APP_ID.1063730/555;1694880"
<2022-06-10 05:16:26.266>: [Info] (AZCore): [StackConfig] LayerS3(): layer's "remoteCfg.publicGameplay.RegionId" S3 key (old: "applications/publicGameplay/configuration-sets/RegionId/fra-prod/versionless"), reset to new value: "applications/publicGameplay/configuration-sets/RegionId/fra-prod/versionless"
<2022-06-10 05:16:26.266>: [Info] (AZCore): [StackConfig] Querying "remoteCfg.publicGameplay.RegionId" remote config. S3 key: "applications/publicGameplay/configuration-sets/RegionId/fra-prod/versionless"
<2022-06-10 05:16:26.382>: [Info] (AZCore): [StackConfig] Retrieved layer's "remoteCfg.publicGameplay.RegionId" remote config, with S3 key: "applications/publicGameplay/configuration-sets/RegionId/fra-prod/versionless" successfully, size: 137

<2022-06-10 05:16:26.387>: [Info] (AZCore): [StackConfig] LayerS3(): layer's "remoteCfg.publicGameplay.RegionIdv" S3 key (old: "applications/publicGameplay/configuration-sets/RegionId/fra-prod/555;1694880"), reset to new value: "applications/publicGameplay/configuration-sets/RegionId/fra-prod/555;1694880"
<2022-06-10 05:16:26.387>: [Info] (AZCore): [StackConfig] Querying "remoteCfg.publicGameplay.RegionIdv" remote config. S3 key: "applications/publicGameplay/configuration-sets/RegionId/fra-prod/555;1694880"
<2022-06-10 05:16:27.049>: [Info] (AZCore): [Game] LogEnvironmentString: Persona ID: amzn1.developerPersonaId.02e9f3b7-55e1-865a-9031-570ce6f27a49
<2022-06-10 05:16:27.457>: [Info]: 
<2022-06-10 05:16:27.460>: [Info]: Total number of logical processors: 16
<2022-06-10 05:16:27.460>: [Info]: Number of available logical processors: 16
<2022-06-10 05:16:27.460>: [Info]: Total number of system cores: 8
<2022-06-10 05:16:27.460>: [Info]: Number of cores available to process: 8
<2022-06-10 05:16:27.460>: [Info]:  
<2022-06-10 05:16:27.460>: [Info]: Processor 0:
<2022-06-10 05:16:27.460>: [Info]:   CPU: Intel        Intel(R) Xeon(R) CPU E5-2689 0 @ 2.60GHz
<2022-06-10 05:16:27.460>: [Info]:   Family: 6, Model: 13, Stepping: 7
<2022-06-10 05:16:27.460>: [Info]:   FPU: On-Chip
<2022-06-10 05:16:27.460>: [Info]:   3DNow!: not present
<2022-06-10 05:16:27.460>: [Info]:   MMX: not present
<2022-06-10 05:16:27.460>: [Info]:   SSE: present
<2022-06-10 05:16:27.460>: [Info]:   SSE2: present
<2022-06-10 05:16:27.460>: [Info]:   SSE3: present
<2022-06-10 05:16:27.460>: [Info]:   Serial number not present or disabled
<2022-06-10 05:16:27.460>: [Info]:  
<2022-06-10 05:16:27.460>: [Info]: Processor 1:
<2022-06-10 05:16:27.460>: [Info]:   CPU: Intel        Intel(R) Xeon(R) CPU E5-2689 0 @ 2.60GHz
<2022-06-10 05:16:27.460>: [Info]:   Family: 6, Model: 13, Stepping: 7
<2022-06-10 05:16:27.460>: [Info]:   FPU: On-Chip
<2022-06-10 05:16:27.460>: [Info]:   3DNow!: not present
<2022-06-10 05:16:27.460>: [Info]:   MMX: not present
<2022-06-10 05:16:27.460>: [Info]:   SSE: present
<2022-06-10 05:16:27.460>: [Info]:   SSE2: present
<2022-06-10 05:16:27.460>: [Info]:   SSE3: present
<2022-06-10 05:16:27.460>: [Info]:   Serial number not present or disabled
<2022-06-10 05:16:27.460>: [Info]:  
<2022-06-10 05:16:27.460>: [Info]: Processor 2:
<2022-06-10 05:16:27.460>: [Info]:   CPU: Intel        Intel(R) Xeon(R) CPU E5-2689 0 @ 2.60GHz
<2022-06-10 05:16:27.460>: [Info]:   Family: 6, Model: 13, Stepping: 7
<2022-06-10 05:16:27.460>: [Info]:   FPU: On-Chip
<2022-06-10 05:16:27.460>: [Info]:   3DNow!: not present
<2022-06-10 05:16:27.460>: [Info]:   MMX: not present
<2022-06-10 05:16:27.460>: [Info]:   SSE: present
<2022-06-10 05:16:27.460>: [Info]:   SSE2: present
<2022-06-10 05:16:27.460>: [Info]:   SSE3: present
<2022-06-10 05:16:27.460>: [Info]:   Serial number not present or disabled
<2022-06-10 05:16:27.460>: [Info]:  
<2022-06-10 05:16:27.460>: [Info]: Processor 3:
<2022-06-10 05:16:27.460>: [Info]:   CPU: Intel        Intel(R) Xeon(R) CPU E5-2689 0 @ 2.60GHz
<2022-06-10 05:16:27.460>: [Info]:   Family: 6, Model: 13, Stepping: 7
<2022-06-10 05:16:27.460>: [Info]:   FPU: On-Chip
<2022-06-10 05:16:27.460>: [Info]:   3DNow!: not present
<2022-06-10 05:16:27.460>: [Info]:   MMX: not present
<2022-06-10 05:16:27.460>: [Info]:   SSE: present
<2022-06-10 05:16:27.460>: [Info]:   SSE2: present
<2022-06-10 05:16:27.460>: [Info]:   SSE3: present
<2022-06-10 05:16:27.460>: [Info]:   Serial number not present or disabled
<2022-06-10 05:16:27.460>: [Info]:  
<2022-06-10 05:16:27.460>: [Info]: Processor 4:
<2022-06-10 05:16:27.460>: [Info]:   CPU: Intel        Intel(R) Xeon(R) CPU E5-2689 0 @ 2.60GHz
<2022-06-10 05:16:27.460>: [Info]:   Family: 6, Model: 13, Stepping: 7
<2022-06-10 05:16:27.460>: [Info]:   FPU: On-Chip
<2022-06-10 05:16:27.460>: [Info]:   3DNow!: not present
<2022-06-10 05:16:27.460>: [Info]:   MMX: not present
<2022-06-10 05:16:27.460>: [Info]:   SSE: present
<2022-06-10 05:16:27.460>: [Info]:   SSE2: present
<2022-06-10 05:16:27.460>: [Info]:   SSE3: present
<2022-06-10 05:16:27.460>: [Info]:   Serial number not present or disabled
<2022-06-10 05:16:27.460>: [Info]:  
<2022-06-10 05:16:27.460>: [Info]: Processor 5:
<2022-06-10 05:16:27.460>: [Info]:   CPU: Intel        Intel(R) Xeon(R) CPU E5-2689 0 @ 2.60GHz
<2022-06-10 05:16:27.460>: [Info]:   Family: 6, Model: 13, Stepping: 7
<2022-06-10 05:16:27.460>: [Info]:   FPU: On-Chip
<2022-06-10 05:16:27.460>: [Info]:   3DNow!: not present
<2022-06-10 05:16:27.460>: [Info]:   MMX: not present
<2022-06-10 05:16:27.460>: [Info]:   SSE: present
<2022-06-10 05:16:27.460>: [Info]:   SSE2: present
<2022-06-10 05:16:27.460>: [Info]:   SSE3: present
<2022-06-10 05:16:27.460>: [Info]:   Serial number not present or disabled
<2022-06-10 05:16:27.460>: [Info]:  
<2022-06-10 05:16:27.460>: [Info]: Processor 6:
<2022-06-10 05:16:27.460>: [Info]:   CPU: Intel        Intel(R) Xeon(R) CPU E5-2689 0 @ 2.60GHz
<2022-06-10 05:16:27.460>: [Info]:   Family: 6, Model: 13, Stepping: 7
<2022-06-10 05:16:27.460>: [Info]:   FPU: On-Chip
<2022-06-10 05:16:27.460>: [Info]:   3DNow!: not present
<2022-06-10 05:16:27.460>: [Info]:   MMX: not present
<2022-06-10 05:16:27.460>: [Info]:   SSE: present
<2022-06-10 05:16:27.460>: [Info]:   SSE2: present
<2022-06-10 05:16:27.460>: [Info]:   SSE3: present
<2022-06-10 05:16:27.460>: [Info]:   Serial number not present or disabled
<2022-06-10 05:16:27.460>: [Info]:  
<2022-06-10 05:16:27.460>: [Info]: Processor 7:
<2022-06-10 05:16:27.460>: [Info]:   CPU: Intel        Intel(R) Xeon(R) CPU E5-2689 0 @ 2.60GHz
<2022-06-10 05:16:27.460>: [Info]:   Family: 6, Model: 13, Stepping: 7
<2022-06-10 05:16:27.460>: [Info]:   FPU: On-Chip
<2022-06-10 05:16:27.460>: [Info]:   3DNow!: not present
<2022-06-10 05:16:27.460>: [Info]:   MMX: not present
<2022-06-10 05:16:27.460>: [Info]:   SSE: present
<2022-06-10 05:16:27.460>: [Info]:   SSE2: present
<2022-06-10 05:16:27.460>: [Info]:   SSE3: present
<2022-06-10 05:16:27.460>: [Info]:   Serial number not present or disabled
<2022-06-10 05:16:27.460>: [Info]:  
<2022-06-10 05:16:27.460>: [Info]: Change detected in analytics configuration. Re-instantiating network traffic reporter
<2022-06-10 05:17:16.640>: [Info] (AZCore): [Game] CGame::ActorContainerConnect
<2022-06-10 05:17:16.640>: [Info] (AZCore): [GameConnection] GameConnectionWrapper::Disconnect
<2022-06-10 05:17:16.640>: [Info] (AZCore): [GameConnection] GameConnectionWrapper::Connect: playerName = xuppra
<2022-06-10 05:17:16.640>: [Info] (AZCore): [GameConnection] Update state Disconnected to new state QueueGameLogin
<2022-06-10 05:17:16.656>: [Info] (AZCore): [GameConnection] Update state QueueGameLogin to new state WaitingForQueuedLogin
<2022-06-10 05:17:16.656>: [Info] (AZCore): [GameConnection] Queuing login for world () and character (9b7f7427-abde-4ac3-83cd-f10d78f51d29)
<2022-06-10 05:17:18.313>: [Info] (AZCore): [GameConnection] Received a login ticket: 86ae8332-ed32-420e-985c-61011022847a_cdc058d5-7915-454d-b8ed-443b7a7cc019, location: , New Ticket
<2022-06-10 05:17:20.448>: [Info] (AZCore): [GameConnection] Received a login ticket: 86ae8332-ed32-420e-985c-61011022847a_cdc058d5-7915-454d-b8ed-443b7a7cc019, location: @mm_loginservices_location_DEFAULT000, Refreshed Ticket
<2022-06-10 05:17:22.575>: [Info] (AZCore): [GameConnection] Received a login ticket: 86ae8332-ed32-420e-985c-61011022847a_cdc058d5-7915-454d-b8ed-443b7a7cc019, location: @mm_loginservices_location_DEFAULT000, Refreshed Ticket
<2022-06-10 05:17:24.751>: [Info] (AZCore): [GameConnection] Received a login ticket: 86ae8332-ed32-420e-985c-61011022847a_cdc058d5-7915-454d-b8ed-443b7a7cc019, location: @mm_loginservices_location_DEFAULT000, Refreshed Ticket
<2022-06-10 05:17:26.895>: [Info] (AZCore): [GameConnection] Received a login ticket: 86ae8332-ed32-420e-985c-61011022847a_cdc058d5-7915-454d-b8ed-443b7a7cc019, location: @mm_loginservices_location_DEFAULT000, Refreshed Ticket
<2022-06-10 05:17:29.043>: [Info] (AZCore): [GameConnection] Received a login ticket: 86ae8332-ed32-420e-985c-61011022847a_cdc058d5-7915-454d-b8ed-443b7a7cc019, location: @mm_loginservices_location_DEFAULT000, Refreshed Ticket
<2022-06-10 05:17:31.187>: [Info] (AZCore): [GameConnection] Received a login ticket: 86ae8332-ed32-420e-985c-61011022847a_cdc058d5-7915-454d-b8ed-443b7a7cc019, location: @mm_loginservices_location_DEFAULT000, Refreshed Ticket
<2022-06-10 05:17:33.334>: [Info] (AZCore): [GameConnection] Received a login ticket: 86ae8332-ed32-420e-985c-61011022847a_cdc058d5-7915-454d-b8ed-443b7a7cc019, location: @mm_loginservices_location_DEFAULT000, Refreshed Ticket
<2022-06-10 05:17:35.488>: [Info] (AZCore): [GameConnection] Received a login ticket: 86ae8332-ed32-420e-985c-61011022847a_cdc058d5-7915-454d-b8ed-443b7a7cc019, location: @mm_loginservices_location_DEFAULT000, Refreshed Ticket
<2022-06-10 05:17:37.622>: [Info] (AZCore): [GameConnection] Received a login ticket: 86ae8332-ed32-420e-985c-61011022847a_cdc058d5-7915-454d-b8ed-443b7a7cc019, location: @mm_loginservices_location_DEFAULT000, Refreshed Ticket
<2022-06-10 05:17:39.790>: [Info] (AZCore): [GameConnection] Received a login ticket: 86ae8332-ed32-420e-985c-61011022847a_cdc058d5-7915-454d-b8ed-443b7a7cc019, location: @mm_loginservices_location_DEFAULT000, Refreshed Ticket
<2022-06-10 05:17:41.942>: [Info] (AZCore): [GameConnection] Received a login ticket: 86ae8332-ed32-420e-985c-61011022847a_cdc058d5-7915-454d-b8ed-443b7a7cc019, location: @mm_loginservices_location_DEFAULT000, Refreshed Ticket
<2022-06-10 05:17:44.071>: [Info] (AZCore): [GameConnection] Received a login ticket: 86ae8332-ed32-420e-985c-61011022847a_cdc058d5-7915-454d-b8ed-443b7a7cc019, location: @mm_loginservices_location_DEFAULT000, Refreshed Ticket
<2022-06-10 05:17:46.197>: [Info] (AZCore): [GameConnection] Received a login ticket: 86ae8332-ed32-420e-985c-61011022847a_cdc058d5-7915-454d-b8ed-443b7a7cc019, location: @mm_loginservices_location_DEFAULT000, Refreshed Ticket
<2022-06-10 05:17:46.661>: [Info] (AZCore): [GameConnection] Waiting in login queue... Ticket (86ae8332-ed32-420e-985c-61011022847a_cdc058d5-7915-454d-b8ed-443b7a7cc019), Position (1)
<2022-06-10 05:17:48.309>: [Info] (AZCore): [GameConnection] Received a login ticket: 86ae8332-ed32-420e-985c-61011022847a_cdc058d5-7915-454d-b8ed-443b7a7cc019, location: @mm_loginservices_location_DEFAULT000, Refreshed Ticket
<2022-06-10 05:17:50.467>: [Info] (AZCore): [GameConnection] Received a login ticket: 86ae8332-ed32-420e-985c-61011022847a_cdc058d5-7915-454d-b8ed-443b7a7cc019, location: @mm_loginservices_location_DEFAULT000, Refreshed Ticket
<2022-06-10 05:17:52.610>: [Info] (AZCore): [GameConnection] Received a login ticket: 86ae8332-ed32-420e-985c-61011022847a_cdc058d5-7915-454d-b8ed-443b7a7cc019, location: @mm_loginservices_location_DEFAULT000, Refreshed Ticket
<2022-06-10 05:17:54.742>: [Info] (AZCore): [GameConnection] Received a login ticket: 86ae8332-ed32-420e-985c-61011022847a_cdc058d5-7915-454d-b8ed-443b7a7cc019, location: @mm_loginservices_location_DEFAULT000, Refreshed Ticket
<2022-06-10 05:17:56.881>: [Info] (AZCore): [GameConnection] Received a login ticket: 86ae8332-ed32-420e-985c-61011022847a_cdc058d5-7915-454d-b8ed-443b7a7cc019, location: @mm_loginservices_location_DEFAULT000, Refreshed Ticket
<2022-06-10 05:17:59.015>: [Info] (AZCore): [GameConnection] Received a login ticket: 86ae8332-ed32-420e-985c-61011022847a_cdc058d5-7915-454d-b8ed-443b7a7cc019, location: @mm_loginservices_location_DEFAULT000, Refreshed Ticket
<2022-06-10 05:18:01.141>: [Info] (AZCore): [GameConnection] Received a login ticket: 86ae8332-ed32-420e-985c-61011022847a_cdc058d5-7915-454d-b8ed-443b7a7cc019, location: @mm_loginservices_location_DEFAULT000, Refreshed Ticket
<2022-06-10 05:18:03.281>: [Info] (AZCore): [GameConnection] Received a login ticket: 86ae8332-ed32-420e-985c-61011022847a_cdc058d5-7915-454d-b8ed-443b7a7cc019, location: @mm_loginservices_location_DEFAULT000, Refreshed Ticket
<2022-06-10 05:18:05.411>: [Info] (AZCore): [GameConnection] Received a login ticket: 86ae8332-ed32-420e-985c-61011022847a_cdc058d5-7915-454d-b8ed-443b7a7cc019, location: @mm_loginservices_location_DEFAULT000, Refreshed Ticket
<2022-06-10 05:18:07.542>: [Info] (AZCore): [GameConnection] Received a login ticket: 86ae8332-ed32-420e-985c-61011022847a_cdc058d5-7915-454d-b8ed-443b7a7cc019, location: @mm_loginservices_location_DEFAULT000, Refreshed Ticket
<2022-06-10 05:18:09.670>: [Info] (AZCore): [GameConnection] Received a login ticket: 86ae8332-ed32-420e-985c-61011022847a_cdc058d5-7915-454d-b8ed-443b7a7cc019, location: @mm_loginservices_location_DEFAULT000, Refreshed Ticket
<2022-06-10 05:18:10.461>: [Info] (AZCore): [Game] CGame::ActorContainerDisconnect
<2022-06-10 05:18:10.461>: [Info] (AZCore): [GameConnection] GameConnectionWrapper::Disconnect
<2022-06-10 05:18:10.461>: [Info] (AZCore): [Game] CGame::OnDisconnection: Disconnected from REP
<2022-06-10 05:18:10.489>: [Info] (AZCore): [GameConnection] Update state WaitingForQueuedLogin to new state Disconnected
<2022-06-10 05:18:10.489>: [Info] (AZCore): [Game] CGame exiting to main menu
<2022-06-10 05:18:10.489>: [Info] (AZCore): [GameConnection] Initialize current retry count : 0
<2022-06-10 05:18:12.969>: [Info] (AZCore): [Game] CGame::ActorContainerConnect
<2022-06-10 05:18:12.969>: [Info] (AZCore): [GameConnection] GameConnectionWrapper::Disconnect
<2022-06-10 05:18:12.969>: [Info] (AZCore): [GameConnection] GameConnectionWrapper::Connect: playerName = xuppra
<2022-06-10 05:18:12.969>: [Info] (AZCore): [GameConnection] Update state Disconnected to new state QueueGameLogin
<2022-06-10 05:18:12.985>: [Info] (AZCore): [GameConnection] Update state QueueGameLogin to new state WaitingForQueuedLogin
<2022-06-10 05:18:12.985>: [Info] (AZCore): [GameConnection] Queuing login for world () and character (9b7f7427-abde-4ac3-83cd-f10d78f51d29)
<2022-06-10 05:18:13.916>: [Info] (AZCore): [GameConnection] Received a login ticket: 86ae8332-ed32-420e-985c-61011022847a_cdc058d5-7915-454d-b8ed-443b7a7cc019, location: , New Ticket
<2022-06-10 05:18:16.028>: [Info] (AZCore): [GameConnection] Received a login ticket: 86ae8332-ed32-420e-985c-61011022847a_cdc058d5-7915-454d-b8ed-443b7a7cc019, location: @mm_loginservices_location_DEFAULT000, Refreshed Ticket
<2022-06-10 05:18:18.171>: [Info] (AZCore): [GameConnection] Received a login ticket: 86ae8332-ed32-420e-985c-61011022847a_cdc058d5-7915-454d-b8ed-443b7a7cc019, location: @mm_loginservices_location_DEFAULT000, Refreshed Ticket
<2022-06-10 05:18:20.302>: [Info] (AZCore): [GameConnection] Received a login ticket: 86ae8332-ed32-420e-985c-61011022847a_cdc058d5-7915-454d-b8ed-443b7a7cc019, location: @mm_loginservices_location_DEFAULT000, Refreshed Ticket
<2022-06-10 05:18:22.455>: [Info] (AZCore): [GameConnection] Received a login ticket: 86ae8332-ed32-420e-985c-61011022847a_cdc058d5-7915-454d-b8ed-443b7a7cc019, location: @mm_loginservices_location_DEFAULT000, Refreshed Ticket
<2022-06-10 05:18:24.599>: [Info] (AZCore): [GameConnection] Received a login ticket: 86ae8332-ed32-420e-985c-61011022847a_cdc058d5-7915-454d-b8ed-443b7a7cc019, location: @mm_loginservices_location_DEFAULT000, Refreshed Ticket
<2022-06-10 05:18:26.758>: [Info] (AZCore): [GameConnection] Received a login ticket: 86ae8332-ed32-420e-985c-61011022847a_cdc058d5-7915-454d-b8ed-443b7a7cc019, location: @mm_loginservices_location_DEFAULT000, Refreshed Ticket
<2022-06-10 05:18:28.885>: [Info] (AZCore): [GameConnection] Received a login ticket: 86ae8332-ed32-420e-985c-61011022847a_cdc058d5-7915-454d-b8ed-443b7a7cc019, location: @mm_loginservices_location_DEFAULT000, Refreshed Ticket
<2022-06-10 05:18:31.049>: [Info] (AZCore): [GameConnection] Received a login ticket: 86ae8332-ed32-420e-985c-61011022847a_cdc058d5-7915-454d-b8ed-443b7a7cc019, location: @mm_loginservices_location_DEFAULT000, Refreshed Ticket
<2022-06-10 05:18:33.196>: [Info] (AZCore): [GameConnection] Received a login ticket: 86ae8332-ed32-420e-985c-61011022847a_cdc058d5-7915-454d-b8ed-443b7a7cc019, location: @mm_loginservices_location_DEFAULT000, Refreshed Ticket
<2022-06-10 05:18:35.345>: [Info] (AZCore): [GameConnection] Received a login ticket: 86ae8332-ed32-420e-985c-61011022847a_cdc058d5-7915-454d-b8ed-443b7a7cc019, location: @mm_loginservices_location_DEFAULT000, Refreshed Ticket
<2022-06-10 05:18:37.487>: [Info] (AZCore): [GameConnection] Received a login ticket: 86ae8332-ed32-420e-985c-61011022847a_cdc058d5-7915-454d-b8ed-443b7a7cc019, location: @mm_loginservices_location_DEFAULT000, Refreshed Ticket
<2022-06-10 05:18:39.617>: [Info] (AZCore): [GameConnection] Received a login ticket: 86ae8332-ed32-420e-985c-61011022847a_cdc058d5-7915-454d-b8ed-443b7a7cc019, location: @mm_loginservices_location_DEFAULT000, Refreshed Ticket
<2022-06-10 05:18:41.749>: [Info] (AZCore): [GameConnection] Received a login ticket: 86ae8332-ed32-420e-985c-61011022847a_cdc058d5-7915-454d-b8ed-443b7a7cc019, location: @mm_loginservices_location_DEFAULT000, Refreshed Ticket
<2022-06-10 05:18:42.985>: [Info] (AZCore): [GameConnection] Waiting in login queue... Ticket (86ae8332-ed32-420e-985c-61011022847a_cdc058d5-7915-454d-b8ed-443b7a7cc019), Position (1)
<2022-06-10 05:18:43.911>: [Info] (AZCore): [GameConnection] Received a login ticket: 86ae8332-ed32-420e-985c-61011022847a_cdc058d5-7915-454d-b8ed-443b7a7cc019, location: @mm_loginservices_location_DEFAULT000, Refreshed Ticket
<2022-06-10 05:18:46.047>: [Info] (AZCore): [GameConnection] Received a login ticket: 86ae8332-ed32-420e-985c-61011022847a_cdc058d5-7915-454d-b8ed-443b7a7cc019, location: @mm_loginservices_location_DEFAULT000, Refreshed Ticket
<2022-06-10 05:18:48.191>: [Info] (AZCore): [GameConnection] Received a login ticket: 86ae8332-ed32-420e-985c-61011022847a_cdc058d5-7915-454d-b8ed-443b7a7cc019, location: @mm_loginservices_location_DEFAULT000, Refreshed Ticket
<2022-06-10 05:18:50.320>: [Info] (AZCore): [GameConnection] Received a login ticket: 86ae8332-ed32-420e-985c-61011022847a_cdc058d5-7915-454d-b8ed-443b7a7cc019, location: @mm_loginservices_location_DEFAULT000, Refreshed Ticket
<2022-06-10 05:18:52.468>: [Info] (AZCore): [GameConnection] Received a login ticket: 86ae8332-ed32-420e-985c-61011022847a_cdc058d5-7915-454d-b8ed-443b7a7cc019, location: @mm_loginservices_location_DEFAULT000, Refreshed Ticket
<2022-06-10 05:18:54.630>: [Info] (AZCore): [GameConnection] Received a login ticket: 86ae8332-ed32-420e-985c-61011022847a_cdc058d5-7915-454d-b8ed-443b7a7cc019, location: @mm_loginservices_location_DEFAULT000, Refreshed Ticket
<2022-06-10 05:18:56.760>: [Info] (AZCore): [GameConnection] Received a login ticket: 86ae8332-ed32-420e-985c-61011022847a_cdc058d5-7915-454d-b8ed-443b7a7cc019, location: @mm_loginservices_location_DEFAULT000, Refreshed Ticket
<2022-06-10 05:18:58.887>: [Info] (AZCore): [GameConnection] Received a login ticket: 86ae8332-ed32-420e-985c-61011022847a_cdc058d5-7915-454d-b8ed-443b7a7cc019, location: @mm_loginservices_location_DEFAULT000, Refreshed Ticket
<2022-06-10 05:19:01.020>: [Info] (AZCore): [GameConnection] Received a login ticket: 86ae8332-ed32-420e-985c-61011022847a_cdc058d5-7915-454d-b8ed-443b7a7cc019, location: @mm_loginservices_location_DEFAULT000, Refreshed Ticket
<2022-06-10 05:19:03.135>: [Info] (AZCore): [GameConnection] Received a login ticket: 86ae8332-ed32-420e-985c-61011022847a_cdc058d5-7915-454d-b8ed-443b7a7cc019, location: @mm_loginservices_location_DEFAULT000, Refreshed Ticket
<2022-06-10 05:19:05.282>: [Info] (AZCore): [GameConnection] Received a login ticket: 86ae8332-ed32-420e-985c-61011022847a_cdc058d5-7915-454d-b8ed-443b7a7cc019, location: @mm_loginservices_location_DEFAULT000, Refreshed Ticket
<2022-06-10 05:19:07.410>: [Info] (AZCore): [GameConnection] Received a login ticket: 86ae8332-ed32-420e-985c-61011022847a_cdc058d5-7915-454d-b8ed-443b7a7cc019, location: @mm_loginservices_location_DEFAULT000, Refreshed Ticket
<2022-06-10 05:19:09.582>: [Info] (AZCore): [GameConnection] Received a login ticket: 86ae8332-ed32-420e-985c-61011022847a_cdc058d5-7915-454d-b8ed-443b7a7cc019, location: @mm_loginservices_location_DEFAULT000, Refreshed Ticket
<2022-06-10 05:19:11.737>: [Info] (AZCore): [GameConnection] Received a login ticket: 86ae8332-ed32-420e-985c-61011022847a_cdc058d5-7915-454d-b8ed-443b7a7cc019, location: @mm_loginservices_location_DEFAULT000, Refreshed Ticket
<2022-06-10 05:19:12.986>: [Info] (AZCore): [GameConnection] Waiting in login queue... Ticket (86ae8332-ed32-420e-985c-61011022847a_cdc058d5-7915-454d-b8ed-443b7a7cc019), Position (1)
<2022-06-10 05:19:13.884>: [Info] (AZCore): [GameConnection] Received a login ticket: 86ae8332-ed32-420e-985c-61011022847a_cdc058d5-7915-454d-b8ed-443b7a7cc019, location: @mm_loginservices_location_DEFAULT000, Refreshed Ticket
<2022-06-10 05:19:16.029>: [Info] (AZCore): [GameConnection] Received a login ticket: 86ae8332-ed32-420e-985c-61011022847a_cdc058d5-7915-454d-b8ed-443b7a7cc019, location: @mm_loginservices_location_DEFAULT000, Refreshed Ticket
<2022-06-10 05:19:18.170>: [Info] (AZCore): [GameConnection] Received a login ticket: 86ae8332-ed32-420e-985c-61011022847a_cdc058d5-7915-454d-b8ed-443b7a7cc019, location: @mm_loginservices_location_DEFAULT000, Refreshed Ticket
<2022-06-10 05:19:20.316>: [Info] (AZCore): [GameConnection] Received a login ticket: 86ae8332-ed32-420e-985c-61011022847a_cdc058d5-7915-454d-b8ed-443b7a7cc019, location: @mm_loginservices_location_DEFAULT000, Refreshed Ticket
<2022-06-10 05:19:22.458>: [Info] (AZCore): [GameConnection] Received a login ticket: 86ae8332-ed32-420e-985c-61011022847a_cdc058d5-7915-454d-b8ed-443b7a7cc019, location: @mm_loginservices_location_DEFAULT000, Refreshed Ticket
<2022-06-10 05:19:24.613>: [Info] (AZCore): [GameConnection] Received a login ticket: 86ae8332-ed32-420e-985c-61011022847a_cdc058d5-7915-454d-b8ed-443b7a7cc019, location: @mm_loginservices_location_DEFAULT000, Refreshed Ticket
<2022-06-10 05:19:26.743>: [Info] (AZCore): [GameConnection] Received a login ticket: 86ae8332-ed32-420e-985c-61011022847a_cdc058d5-7915-454d-b8ed-443b7a7cc019, location: @mm_loginservices_location_DEFAULT000, Refreshed Ticket
<2022-06-10 05:19:28.878>: [Info] (AZCore): [GameConnection] Received a login ticket: 86ae8332-ed32-420e-985c-61011022847a_cdc058d5-7915-454d-b8ed-443b7a7cc019, location: @mm_loginservices_location_DEFAULT000, Refreshed Ticket
<2022-06-10 05:19:31.005>: [Info] (AZCore): [GameConnection] Received a login ticket: 86ae8332-ed32-420e-985c-61011022847a_cdc058d5-7915-454d-b8ed-443b7a7cc019, location: @mm_loginservices_location_DEFAULT000, Refreshed Ticket
<2022-06-10 05:19:33.166>: [Info] (AZCore): [GameConnection] Received a login ticket: 86ae8332-ed32-420e-985c-61011022847a_cdc058d5-7915-454d-b8ed-443b7a7cc019, location: @mm_loginservices_location_DEFAULT000, Refreshed Ticket
<2022-06-10 05:19:35.297>: [Info] (AZCore): [GameConnection] Received a login ticket: 86ae8332-ed32-420e-985c-61011022847a_cdc058d5-7915-454d-b8ed-443b7a7cc019, location: @mm_loginservices_location_DEFAULT000, Refreshed Ticket
<2022-06-10 05:19:37.473>: [Info] (AZCore): [GameConnection] Received a login ticket: 86ae8332-ed32-420e-985c-61011022847a_cdc058d5-7915-454d-b8ed-443b7a7cc019, location: @mm_loginservices_location_DEFAULT000, Refreshed Ticket
<2022-06-10 05:19:39.613>: [Info] (AZCore): [GameConnection] Received a login ticket: 86ae8332-ed32-420e-985c-61011022847a_cdc058d5-7915-454d-b8ed-443b7a7cc019, location: @mm_loginservices_location_DEFAULT000, Refreshed Ticket
<2022-06-10 05:19:41.743>: [Info] (AZCore): [GameConnection] Received a login ticket: 86ae8332-ed32-420e-985c-61011022847a_cdc058d5-7915-454d-b8ed-443b7a7cc019, location: @mm_loginservices_location_DEFAULT000, Refreshed Ticket
<2022-06-10 05:19:42.992>: [Info] (AZCore): [GameConnection] Waiting in login queue... Ticket (86ae8332-ed32-420e-985c-61011022847a_cdc058d5-7915-454d-b8ed-443b7a7cc019), Position (1)
<2022-06-10 05:19:43.907>: [Info] (AZCore): [GameConnection] Received a login ticket: 86ae8332-ed32-420e-985c-61011022847a_cdc058d5-7915-454d-b8ed-443b7a7cc019, location: @mm_loginservices_location_DEFAULT000, Refreshed Ticket
<2022-06-10 05:19:46.034>: [Info] (AZCore): [GameConnection] Received a login ticket: 86ae8332-ed32-420e-985c-61011022847a_cdc058d5-7915-454d-b8ed-443b7a7cc019, location: @mm_loginservices_location_DEFAULT000, Refreshed Ticket
<2022-06-10 05:19:48.185>: [Info] (AZCore): [GameConnection] Received a login ticket: 86ae8332-ed32-420e-985c-61011022847a_cdc058d5-7915-454d-b8ed-443b7a7cc019, location: @mm_loginservices_location_DEFAULT000, Refreshed Ticket
<2022-06-10 05:19:50.327>: [Info] (AZCore): [GameConnection] Received a login ticket: 86ae8332-ed32-420e-985c-61011022847a_cdc058d5-7915-454d-b8ed-443b7a7cc019, location: @mm_loginservices_location_DEFAULT000, Refreshed Ticket
<2022-06-10 05:19:52.495>: [Info] (AZCore): [GameConnection] Received a login ticket: 86ae8332-ed32-420e-985c-61011022847a_cdc058d5-7915-454d-b8ed-443b7a7cc019, location: @mm_loginservices_location_DEFAULT000, Refreshed Ticket
<2022-06-10 05:19:54.615>: [Info] (AZCore): [GameConnection] Received a login ticket: 86ae8332-ed32-420e-985c-61011022847a_cdc058d5-7915-454d-b8ed-443b7a7cc019, location: @mm_loginservices_location_DEFAULT000, Refreshed Ticket
<2022-06-10 05:19:56.772>: [Info] (AZCore): [GameConnection] Received a login ticket: 86ae8332-ed32-420e-985c-61011022847a_cdc058d5-7915-454d-b8ed-443b7a7cc019, location: @mm_loginservices_location_DEFAULT000, Refreshed Ticket
<2022-06-10 05:19:58.922>: [Info] (AZCore): [GameConnection] Received a login ticket: 86ae8332-ed32-420e-985c-61011022847a_cdc058d5-7915-454d-b8ed-443b7a7cc019, location: @mm_loginservices_location_DEFAULT000, Refreshed Ticket
<2022-06-10 05:20:01.050>: [Info] (AZCore): [GameConnection] Received a login ticket: 86ae8332-ed32-420e-985c-61011022847a_cdc058d5-7915-454d-b8ed-443b7a7cc019, location: @mm_loginservices_location_DEFAULT000, Refreshed Ticket
<2022-06-10 05:20:03.193>: [Info] (AZCore): [GameConnection] Received a login ticket: 86ae8332-ed32-420e-985c-61011022847a_cdc058d5-7915-454d-b8ed-443b7a7cc019, location: @mm_loginservices_location_DEFAULT000, Refreshed Ticket
<2022-06-10 05:20:05.404>: [Info] (AZCore): [GameConnection] Received a login ticket: 86ae8332-ed32-420e-985c-61011022847a_cdc058d5-7915-454d-b8ed-443b7a7cc019, location: @mm_loginservices_location_DEFAULT000, Refreshed Ticket
<2022-06-10 05:20:07.535>: [Info] (AZCore): [GameConnection] Received a login ticket: 86ae8332-ed32-420e-985c-61011022847a_cdc058d5-7915-454d-b8ed-443b7a7cc019, location: @mm_loginservices_location_DEFAULT000, Refreshed Ticket
<2022-06-10 05:20:09.662>: [Info] (AZCore): [GameConnection] Received a login ticket: 86ae8332-ed32-420e-985c-61011022847a_cdc058d5-7915-454d-b8ed-443b7a7cc019, location: @mm_loginservices_location_DEFAULT000, Refreshed Ticket
<2022-06-10 05:20:11.808>: [Info] (AZCore): [GameConnection] Received a login ticket: 86ae8332-ed32-420e-985c-61011022847a_cdc058d5-7915-454d-b8ed-443b7a7cc019, location: @mm_loginservices_location_DEFAULT000, Refreshed Ticket
<2022-06-10 05:20:12.999>: [Info] (AZCore): [GameConnection] Waiting in login queue... Ticket (86ae8332-ed32-420e-985c-61011022847a_cdc058d5-7915-454d-b8ed-443b7a7cc019), Position (1)
<2022-06-10 05:20:14.054>: [Info] (AZCore): [GameConnection] Received a login ticket: 86ae8332-ed32-420e-985c-61011022847a_cdc058d5-7915-454d-b8ed-443b7a7cc019, location: @mm_loginservices_location_DEFAULT000, Refreshed Ticket
<2022-06-10 05:20:16.196>: [Info] (AZCore): [GameConnection] Received a login ticket: 86ae8332-ed32-420e-985c-61011022847a_cdc058d5-7915-454d-b8ed-443b7a7cc019, location: @mm_loginservices_location_DEFAULT000, Refreshed Ticket
<2022-06-10 05:20:18.309>: [Info] (AZCore): [GameConnection] Received a login ticket: 86ae8332-ed32-420e-985c-61011022847a_cdc058d5-7915-454d-b8ed-443b7a7cc019, location: @mm_loginservices_location_DEFAULT000, Refreshed Ticket
<2022-06-10 05:20:20.438>: [Info] (AZCore): [GameConnection] Received a login ticket: 86ae8332-ed32-420e-985c-61011022847a_cdc058d5-7915-454d-b8ed-443b7a7cc019, location: @mm_loginservices_location_DEFAULT000, Refreshed Ticket
<2022-06-10 05:20:22.621>: [Info] (AZCore): [GameConnection] Received a login ticket: 86ae8332-ed32-420e-985c-61011022847a_cdc058d5-7915-454d-b8ed-443b7a7cc019, location: @mm_loginservices_location_DEFAULT000, Refreshed Ticket
<2022-06-10 05:20:24.771>: [Info] (AZCore): [GameConnection] Received a login ticket: 86ae8332-ed32-420e-985c-61011022847a_cdc058d5-7915-454d-b8ed-443b7a7cc019, location: @mm_loginservices_location_DEFAULT000, Refreshed Ticket
<2022-06-10 05:20:26.928>: [Info] (AZCore): [GameConnection] Received a login ticket: 86ae8332-ed32-420e-985c-61011022847a_cdc058d5-7915-454d-b8ed-443b7a7cc019, location: @mm_loginservices_location_DEFAULT000, Refreshed Ticket
<2022-06-10 05:20:29.043>: [Info] (AZCore): [GameConnection] Received a login ticket: 86ae8332-ed32-420e-985c-61011022847a_cdc058d5-7915-454d-b8ed-443b7a7cc019, location: @mm_loginservices_location_DEFAULT000, Refreshed Ticket
<2022-06-10 05:20:31.192>: [Info] (AZCore): [GameConnection] Received a login ticket: 86ae8332-ed32-420e-985c-61011022847a_cdc058d5-7915-454d-b8ed-443b7a7cc019, location: @mm_loginservices_location_DEFAULT000, Refreshed Ticket
<2022-06-10 05:20:33.398>: [Info] (AZCore): [GameConnection] Received a login ticket: 86ae8332-ed32-420e-985c-61011022847a_cdc058d5-7915-454d-b8ed-443b7a7cc019, location: @mm_loginservices_location_DEFAULT000, Refreshed Ticket
<2022-06-10 05:20:35.562>: [Info] (AZCore): [GameConnection] Received a login ticket: 86ae8332-ed32-420e-985c-61011022847a_cdc058d5-7915-454d-b8ed-443b7a7cc019, location: @mm_loginservices_location_DEFAULT000, Refreshed Ticket
<2022-06-10 05:20:37.682>: [Info] (AZCore): [GameConnection] Received a login ticket: 86ae8332-ed32-420e-985c-61011022847a_cdc058d5-7915-454d-b8ed-443b7a7cc019, location: @mm_loginservices_location_DEFAULT000, Refreshed Ticket
<2022-06-10 05:20:39.835>: [Info] (AZCore): [GameConnection] Received a login ticket: 86ae8332-ed32-420e-985c-61011022847a_cdc058d5-7915-454d-b8ed-443b7a7cc019, location: @mm_loginservices_location_DEFAULT000, Refreshed Ticket
<2022-06-10 05:20:42.011>: [Info] (AZCore): [GameConnection] Received a login ticket: 86ae8332-ed32-420e-985c-61011022847a_cdc058d5-7915-454d-b8ed-443b7a7cc019, location: @mm_loginservices_location_DEFAULT000, Refreshed Ticket
<2022-06-10 05:20:43.002>: [Info] (AZCore): [GameConnection] Waiting in login queue... Ticket (86ae8332-ed32-420e-985c-61011022847a_cdc058d5-7915-454d-b8ed-443b7a7cc019), Position (1)
<2022-06-10 05:20:44.155>: [Info] (AZCore): [GameConnection] Received a login ticket: 86ae8332-ed32-420e-985c-61011022847a_cdc058d5-7915-454d-b8ed-443b7a7cc019, location: @mm_loginservices_location_DEFAULT000, Refreshed Ticket
<2022-06-10 05:20:46.272>: [Info] (AZCore): [GameConnection] Received a login ticket: 86ae8332-ed32-420e-985c-61011022847a_cdc058d5-7915-454d-b8ed-443b7a7cc019, location: @mm_loginservices_location_DEFAULT000, Refreshed Ticket
<2022-06-10 05:20:48.400>: [Info] (AZCore): [GameConnection] Received a login ticket: 86ae8332-ed32-420e-985c-61011022847a_cdc058d5-7915-454d-b8ed-443b7a7cc019, location: @mm_loginservices_location_DEFAULT000, Refreshed Ticket
<2022-06-10 05:20:50.534>: [Info] (AZCore): [GameConnection] Received a login ticket: 86ae8332-ed32-420e-985c-61011022847a_cdc058d5-7915-454d-b8ed-443b7a7cc019, location: @mm_loginservices_location_DEFAULT000, Refreshed Ticket
<2022-06-10 05:20:51.429>: [Info] (AZCore): [Game] CGame::ActorContainerDisconnect
<2022-06-10 05:20:51.429>: [Info] (AZCore): [GameConnection] GameConnectionWrapper::Disconnect
<2022-06-10 05:20:51.429>: [Info] (AZCore): [Game] CGame::OnDisconnection: Disconnected from REP
<2022-06-10 05:20:51.455>: [Info] (AZCore): [GameConnection] Update state WaitingForQueuedLogin to new state Disconnected
<2022-06-10 05:20:51.455>: [Info] (AZCore): [Game] CGame exiting to main menu
<2022-06-10 05:20:51.455>: [Info] (AZCore): [GameConnection] Initialize current retry count : 0
<2022-06-10 05:20:59.347>: [Info] (AZCore): [Game] CGame::ActorContainerConnect
<2022-06-10 05:20:59.347>: [Info] (AZCore): [GameConnection] GameConnectionWrapper::Disconnect
<2022-06-10 05:20:59.347>: [Info] (AZCore): [GameConnection] GameConnectionWrapper::Connect: playerName = xuppra
<2022-06-10 05:20:59.347>: [Info] (AZCore): [GameConnection] Update state Disconnected to new state QueueGameLogin
<2022-06-10 05:20:59.363>: [Info] (AZCore): [GameConnection] Update state QueueGameLogin to new state WaitingForQueuedLogin
<2022-06-10 05:20:59.363>: [Info] (AZCore): [GameConnection] Queuing login for world () and character (9b7f7427-abde-4ac3-83cd-f10d78f51d29)
<2022-06-10 05:21:00.547>: [Info] (AZCore): [GameConnection] Received a login ticket: 86ae8332-ed32-420e-985c-61011022847a_cdc058d5-7915-454d-b8ed-443b7a7cc019, location: , New Ticket
<2022-06-10 05:21:02.705>: [Info] (AZCore): [GameConnection] Received a login ticket: 86ae8332-ed32-420e-985c-61011022847a_cdc058d5-7915-454d-b8ed-443b7a7cc019, location: @mm_loginservices_location_DEFAULT000, Refreshed Ticket
<2022-06-10 05:21:04.847>: [Info] (AZCore): [GameConnection] Received a login ticket: 86ae8332-ed32-420e-985c-61011022847a_cdc058d5-7915-454d-b8ed-443b7a7cc019, location: @mm_loginservices_location_DEFAULT000, Refreshed Ticket
<2022-06-10 05:21:06.981>: [Info] (AZCore): [GameConnection] Received a login ticket: 86ae8332-ed32-420e-985c-61011022847a_cdc058d5-7915-454d-b8ed-443b7a7cc019, location: @mm_loginservices_location_DEFAULT000, Refreshed Ticket
<2022-06-10 05:21:09.113>: [Info] (AZCore): [GameConnection] Received a login ticket: 86ae8332-ed32-420e-985c-61011022847a_cdc058d5-7915-454d-b8ed-443b7a7cc019, location: @mm_loginservices_location_DEFAULT000, Refreshed Ticket
<2022-06-10 05:21:11.256>: [Info] (AZCore): [GameConnection] Received a login ticket: 86ae8332-ed32-420e-985c-61011022847a_cdc058d5-7915-454d-b8ed-443b7a7cc019, location: @mm_loginservices_location_DEFAULT000, Refreshed Ticket
<2022-06-10 05:21:13.400>: [Info] (AZCore): [GameConnection] Received a login ticket: 86ae8332-ed32-420e-985c-61011022847a_cdc058d5-7915-454d-b8ed-443b7a7cc019, location: @mm_loginservices_location_DEFAULT000, Refreshed Ticket
<2022-06-10 05:21:15.548>: [Info] (AZCore): [GameConnection] Received a login ticket: 86ae8332-ed32-420e-985c-61011022847a_cdc058d5-7915-454d-b8ed-443b7a7cc019, location: @mm_loginservices_location_DEFAULT000, Refreshed Ticket
<2022-06-10 05:21:17.688>: [Info] (AZCore): [GameConnection] Received a login ticket: 86ae8332-ed32-420e-985c-61011022847a_cdc058d5-7915-454d-b8ed-443b7a7cc019, location: @mm_loginservices_location_DEFAULT000, Refreshed Ticket
<2022-06-10 05:21:19.827>: [Info] (AZCore): [GameConnection] Received a login ticket: 86ae8332-ed32-420e-985c-61011022847a_cdc058d5-7915-454d-b8ed-443b7a7cc019, location: @mm_loginservices_location_DEFAULT000, Refreshed Ticket
<2022-06-10 05:21:21.961>: [Info] (AZCore): [GameConnection] Received a login ticket: 86ae8332-ed32-420e-985c-61011022847a_cdc058d5-7915-454d-b8ed-443b7a7cc019, location: @mm_loginservices_location_DEFAULT000, Refreshed Ticket
<2022-06-10 05:21:24.110>: [Info] (AZCore): [GameConnection] Received a login ticket: 86ae8332-ed32-420e-985c-61011022847a_cdc058d5-7915-454d-b8ed-443b7a7cc019, location: @mm_loginservices_location_DEFAULT000, Refreshed Ticket
<2022-06-10 05:21:26.249>: [Info] (AZCore): [GameConnection] Received a login ticket: 86ae8332-ed32-420e-985c-61011022847a_cdc058d5-7915-454d-b8ed-443b7a7cc019, location: @mm_loginservices_location_DEFAULT000, Refreshed Ticket
<2022-06-10 05:21:28.385>: [Info] (AZCore): [GameConnection] Received a login ticket: 86ae8332-ed32-420e-985c-61011022847a_cdc058d5-7915-454d-b8ed-443b7a7cc019, location: @mm_loginservices_location_DEFAULT000, Refreshed Ticket
<2022-06-10 05:21:29.378>: [Info] (AZCore): [GameConnection] Waiting in login queue... Ticket (86ae8332-ed32-420e-985c-61011022847a_cdc058d5-7915-454d-b8ed-443b7a7cc019), Position (1)
<2022-06-10 05:21:30.529>: [Info] (AZCore): [GameConnection] Received a login ticket: 86ae8332-ed32-420e-985c-61011022847a_cdc058d5-7915-454d-b8ed-443b7a7cc019, location: @mm_loginservices_location_DEFAULT000, Refreshed Ticket
<2022-06-10 05:21:32.676>: [Info] (AZCore): [GameConnection] Received a login ticket: 86ae8332-ed32-420e-985c-61011022847a_cdc058d5-7915-454d-b8ed-443b7a7cc019, location: @mm_loginservices_location_DEFAULT000, Refreshed Ticket
<2022-06-10 05:21:34.791>: [Info] (AZCore): [GameConnection] Received a login ticket: 86ae8332-ed32-420e-985c-61011022847a_cdc058d5-7915-454d-b8ed-443b7a7cc019, location: @mm_loginservices_location_DEFAULT000, Refreshed Ticket
<2022-06-10 05:21:36.934>: [Info] (AZCore): [GameConnection] Received a login ticket: 86ae8332-ed32-420e-985c-61011022847a_cdc058d5-7915-454d-b8ed-443b7a7cc019, location: @mm_loginservices_location_DEFAULT000, Refreshed Ticket
<2022-06-10 05:21:39.080>: [Info] (AZCore): [GameConnection] Received a login ticket: 86ae8332-ed32-420e-985c-61011022847a_cdc058d5-7915-454d-b8ed-443b7a7cc019, location: @mm_loginservices_location_DEFAULT000, Refreshed Ticket
<2022-06-10 05:21:41.220>: [Info] (AZCore): [GameConnection] Received a login ticket: 86ae8332-ed32-420e-985c-61011022847a_cdc058d5-7915-454d-b8ed-443b7a7cc019, location: @mm_loginservices_location_DEFAULT000, Refreshed Ticket
<2022-06-10 05:21:43.372>: [Info] (AZCore): [GameConnection] Received a login ticket: 86ae8332-ed32-420e-985c-61011022847a_cdc058d5-7915-454d-b8ed-443b7a7cc019, location: @mm_loginservices_location_DEFAULT000, Refreshed Ticket
<2022-06-10 05:21:45.527>: [Info] (AZCore): [GameConnection] Received a login ticket: 86ae8332-ed32-420e-985c-61011022847a_cdc058d5-7915-454d-b8ed-443b7a7cc019, location: @mm_loginservices_location_DEFAULT000, Refreshed Ticket
<2022-06-10 05:21:47.657>: [Info] (AZCore): [GameConnection] Received a login ticket: 86ae8332-ed32-420e-985c-61011022847a_cdc058d5-7915-454d-b8ed-443b7a7cc019, location: @mm_loginservices_location_DEFAULT000, Refreshed Ticket
<2022-06-10 05:21:49.781>: [Info] (AZCore): [GameConnection] Received a login ticket: 86ae8332-ed32-420e-985c-61011022847a_cdc058d5-7915-454d-b8ed-443b7a7cc019, location: @mm_loginservices_location_DEFAULT000, Refreshed Ticket
<2022-06-10 05:21:51.918>: [Info] (AZCore): [GameConnection] Received a login ticket: 86ae8332-ed32-420e-985c-61011022847a_cdc058d5-7915-454d-b8ed-443b7a7cc019, location: @mm_loginservices_location_DEFAULT000, Refreshed Ticket
<2022-06-10 05:21:54.077>: [Info] (AZCore): [GameConnection] Received a login ticket: 86ae8332-ed32-420e-985c-61011022847a_cdc058d5-7915-454d-b8ed-443b7a7cc019, location: @mm_loginservices_location_DEFAULT000, Refreshed Ticket
<2022-06-10 05:21:56.227>: [Info] (AZCore): [GameConnection] Received a login ticket: 86ae8332-ed32-420e-985c-61011022847a_cdc058d5-7915-454d-b8ed-443b7a7cc019, location: @mm_loginservices_location_DEFAULT000, Refreshed Ticket
<2022-06-10 05:21:58.373>: [Info] (AZCore): [GameConnection] Received a login ticket: 86ae8332-ed32-420e-985c-61011022847a_cdc058d5-7915-454d-b8ed-443b7a7cc019, location: @mm_loginservices_location_DEFAULT000, Refreshed Ticket
<2022-06-10 05:21:59.392>: [Info] (AZCore): [GameConnection] Waiting in login queue... Ticket (86ae8332-ed32-420e-985c-61011022847a_cdc058d5-7915-454d-b8ed-443b7a7cc019), Position (1)
<2022-06-10 05:22:00.511>: [Info] (AZCore): [GameConnection] QueueLogin failed: [c38cdc58-d0ef-4db7-8da7-187160fdd1b8] [WorldMaintenance] Unable to parse ExceptionName: WorldMaintenance Message: Access is forbidden: reason=WorldMaintenance (403)
<2022-06-10 05:22:00.511>: [Info] (AZCore): [GameConnection] Report Error: Reason: 3 BannedUntilEpochMS: 0d
<2022-06-10 05:22:00.511>: [Info] (AZCore): [Game] JavelinGame::OnConnectionFail: OnConnectionFail: Reason: 3 
<2022-06-10 05:22:00.511>: [Info] (AZCore): [Game] CGame::ActorContainerDisconnect
<2022-06-10 05:22:00.511>: [Info] (AZCore): [GameConnection] GameConnectionWrapper::Disconnect
<2022-06-10 05:22:00.511>: [Info] (AZCore): [Game] CGame::OnDisconnection: Disconnected from REP
<2022-06-10 05:22:00.538>: [Info] (AZCore): [GameConnection] Update state WaitingForQueuedLogin to new state Disconnected
<2022-06-10 05:22:00.539>: [Info] (AZCore): [GameConnection] Initialize current retry count : 0
<2022-06-10 05:22:00.539>: [Info] (AZCore): [GameConnection] GameConnectionWrapper::Disconnect
<2022-06-10 05:22:21.629>: [Info] (AZCore): [GameConnection] Initialize current retry count : 0
<2022-06-10 05:22:24.079>: [Info] (AZCore): [Game] CGame::ActorContainerConnect
<2022-06-10 05:22:24.079>: [Info] (AZCore): [GameConnection] GameConnectionWrapper::Disconnect
<2022-06-10 05:22:24.079>: [Info] (AZCore): [GameConnection] GameConnectionWrapper::Connect: playerName = xuppra
<2022-06-10 05:22:24.079>: [Info] (AZCore): [GameConnection] Update state Disconnected to new state QueueGameLogin
<2022-06-10 05:22:24.094>: [Info] (AZCore): [GameConnection] Update state QueueGameLogin to new state WaitingForQueuedLogin
<2022-06-10 05:22:24.094>: [Info] (AZCore): [GameConnection] Queuing login for world () and character (9b7f7427-abde-4ac3-83cd-f10d78f51d29)
<2022-06-10 05:22:24.285>: [Info] (AZCore): [GameConnection] QueueLogin failed: [36ec2cd3-88f8-4cce-b4f0-97009d8a67aa] [WorldMaintenance] Unable to parse ExceptionName: WorldMaintenance Message: Access is forbidden: reason=WorldMaintenance (403)
<2022-06-10 05:22:24.285>: [Info] (AZCore): [GameConnection] Report Error: Reason: 3 BannedUntilEpochMS: 0d
<2022-06-10 05:22:24.285>: [Info] (AZCore): [Game] JavelinGame::OnConnectionFail: OnConnectionFail: Reason: 3 
<2022-06-10 05:22:24.285>: [Info] (AZCore): [Game] CGame::ActorContainerDisconnect
<2022-06-10 05:22:24.285>: [Info] (AZCore): [GameConnection] GameConnectionWrapper::Disconnect
<2022-06-10 05:22:24.285>: [Info] (AZCore): [Game] CGame::OnDisconnection: Disconnected from REP
<2022-06-10 05:22:24.311>: [Info] (AZCore): [GameConnection] Update state WaitingForQueuedLogin to new state Disconnected
<2022-06-10 05:22:24.311>: [Info] (AZCore): [GameConnection] Initialize current retry count : 0
<2022-06-10 05:22:24.311>: [Info] (AZCore): [GameConnection] GameConnectionWrapper::Disconnect
<2022-06-10 05:22:26.030>: [Info] (AZCore): [GameConnection] Initialize current retry count : 0
<2022-06-10 05:22:31.676>: [Info] (AZCore): [Game] CGame::ActorContainerConnect
<2022-06-10 05:22:31.676>: [Info] (AZCore): [GameConnection] GameConnectionWrapper::Disconnect
<2022-06-10 05:22:31.676>: [Info] (AZCore): [GameConnection] GameConnectionWrapper::Connect: playerName = xuppra
<2022-06-10 05:22:31.676>: [Info] (AZCore): [GameConnection] Update state Disconnected to new state QueueGameLogin
<2022-06-10 05:22:31.692>: [Info] (AZCore): [GameConnection] Update state QueueGameLogin to new state WaitingForQueuedLogin
<2022-06-10 05:22:31.692>: [Info] (AZCore): [GameConnection] Queuing login for world () and character (9b7f7427-abde-4ac3-83cd-f10d78f51d29)
<2022-06-10 05:22:31.866>: [Info] (AZCore): [GameConnection] QueueLogin failed: [101bec4b-dac9-4a3f-b365-62f0073670ab] [WorldMaintenance] Unable to parse ExceptionName: WorldMaintenance Message: Access is forbidden: reason=WorldMaintenance (403)
<2022-06-10 05:22:31.866>: [Info] (AZCore): [GameConnection] Report Error: Reason: 3 BannedUntilEpochMS: 0d
<2022-06-10 05:22:31.866>: [Info] (AZCore): [Game] JavelinGame::OnConnectionFail: OnConnectionFail: Reason: 3 
<2022-06-10 05:22:31.866>: [Info] (AZCore): [Game] CGame::ActorContainerDisconnect
<2022-06-10 05:22:31.866>: [Info] (AZCore): [GameConnection] GameConnectionWrapper::Disconnect
<2022-06-10 05:22:31.866>: [Info] (AZCore): [Game] CGame::OnDisconnection: Disconnected from REP
<2022-06-10 05:22:31.892>: [Info] (AZCore): [GameConnection] Update state WaitingForQueuedLogin to new state Disconnected
<2022-06-10 05:22:31.892>: [Info] (AZCore): [GameConnection] Initialize current retry count : 0
<2022-06-10 05:22:31.892>: [Info] (AZCore): [GameConnection] GameConnectionWrapper::Disconnect
<2022-06-10 05:22:33.621>: [Info] (AZCore): [GameConnection] Initialize current retry count : 0
<2022-06-10 05:22:52.941>: [Info] (AZCore): [Game] CGame::ActorContainerConnect
<2022-06-10 05:22:52.941>: [Info] (AZCore): [GameConnection] GameConnectionWrapper::Disconnect
<2022-06-10 05:22:52.941>: [Info] (AZCore): [GameConnection] GameConnectionWrapper::Connect: playerName = xuppra
<2022-06-10 05:22:52.941>: [Info] (AZCore): [GameConnection] Update state Disconnected to new state QueueGameLogin
<2022-06-10 05:22:52.957>: [Info] (AZCore): [GameConnection] Update state QueueGameLogin to new state WaitingForQueuedLogin
<2022-06-10 05:22:52.957>: [Info] (AZCore): [GameConnection] Queuing login for world () and character (9b7f7427-abde-4ac3-83cd-f10d78f51d29)
<2022-06-10 05:22:53.133>: [Info] (AZCore): [GameConnection] QueueLogin failed: [82cab742-1d01-48e1-8be3-56c4cac74d04] [WorldMaintenance] Unable to parse ExceptionName: WorldMaintenance Message: Access is forbidden: reason=WorldMaintenance (403)
<2022-06-10 05:22:53.133>: [Info] (AZCore): [GameConnection] Report Error: Reason: 3 BannedUntilEpochMS: 0d
<2022-06-10 05:22:53.133>: [Info] (AZCore): [Game] JavelinGame::OnConnectionFail: OnConnectionFail: Reason: 3 
<2022-06-10 05:22:53.133>: [Info] (AZCore): [Game] CGame::ActorContainerDisconnect
<2022-06-10 05:22:53.133>: [Info] (AZCore): [GameConnection] GameConnectionWrapper::Disconnect
<2022-06-10 05:22:53.133>: [Info] (AZCore): [Game] CGame::OnDisconnection: Disconnected from REP
<2022-06-10 05:22:53.159>: [Info] (AZCore): [GameConnection] Update state WaitingForQueuedLogin to new state Disconnected
<2022-06-10 05:22:53.159>: [Info] (AZCore): [GameConnection] Initialize current retry count : 0
<2022-06-10 05:22:53.159>: [Info] (AZCore): [GameConnection] GameConnectionWrapper::Disconnect
<2022-06-10 05:22:54.459>: [Info] (AZCore): [GameConnection] Initialize current retry count : 0
<2022-06-10 05:23:01.408>: [Info] (AZCore): [Game] CGame::ActorContainerConnect
<2022-06-10 05:23:01.408>: [Info] (AZCore): [GameConnection] GameConnectionWrapper::Disconnect
<2022-06-10 05:23:01.408>: [Info] (AZCore): [GameConnection] GameConnectionWrapper::Connect: playerName = xuppra
<2022-06-10 05:23:01.408>: [Info] (AZCore): [GameConnection] Update state Disconnected to new state QueueGameLogin
<2022-06-10 05:23:01.424>: [Info] (AZCore): [GameConnection] Update state QueueGameLogin to new state WaitingForQueuedLogin
<2022-06-10 05:23:01.424>: [Info] (AZCore): [GameConnection] Queuing login for world () and character (9b7f7427-abde-4ac3-83cd-f10d78f51d29)
<2022-06-10 05:23:01.663>: [Info] (AZCore): [GameConnection] QueueLogin failed: [0ba43e76-70dd-45dc-87d5-ce36f8e4ee4e] [WorldMaintenance] Unable to parse ExceptionName: WorldMaintenance Message: Access is forbidden: reason=WorldMaintenance (403)
<2022-06-10 05:23:01.663>: [Info] (AZCore): [GameConnection] Report Error: Reason: 3 BannedUntilEpochMS: 0d
<2022-06-10 05:23:01.663>: [Info] (AZCore): [Game] JavelinGame::OnConnectionFail: OnConnectionFail: Reason: 3 
<2022-06-10 05:23:01.663>: [Info] (AZCore): [Game] CGame::ActorContainerDisconnect
<2022-06-10 05:23:01.663>: [Info] (AZCore): [GameConnection] GameConnectionWrapper::Disconnect
<2022-06-10 05:23:01.663>: [Info] (AZCore): [Game] CGame::OnDisconnection: Disconnected from REP
<2022-06-10 05:23:01.689>: [Info] (AZCore): [GameConnection] Update state WaitingForQueuedLogin to new state Disconnected
<2022-06-10 05:23:01.690>: [Info] (AZCore): [GameConnection] Initialize current retry count : 0
<2022-06-10 05:23:01.690>: [Info] (AZCore): [GameConnection] GameConnectionWrapper::Disconnect
<2022-06-10 05:23:02.767>: [Info] (AZCore): [GameConnection] Initialize current retry count : 0
<2022-06-10 05:23:04.897>: [Info] (AZCore): [SteamAuth] EndSessionJob: Calling Persona to end session
<2022-06-10 05:23:05.386>: [Info] (AZCore): [SteamAuth] Persona EndSession called successfully
<2022-06-10 05:23:05.386>: [Info] (AZCore): [Game] CGame::ActorContainerDisconnect
<2022-06-10 05:23:05.386>: [Info]: CSystem::Quit invoked from thread 19100 (main is 19100)
<2022-06-10 05:23:05.386>: [Info] (AZCore): [Game] CGame::ActorContainerDisconnect
