<2022-06-10 09:10:49.463>: [Info]: BackupNameAttachment=" Build(1700466) 10 Jun 22 (11 10 49)"  -- used by backup system

<2022-06-10 09:10:49.463>: [Info]: Log Started at local time Fri Jun 10 11:10:49 2022
<2022-06-10 09:10:49.463>: [Info]: Built on Thu Jun  9 00:55:39 2022

<2022-06-10 09:10:49.463>: [Info]: Running 64 bit Windows version
<2022-06-10 09:10:49.463>: [Info]: Executable: NewWorld.exe [AZ_RETAIL_CONFIG]
<2022-06-10 09:10:49.463>: [Info]: FileVersion: 1.18.280.1700466
<2022-06-10 09:10:49.463>: [Info]: ProductVersion: 1.18.280.1700466
<2022-06-10 09:10:49.463>: [Info]: Using Microsoft (tm) C++ Standard Library implementation

<2022-06-10 09:10:49.465>: [Info] (AZCore): [System] Loading system configuration from system_windows_pc.cfg...
<2022-06-10 09:10:49.465>: [Info] (AZCore): [System] GameDir: Assets

<2022-06-10 09:10:50.591>: [Info]: 
<2022-06-10 09:10:50.592>: [Info]: Total number of logical processors: 16
<2022-06-10 09:10:50.592>: [Info]: Number of available logical processors: 16
<2022-06-10 09:10:50.592>: [Info]: Total number of system cores: 8
<2022-06-10 09:10:50.592>: [Info]: Number of cores available to process: 8
<2022-06-10 09:10:50.592>: [Info]:  
<2022-06-10 09:10:50.592>: [Info]: Processor 0:
<2022-06-10 09:10:50.592>: [Info]:   CPU: Intel        Intel(R) Xeon(R) CPU E5-2689 0 @ 2.60GHz
<2022-06-10 09:10:50.592>: [Info]:   Family: 6, Model: 13, Stepping: 7
<2022-06-10 09:10:50.592>: [Info]:   FPU: On-Chip
<2022-06-10 09:10:50.592>: [Info]:   3DNow!: not present
<2022-06-10 09:10:50.592>: [Info]:   MMX: not present
<2022-06-10 09:10:50.592>: [Info]:   SSE: present
<2022-06-10 09:10:50.592>: [Info]:   SSE2: present
<2022-06-10 09:10:50.592>: [Info]:   SSE3: present
<2022-06-10 09:10:50.592>: [Info]:   Serial number not present or disabled
<2022-06-10 09:10:50.592>: [Info]:  
<2022-06-10 09:10:50.592>: [Info]: Processor 1:
<2022-06-10 09:10:50.592>: [Info]:   CPU: Intel        Intel(R) Xeon(R) CPU E5-2689 0 @ 2.60GHz
<2022-06-10 09:10:50.592>: [Info]:   Family: 6, Model: 13, Stepping: 7
<2022-06-10 09:10:50.592>: [Info]:   FPU: On-Chip
<2022-06-10 09:10:50.592>: [Info]:   3DNow!: not present
<2022-06-10 09:10:50.592>: [Info]:   MMX: not present
<2022-06-10 09:10:50.592>: [Info]:   SSE: present
<2022-06-10 09:10:50.592>: [Info]:   SSE2: present
<2022-06-10 09:10:50.592>: [Info]:   SSE3: present
<2022-06-10 09:10:50.592>: [Info]:   Serial number not present or disabled
<2022-06-10 09:10:50.592>: [Info]:  
<2022-06-10 09:10:50.592>: [Info]: Processor 2:
<2022-06-10 09:10:50.592>: [Info]:   CPU: Intel        Intel(R) Xeon(R) CPU E5-2689 0 @ 2.60GHz
<2022-06-10 09:10:50.592>: [Info]:   Family: 6, Model: 13, Stepping: 7
<2022-06-10 09:10:50.592>: [Info]:   FPU: On-Chip
<2022-06-10 09:10:50.592>: [Info]:   3DNow!: not present
<2022-06-10 09:10:50.592>: [Info]:   MMX: not present
<2022-06-10 09:10:50.592>: [Info]:   SSE: present
<2022-06-10 09:10:50.592>: [Info]:   SSE2: present
<2022-06-10 09:10:50.592>: [Info]:   SSE3: present
<2022-06-10 09:10:50.592>: [Info]:   Serial number not present or disabled
<2022-06-10 09:10:50.592>: [Info]:  
<2022-06-10 09:10:50.592>: [Info]: Processor 3:
<2022-06-10 09:10:50.592>: [Info]:   CPU: Intel        Intel(R) Xeon(R) CPU E5-2689 0 @ 2.60GHz
<2022-06-10 09:10:50.592>: [Info]:   Family: 6, Model: 13, Stepping: 7
<2022-06-10 09:10:50.592>: [Info]:   FPU: On-Chip
<2022-06-10 09:10:50.592>: [Info]:   3DNow!: not present
<2022-06-10 09:10:50.592>: [Info]:   MMX: not present
<2022-06-10 09:10:50.592>: [Info]:   SSE: present
<2022-06-10 09:10:50.592>: [Info]:   SSE2: present
<2022-06-10 09:10:50.592>: [Info]:   SSE3: present
<2022-06-10 09:10:50.592>: [Info]:   Serial number not present or disabled
<2022-06-10 09:10:50.592>: [Info]:  
<2022-06-10 09:10:50.592>: [Info]: Processor 4:
<2022-06-10 09:10:50.592>: [Info]:   CPU: Intel        Intel(R) Xeon(R) CPU E5-2689 0 @ 2.60GHz
<2022-06-10 09:10:50.592>: [Info]:   Family: 6, Model: 13, Stepping: 7
<2022-06-10 09:10:50.592>: [Info]:   FPU: On-Chip
<2022-06-10 09:10:50.592>: [Info]:   3DNow!: not present
<2022-06-10 09:10:50.592>: [Info]:   MMX: not present
<2022-06-10 09:10:50.592>: [Info]:   SSE: present
<2022-06-10 09:10:50.592>: [Info]:   SSE2: present
<2022-06-10 09:10:50.592>: [Info]:   SSE3: present
<2022-06-10 09:10:50.592>: [Info]:   Serial number not present or disabled
<2022-06-10 09:10:50.592>: [Info]:  
<2022-06-10 09:10:50.592>: [Info]: Processor 5:
<2022-06-10 09:10:50.592>: [Info]:   CPU: Intel        Intel(R) Xeon(R) CPU E5-2689 0 @ 2.60GHz
<2022-06-10 09:10:50.592>: [Info]:   Family: 6, Model: 13, Stepping: 7
<2022-06-10 09:10:50.592>: [Info]:   FPU: On-Chip
<2022-06-10 09:10:50.592>: [Info]:   3DNow!: not present
<2022-06-10 09:10:50.592>: [Info]:   MMX: not present
<2022-06-10 09:10:50.592>: [Info]:   SSE: present
<2022-06-10 09:10:50.592>: [Info]:   SSE2: present
<2022-06-10 09:10:50.592>: [Info]:   SSE3: present
<2022-06-10 09:10:50.592>: [Info]:   Serial number not present or disabled
<2022-06-10 09:10:50.592>: [Info]:  
<2022-06-10 09:10:50.592>: [Info]: Processor 6:
<2022-06-10 09:10:50.592>: [Info]:   CPU: Intel        Intel(R) Xeon(R) CPU E5-2689 0 @ 2.60GHz
<2022-06-10 09:10:50.592>: [Info]:   Family: 6, Model: 13, Stepping: 7
<2022-06-10 09:10:50.592>: [Info]:   FPU: On-Chip
<2022-06-10 09:10:50.592>: [Info]:   3DNow!: not present
<2022-06-10 09:10:50.592>: [Info]:   MMX: not present
<2022-06-10 09:10:50.592>: [Info]:   SSE: present
<2022-06-10 09:10:50.592>: [Info]:   SSE2: present
<2022-06-10 09:10:50.592>: [Info]:   SSE3: present
<2022-06-10 09:10:50.592>: [Info]:   Serial number not present or disabled
<2022-06-10 09:10:50.592>: [Info]:  
<2022-06-10 09:10:50.592>: [Info]: Processor 7:
<2022-06-10 09:10:50.592>: [Info]:   CPU: Intel        Intel(R) Xeon(R) CPU E5-2689 0 @ 2.60GHz
<2022-06-10 09:10:50.592>: [Info]:   Family: 6, Model: 13, Stepping: 7
<2022-06-10 09:10:50.592>: [Info]:   FPU: On-Chip
<2022-06-10 09:10:50.592>: [Info]:   3DNow!: not present
<2022-06-10 09:10:50.592>: [Info]:   MMX: not present
<2022-06-10 09:10:50.592>: [Info]:   SSE: present
<2022-06-10 09:10:50.592>: [Info]:   SSE2: present
<2022-06-10 09:10:50.592>: [Info]:   SSE3: present
<2022-06-10 09:10:50.592>: [Info]:   Serial number not present or disabled
<2022-06-10 09:10:50.592>: [Info]:  
<2022-06-10 09:10:50.592>: [Info]: Windows 10 64 bit (build 10.0.19043)
<2022-06-10 09:10:50.593>: [Info]: System language: French
<2022-06-10 09:10:50.593>: [Info]: Windows Directory: "C:\WINDOWS"
<2022-06-10 09:10:50.593>: [Info]: Local time is 11:10:50 06/10/22, system running for 1491 minutes
<2022-06-10 09:10:50.593>: [Info]: 16316MB physical memory installed, 9024MB available, 134217727MB virtual memory installed, 44 percent of memory in use
<2022-06-10 09:10:50.594>: [Info]: PageFile usage: 237MB, Working Set: 287MB, Peak PageFile usage: 363MB,
<2022-06-10 09:10:50.594>: [Info]: Current display mode is 78043832, (Unknown graphics card)
<2022-06-10 09:10:50.595>: [Info]: IBM enhanced (101/102-key) keyboard and 5+ button mouse installed
<2022-06-10 09:10:50.595>: [Info]: --------------------------------------------------------------------------------
<2022-06-10 09:10:50.598>: [Info] (AZCore): [System] Stream Engine Initialization
<2022-06-10 09:10:50.598>: [Info]: GameName: New World
<2022-06-10 09:10:50.598>: [Info]: BuildTime: Thu Jun  9 00:55:39 2022

<2022-06-10 09:10:50.598>: [Info] (AZCore): [System] Physics initialization
<2022-06-10 09:10:50.599>: [Info] (AZCore): [System] Renderer initialization
<2022-06-10 09:10:50.602>: [Info]: Logging video adapters:
<2022-06-10 09:10:52.063>: [Info]: - Radeon RX 580 Series (vendor = 0x1002, device = 0x67df)
<2022-06-10 09:10:52.063>: [Info]:   - Adapter index: 0
<2022-06-10 09:10:52.063>: [Info]:   - Dedicated video memory: 8170 MB
<2022-06-10 09:10:52.063>: [Info]:   - Feature level: DX11 (SM 5.0)
<2022-06-10 09:10:52.063>: [Info]:   - Displays connected: yes
<2022-06-10 09:10:52.063>: [Info]:   - Suitable rendering device: yes
<2022-06-10 09:10:52.397>: [Info]: - Microsoft Basic Render Driver (vendor = 0x1414, device = 0x008c)
<2022-06-10 09:10:52.397>: [Info]:   - Adapter index: 1
<2022-06-10 09:10:52.397>: [Info]:   - Dedicated video memory: 0 MB
<2022-06-10 09:10:52.397>: [Info]:   - Feature level: DX11 (SM 5.0)
<2022-06-10 09:10:52.397>: [Info]:   - Displays connected: no
<2022-06-10 09:10:52.397>: [Info]:   - Suitable rendering device: no
<2022-06-10 09:10:54.916>: [Info]: Active GPUs: 1
<2022-06-10 09:10:56.365>: [Info] (AZCore): [Audio] AudioSystem initialized in High Ram mode. Available RAM [16315]MB, LowRam cutoff is [9216]MB
<2022-06-10 09:10:58.311>: [Info] (AZCore): [System] Font initialization
<2022-06-10 09:10:58.311>: [Info]: Using FreeType 2.5.0
<2022-06-10 09:11:19.446>: [Info] (AZCore): [System] Time initialization
<2022-06-10 09:11:19.446>: [Info] (AZCore): [System] Input initialization
<2022-06-10 09:11:19.447>: [Info] (AZCore): [System] UI system initialization
<2022-06-10 09:11:19.447>: [Info] (AZCore): [System] Initializing Animation System
<2022-06-10 09:11:19.447>: [Info] (AZCore): [System] Initializing 3D Engine
<2022-06-10 09:11:19.452>: [Info]: Sky light: Optical lookup tables loaded off disc.
<2022-06-10 09:11:19.453>: [Info] (AZCore): [System] Script System Initialization
<2022-06-10 09:11:19.453>: [Info] (AZCore): [System] Entity system initialization
<2022-06-10 09:11:19.456>: [Info] (AZCore): [System] Initializing additional systems
<2022-06-10 09:11:19.456>: [Info] (AZCore): [System] Dynamic Response System initialization
<2022-06-10 09:11:19.456>: [Info] (AZCore): [System] No Dynamic Response System was loaded from a module, the system will use the NULL DynamicResponseSystem.
<2022-06-10 09:11:19.457>: [Info]: Running machine spec auto detect (64 bit)...
<2022-06-10 09:11:19.457>: [Info]: - Windows 10 64 bit (build 10.0.19043)
<2022-06-10 09:11:19.457>: [Info]: - System memory
<2022-06-10 09:11:19.457>: [Info]: --- 16315 MB
<2022-06-10 09:11:19.457>: [Info]: - Intel(R) Xeon(R) CPU E5-2689 0 @ 2.60GHz
<2022-06-10 09:11:19.457>: [Info]: --- Number of available cores: 8 (out of 8)
<2022-06-10 09:11:19.457>: [Info]: --- Number of logical processors: 16
<2022-06-10 09:11:19.825>: [Info]: - Radeon RX 580 Series (vendor = 0x1002, device = 0x67df)
<2022-06-10 09:11:19.825>: [Info]: --- Dedicated video memory: 8170 MB
<2022-06-10 09:11:19.825>: [Info]: --- Feature level: DX11 (SM 5.0)
<2022-06-10 09:11:19.827>: [Info]: - Final rating: Machine class 2
<2022-06-10 09:11:21.285>: [Info] (AZCore): [System] == Version Info ===============================================================

<2022-06-10 09:11:21.285>: [Info] (AZCore): [System] [RETAIL].Javelin.1.18.280.1700466

<2022-06-10 09:11:21.285>: [Info] (AZCore): [System] ===============================================================================

<2022-06-10 09:11:21.297>: [Info]: Client config override file not found: @assets@/ClientOverride.json
<2022-06-10 09:11:23.573>: [Info] (AZCore): [Game] Steam Initialized!
<2022-06-10 09:11:23.573>: [Info] (AZCore): [Game] Using remote config: true
<2022-06-10 09:11:23.573>: [Info] (AZCore): [Game] Steam Utils obtained? true
<2022-06-10 09:11:23.573>: [Info] (AZCore): [Game] Using Steam App ID: 1063730
<2022-06-10 09:11:23.573>: [Info] (AZCore): [StackConfig] Configuring remote config with bucket ags-javelin-remote-config
<2022-06-10 09:11:23.573>: [Info]: Channel service uri: https://d2c74t4zimux3r.cloudfront.net/STEAM_APP_ID.1063730.json
<2022-06-10 09:11:24.323>: [Info]: Channel name: Retail
<2022-06-10 09:11:24.323>: [Info]: Found cluster data for cluster id: fra-prod
<2022-06-10 09:11:24.323>: [Info]: Display Name: EU Central
<2022-06-10 09:11:24.323>: [Info]: Auth Stack: https://2mfrik7h83.execute-api.us-east-1.amazonaws.com/Prod
<2022-06-10 09:11:24.323>: [Info]: Auth Stack Region: us-east-1
<2022-06-10 09:11:24.323>: [Info]: Gateway Host: u433g9r00c.execute-api.eu-central-1.amazonaws.com
<2022-06-10 09:11:24.323>: [Info]: Gateway Stack: d1w0bfy6smo4d1.cloudfront.net
<2022-06-10 09:11:24.323>: [Info]: Gateway Stack Region: eu-central-1
<2022-06-10 09:11:24.323>: [Info]: Http Gateway Stack: https://d1w0bfy6smo4d1.cloudfront.net/prod
<2022-06-10 09:11:24.323>: [Info]: Http Gateway Stack Region: eu-central-1
<2022-06-10 09:11:24.323>: [Info]: Found cluster data for cluster id: gru-prod
<2022-06-10 09:11:24.323>: [Info]: Display Name: SA East
<2022-06-10 09:11:24.323>: [Info]: Auth Stack: https://kqqt5twsi7.execute-api.us-east-1.amazonaws.com/Prod
<2022-06-10 09:11:24.323>: [Info]: Auth Stack Region: us-east-1
<2022-06-10 09:11:24.323>: [Info]: Gateway Host: j4n6whncmi.execute-api.sa-east-1.amazonaws.com
<2022-06-10 09:11:24.323>: [Info]: Gateway Stack: d1cjlmzk0xrm0z.cloudfront.net
<2022-06-10 09:11:24.323>: [Info]: Gateway Stack Region: sa-east-1
<2022-06-10 09:11:24.323>: [Info]: Http Gateway Stack: https://d1cjlmzk0xrm0z.cloudfront.net/prod
<2022-06-10 09:11:24.323>: [Info]: Http Gateway Stack Region: sa-east-1
<2022-06-10 09:11:24.323>: [Info]: Found cluster data for cluster id: iad-prod
<2022-06-10 09:11:24.323>: [Info]: Display Name: US East
<2022-06-10 09:11:24.323>: [Info]: Auth Stack: https://eudbjx6mig.execute-api.us-east-1.amazonaws.com/Prod
<2022-06-10 09:11:24.323>: [Info]: Auth Stack Region: us-east-1
<2022-06-10 09:11:24.323>: [Info]: Gateway Host: 0prplal5u1.execute-api.us-east-1.amazonaws.com
<2022-06-10 09:11:24.323>: [Info]: Gateway Stack: d2oeuvxi3kfsrw.cloudfront.net
<2022-06-10 09:11:24.323>: [Info]: Gateway Stack Region: us-east-1
<2022-06-10 09:11:24.323>: [Info]: Http Gateway Stack: https://d2oeuvxi3kfsrw.cloudfront.net/prod
<2022-06-10 09:11:24.323>: [Info]: Http Gateway Stack Region: us-east-1
<2022-06-10 09:11:24.323>: [Info]: Found cluster data for cluster id: pdx-prod
<2022-06-10 09:11:24.323>: [Info]: Display Name: US West
<2022-06-10 09:11:24.323>: [Info]: Auth Stack: https://q8hqllbg6k.execute-api.us-east-1.amazonaws.com/Prod
<2022-06-10 09:11:24.323>: [Info]: Auth Stack Region: us-east-1
<2022-06-10 09:11:24.323>: [Info]: Gateway Host: v7irlu1nrl.execute-api.us-west-2.amazonaws.com
<2022-06-10 09:11:24.323>: [Info]: Gateway Stack: d3bj4csovi1fe8.cloudfront.net
<2022-06-10 09:11:24.323>: [Info]: Gateway Stack Region: us-west-2
<2022-06-10 09:11:24.323>: [Info]: Http Gateway Stack: https://d3bj4csovi1fe8.cloudfront.net/prod
<2022-06-10 09:11:24.323>: [Info]: Http Gateway Stack Region: us-west-2
<2022-06-10 09:11:24.323>: [Info]: Found platform metadata for key: ENTITLEMENTS.STEAM_APP_ID.1063730
<2022-06-10 09:11:24.323>: [Info]: Found platform metadata for key: PERSONA.STEAM_APP_ID.1063730
<2022-06-10 09:11:24.323>: [Info]: Found persona role for cluster id: fra-prod - arn:aws:iam::093607389475:role/AgsLiveResources-AllowPersonaAccessRole-1U24RJQDKWS63
<2022-06-10 09:11:24.323>: [Info]: Found persona role for cluster id: fra-qa - arn:aws:iam::544220128841:role/AgsLiveResources-AllowPersonaAccessRole-PSN32B5D8G0L
<2022-06-10 09:11:24.323>: [Info]: Found persona role for cluster id: fra-staging - arn:aws:iam::411585047658:role/AgsLiveResources-AllowPersonaAccessRole-709I6ZY9EAFH
<2022-06-10 09:11:24.323>: [Info]: Found persona role for cluster id: gru-prod - arn:aws:iam::845253724667:role/AgsLiveResources-AllowPersonaAccessRole-SLHVYULH7U5
<2022-06-10 09:11:24.323>: [Info]: Found persona role for cluster id: iad-prod - arn:aws:iam::819349112573:role/AgsLiveResources-AllowPersonaAccessRole-1PHH0BI346X75
<2022-06-10 09:11:24.323>: [Info]: Found persona role for cluster id: iad-staging - arn:aws:iam::910532829260:role/AgsLiveResources-AllowPersonaAccessRole-OXG60NCUXR74
<2022-06-10 09:11:24.323>: [Info]: Found persona role for cluster id: pdx-devo - arn:aws:iam::166847089677:role/AgsLiveResources-AllowPersonaAccessRole-15NKM8MRPA2BX
<2022-06-10 09:11:24.323>: [Info]: Found persona role for cluster id: pdx-prod - arn:aws:iam::458929010575:role/AgsLiveResources-AllowPersonaAccessRole-QYL4I8P12BEA
<2022-06-10 09:11:24.323>: [Info]: Found persona role for cluster id: pdx-qa - arn:aws:iam::379061375310:role/AgsLiveResources-AllowPersonaAccessRole-116SW3GWSL7P1
<2022-06-10 09:11:24.323>: [Info]: Found persona role for cluster id: syd-prod - arn:aws:iam::018141801470:role/AgsLiveResources-AllowPersonaAccessRole-1CPZ9EG8SYMOQ
<2022-06-10 09:11:24.324>: [Info]: Found cluster data for cluster id: syd-prod
<2022-06-10 09:11:24.324>: [Info]: Display Name: AP Southeast
<2022-06-10 09:11:24.324>: [Info]: Auth Stack: https://hhf8nn71vb.execute-api.us-east-1.amazonaws.com/Prod
<2022-06-10 09:11:24.324>: [Info]: Auth Stack Region: us-east-1
<2022-06-10 09:11:24.324>: [Info]: Gateway Host: ep1m9qoir8.execute-api.ap-southeast-2.amazonaws.com
<2022-06-10 09:11:24.324>: [Info]: Gateway Stack: de4mfzk9wkelz.cloudfront.net
<2022-06-10 09:11:24.324>: [Info]: Gateway Stack Region: ap-southeast-2
<2022-06-10 09:11:24.324>: [Info]: Http Gateway Stack: https://de4mfzk9wkelz.cloudfront.net/prod
<2022-06-10 09:11:24.324>: [Info]: Http Gateway Stack Region: ap-southeast-2
<2022-06-10 09:11:29.863>: [Info]: Failure in initializing Fuel::Iap::IapClient: 14
<2022-06-10 09:11:29.864>: [Info] (AZCore): [Game] LogEnvironmentString: ProductId: STEAM_APP_ID.1063730
<2022-06-10 09:11:29.865>: [Info] (AZCore): [Game] LogEnvironmentString: ClusterId: fra-prod
<2022-06-10 09:11:29.868>: [Info] (AZCore): [StackConfig] LayerS3(): layer's "remoteCfg.public.RegionId" S3 key (old: ""), reset to new value: "applications/public/configuration-sets/RegionId/fra-prod/versionless"
<2022-06-10 09:11:29.868>: [Info] (AZCore): [StackConfig] LayerS3(): layer's "remoteCfg.public.RegionIdv" S3 key (old: ""), reset to new value: "applications/public/configuration-sets/RegionId/fra-prod/280;1700466"
<2022-06-10 09:11:29.868>: [Info] (AZCore): [StackConfig] LayerS3(): layer's "remoteCfg.public.CognitoId" S3 key (old: ""), reset to new value: "applications/public/configuration-sets/CognitoId/us-east-1:0de93f7c-814e-4d48-a8fd-b6efc2f9ed93/versionless"
<2022-06-10 09:11:29.868>: [Info] (AZCore): [StackConfig] LayerS3(): layer's "remoteCfg.public.CognitoIdv" S3 key (old: ""), reset to new value: "applications/public/configuration-sets/CognitoId/us-east-1:0de93f7c-814e-4d48-a8fd-b6efc2f9ed93/280;1700466"
<2022-06-10 09:11:29.868>: [Info] (AZCore): [StackConfig] LayerS3(): layer's "remoteCfg.publicGameplay.RegionId" S3 key (old: ""), reset to new value: "applications/publicGameplay/configuration-sets/RegionId/fra-prod/versionless"
<2022-06-10 09:11:29.868>: [Info] (AZCore): [StackConfig] LayerS3(): layer's "remoteCfg.publicGameplay.RegionIdv" S3 key (old: ""), reset to new value: "applications/publicGameplay/configuration-sets/RegionId/fra-prod/280;1700466"
<2022-06-10 09:11:29.868>: [Info] (AZCore): [StackConfig] LayerS3(): layer's "remoteCfg.publicGameplay.CognitoId" S3 key (old: ""), reset to new value: "applications/publicGameplay/configuration-sets/CognitoId/us-east-1:0de93f7c-814e-4d48-a8fd-b6efc2f9ed93/versionless"
<2022-06-10 09:11:29.868>: [Info] (AZCore): [StackConfig] LayerS3(): layer's "remoteCfg.publicGameplay.CognitoIdv" S3 key (old: ""), reset to new value: "applications/publicGameplay/configuration-sets/CognitoId/us-east-1:0de93f7c-814e-4d48-a8fd-b6efc2f9ed93/280;1700466"
<2022-06-10 09:11:29.868>: [Info] (AZCore): [AuthManager] Initializing Steam Auth Manager.
<2022-06-10 09:11:29.868>: [Info] (AZCore): [SteamAuth] Initializing Persona.
<2022-06-10 09:11:29.917>: [Info]: [EasyAntiCheat] Initializing EAC game client module...
<2022-06-10 09:11:29.952>: [Info]: [EasyAntiCheat] ...EAC game client module initialized successfully.
<2022-06-10 09:11:31.094>: [Info]: Initializing default materials...
<2022-06-10 09:11:31.095>: [Info]: Initializing default footstep material...
<2022-06-10 09:11:31.657>: [Info] (AZCore): [streamingGDEManager] Initialize()
<2022-06-10 09:11:31.658>: [Info] (AZCore): [AsyncMapUnload] No previous level to unload, so not starting async.  Just loading this map now: ("frontendv2")
<2022-06-10 09:11:31.658>: [Info]: ============================ Loading level frontendv2 ============================
<2022-06-10 09:11:41.240>: [Info]: CGame::InitCoatlicueTerrain
<2022-06-10 09:11:41.259>: [Info] (AZCore): [Game] 0x441F4C03(user) attempting sign-in.
<2022-06-10 09:11:41.259>: [Info] (AZCore): [Game] LogEnvironmentString: Auth Mode: user
<2022-06-10 09:11:41.259>: [Info] (AZCore): [SteamAuth] Attempting to log in to Steam
<2022-06-10 09:11:41.259>: [Info] (AZCore): [SteamAuth] Getting steam auth session ticket.
<2022-06-10 09:11:41.692>: [Info] (AZCore): [SteamAuth] OnAuthSessionTicket: Authenticating using steam auth session ticket: 5
<2022-06-10 09:11:41.695>: [Info] (AZCore): [SteamAuth] CreateSteamSessionJob: Calling Persona to create steam session
<2022-06-10 09:11:42.957>: [Info] (AZCore): [SteamAuth] OnCreatedSessionSteam: Creating session for persona id: amzn1.developerPersonaId.02e9f3b7-55e1-865a-9031-570ce6f27a49.
<2022-06-10 09:11:42.957>: [Info] (AZCore): [SteamAuth] Calling Http API: https://d1w0bfy6smo4d1.cloudfront.net/prod/credentials
<2022-06-10 09:11:43.561>: [Info] (AZCore): [AuthStackCredentialsProvider] Successfully refreshed gateway AWS credentials, next attempt will start after 2022-06-10T10:06:42Z
<2022-06-10 09:11:43.561>: [Info] (AZCore): [AuthStackCredentialsProvider] Successfully refreshed persona AWS credentials, next attempt will start after 2022-06-10T10:06:42Z
<2022-06-10 09:11:43.585>: [Info] (AZCore): [Game] CGame::OnCampfireLoginComplete, login successful. ownership=permanent
<2022-06-10 09:11:43.585>: [Info] (AZCore): [Game] LogEnvironmentString: Gateway Signing Host: u433g9r00c.execute-api.eu-central-1.amazonaws.com
<2022-06-10 09:11:43.585>: [Info] (AZCore): [Game] LogEnvironmentString: Gateway Address: d1w0bfy6smo4d1.cloudfront.net
<2022-06-10 09:11:43.585>: [Info] (AZCore): [Game] LogEnvironmentString: HTTP Gateway Address: https://d1w0bfy6smo4d1.cloudfront.net/prod
<2022-06-10 09:11:43.585>: [Info] (AZCore): [Game] LogEnvironmentString: Gateway Mode: gateway
<2022-06-10 09:11:43.585>: [Info] (AZCore): [GameConnection] ConfigureLogin MODE_GATEWAY: endpoint=d1w0bfy6smo4d1.cloudfront.net, httpEntpoint=https://d1w0bfy6smo4d1.cloudfront.net/prod, region=eu-central-1
<2022-06-10 09:11:43.591>: [Info] (AZCore): [StackConfig] LayerS3(): layer's "remoteCfg.public.ProductId" S3 key (old: ""), reset to new value: "applications/public/configuration-sets/ProductId/STEAM_APP_ID.1063730/versionless"
<2022-06-10 09:11:43.591>: [Info] (AZCore): [StackConfig] Querying "remoteCfg.public.ProductId" remote config. S3 key: "applications/public/configuration-sets/ProductId/STEAM_APP_ID.1063730/versionless"
<2022-06-10 09:11:44.213>: [Info] (AZCore): [StackConfig] Retrieved layer's "remoteCfg.public.ProductId" remote config, with S3 key: "applications/public/configuration-sets/ProductId/STEAM_APP_ID.1063730/versionless" successfully, size: 339

<2022-06-10 09:11:44.216>: [Info] (AZCore): [StackConfig] LayerS3(): layer's "remoteCfg.public.ProductIdv" S3 key (old: ""), reset to new value: "applications/public/configuration-sets/ProductId/STEAM_APP_ID.1063730/280;1700466"
<2022-06-10 09:11:44.217>: [Info] (AZCore): [StackConfig] Querying "remoteCfg.public.ProductIdv" remote config. S3 key: "applications/public/configuration-sets/ProductId/STEAM_APP_ID.1063730/280;1700466"
<2022-06-10 09:11:44.371>: [Info] (AZCore): [StackConfig] LayerS3(): layer's "remoteCfg.public.RegionId" S3 key (old: "applications/public/configuration-sets/RegionId/fra-prod/versionless"), reset to new value: "applications/public/configuration-sets/RegionId/fra-prod/versionless"
<2022-06-10 09:11:44.371>: [Info] (AZCore): [StackConfig] Querying "remoteCfg.public.RegionId" remote config. S3 key: "applications/public/configuration-sets/RegionId/fra-prod/versionless"
<2022-06-10 09:11:44.541>: [Info] (AZCore): [StackConfig] Retrieved layer's "remoteCfg.public.RegionId" remote config, with S3 key: "applications/public/configuration-sets/RegionId/fra-prod/versionless" successfully, size: 246

<2022-06-10 09:11:44.546>: [Info] (AZCore): [StackConfig] LayerS3(): layer's "remoteCfg.public.RegionIdv" S3 key (old: "applications/public/configuration-sets/RegionId/fra-prod/280;1700466"), reset to new value: "applications/public/configuration-sets/RegionId/fra-prod/280;1700466"
<2022-06-10 09:11:44.546>: [Info] (AZCore): [StackConfig] Querying "remoteCfg.public.RegionIdv" remote config. S3 key: "applications/public/configuration-sets/RegionId/fra-prod/280;1700466"
<2022-06-10 09:11:44.669>: [Info] (AZCore): [StackConfig] LayerS3(): layer's "remoteCfg.publicGameplay.ProductId" S3 key (old: ""), reset to new value: "applications/publicGameplay/configuration-sets/ProductId/STEAM_APP_ID.1063730/versionless"
<2022-06-10 09:11:44.669>: [Info] (AZCore): [StackConfig] Querying "remoteCfg.publicGameplay.ProductId" remote config. S3 key: "applications/publicGameplay/configuration-sets/ProductId/STEAM_APP_ID.1063730/versionless"
<2022-06-10 09:11:44.787>: [Info] (AZCore): [StackConfig] Retrieved layer's "remoteCfg.publicGameplay.ProductId" remote config, with S3 key: "applications/publicGameplay/configuration-sets/ProductId/STEAM_APP_ID.1063730/versionless" successfully, size: 736

<2022-06-10 09:11:44.791>: [Info] (AZCore): [StackConfig] LayerS3(): layer's "remoteCfg.publicGameplay.ProductIdv" S3 key (old: ""), reset to new value: "applications/publicGameplay/configuration-sets/ProductId/STEAM_APP_ID.1063730/280;1700466"
<2022-06-10 09:11:44.791>: [Info] (AZCore): [StackConfig] Querying "remoteCfg.publicGameplay.ProductIdv" remote config. S3 key: "applications/publicGameplay/configuration-sets/ProductId/STEAM_APP_ID.1063730/280;1700466"
<2022-06-10 09:11:44.906>: [Info] (AZCore): [StackConfig] LayerS3(): layer's "remoteCfg.publicGameplay.RegionId" S3 key (old: "applications/publicGameplay/configuration-sets/RegionId/fra-prod/versionless"), reset to new value: "applications/publicGameplay/configuration-sets/RegionId/fra-prod/versionless"
<2022-06-10 09:11:44.906>: [Info] (AZCore): [StackConfig] Querying "remoteCfg.publicGameplay.RegionId" remote config. S3 key: "applications/publicGameplay/configuration-sets/RegionId/fra-prod/versionless"
<2022-06-10 09:11:45.026>: [Info] (AZCore): [StackConfig] Retrieved layer's "remoteCfg.publicGameplay.RegionId" remote config, with S3 key: "applications/publicGameplay/configuration-sets/RegionId/fra-prod/versionless" successfully, size: 137

<2022-06-10 09:11:45.031>: [Info] (AZCore): [StackConfig] LayerS3(): layer's "remoteCfg.publicGameplay.RegionIdv" S3 key (old: "applications/publicGameplay/configuration-sets/RegionId/fra-prod/280;1700466"), reset to new value: "applications/publicGameplay/configuration-sets/RegionId/fra-prod/280;1700466"
<2022-06-10 09:11:45.031>: [Info] (AZCore): [StackConfig] Querying "remoteCfg.publicGameplay.RegionIdv" remote config. S3 key: "applications/publicGameplay/configuration-sets/RegionId/fra-prod/280;1700466"
<2022-06-10 09:11:45.658>: [Info] (AZCore): [Game] LogEnvironmentString: Persona ID: amzn1.developerPersonaId.02e9f3b7-55e1-865a-9031-570ce6f27a49
<2022-06-10 09:11:46.037>: [Info]: 
<2022-06-10 09:11:46.041>: [Info]: Total number of logical processors: 16
<2022-06-10 09:11:46.041>: [Info]: Number of available logical processors: 16
<2022-06-10 09:11:46.041>: [Info]: Total number of system cores: 8
<2022-06-10 09:11:46.041>: [Info]: Number of cores available to process: 8
<2022-06-10 09:11:46.041>: [Info]:  
<2022-06-10 09:11:46.041>: [Info]: Processor 0:
<2022-06-10 09:11:46.041>: [Info]:   CPU: Intel        Intel(R) Xeon(R) CPU E5-2689 0 @ 2.60GHz
<2022-06-10 09:11:46.041>: [Info]:   Family: 6, Model: 13, Stepping: 7
<2022-06-10 09:11:46.041>: [Info]:   FPU: On-Chip
<2022-06-10 09:11:46.041>: [Info]:   3DNow!: not present
<2022-06-10 09:11:46.041>: [Info]:   MMX: not present
<2022-06-10 09:11:46.041>: [Info]:   SSE: present
<2022-06-10 09:11:46.041>: [Info]:   SSE2: present
<2022-06-10 09:11:46.041>: [Info]:   SSE3: present
<2022-06-10 09:11:46.041>: [Info]:   Serial number not present or disabled
<2022-06-10 09:11:46.041>: [Info]:  
<2022-06-10 09:11:46.041>: [Info]: Processor 1:
<2022-06-10 09:11:46.041>: [Info]:   CPU: Intel        Intel(R) Xeon(R) CPU E5-2689 0 @ 2.60GHz
<2022-06-10 09:11:46.041>: [Info]:   Family: 6, Model: 13, Stepping: 7
<2022-06-10 09:11:46.041>: [Info]:   FPU: On-Chip
<2022-06-10 09:11:46.041>: [Info]:   3DNow!: not present
<2022-06-10 09:11:46.041>: [Info]:   MMX: not present
<2022-06-10 09:11:46.041>: [Info]:   SSE: present
<2022-06-10 09:11:46.041>: [Info]:   SSE2: present
<2022-06-10 09:11:46.041>: [Info]:   SSE3: present
<2022-06-10 09:11:46.041>: [Info]:   Serial number not present or disabled
<2022-06-10 09:11:46.041>: [Info]:  
<2022-06-10 09:11:46.042>: [Info]: Processor 2:
<2022-06-10 09:11:46.042>: [Info]:   CPU: Intel        Intel(R) Xeon(R) CPU E5-2689 0 @ 2.60GHz
<2022-06-10 09:11:46.042>: [Info]:   Family: 6, Model: 13, Stepping: 7
<2022-06-10 09:11:46.042>: [Info]:   FPU: On-Chip
<2022-06-10 09:11:46.042>: [Info]:   3DNow!: not present
<2022-06-10 09:11:46.042>: [Info]:   MMX: not present
<2022-06-10 09:11:46.042>: [Info]:   SSE: present
<2022-06-10 09:11:46.042>: [Info]:   SSE2: present
<2022-06-10 09:11:46.042>: [Info]:   SSE3: present
<2022-06-10 09:11:46.042>: [Info]:   Serial number not present or disabled
<2022-06-10 09:11:46.042>: [Info]:  
<2022-06-10 09:11:46.042>: [Info]: Processor 3:
<2022-06-10 09:11:46.042>: [Info]:   CPU: Intel        Intel(R) Xeon(R) CPU E5-2689 0 @ 2.60GHz
<2022-06-10 09:11:46.042>: [Info]:   Family: 6, Model: 13, Stepping: 7
<2022-06-10 09:11:46.042>: [Info]:   FPU: On-Chip
<2022-06-10 09:11:46.042>: [Info]:   3DNow!: not present
<2022-06-10 09:11:46.042>: [Info]:   MMX: not present
<2022-06-10 09:11:46.042>: [Info]:   SSE: present
<2022-06-10 09:11:46.042>: [Info]:   SSE2: present
<2022-06-10 09:11:46.042>: [Info]:   SSE3: present
<2022-06-10 09:11:46.042>: [Info]:   Serial number not present or disabled
<2022-06-10 09:11:46.042>: [Info]:  
<2022-06-10 09:11:46.042>: [Info]: Processor 4:
<2022-06-10 09:11:46.042>: [Info]:   CPU: Intel        Intel(R) Xeon(R) CPU E5-2689 0 @ 2.60GHz
<2022-06-10 09:11:46.042>: [Info]:   Family: 6, Model: 13, Stepping: 7
<2022-06-10 09:11:46.042>: [Info]:   FPU: On-Chip
<2022-06-10 09:11:46.042>: [Info]:   3DNow!: not present
<2022-06-10 09:11:46.042>: [Info]:   MMX: not present
<2022-06-10 09:11:46.042>: [Info]:   SSE: present
<2022-06-10 09:11:46.042>: [Info]:   SSE2: present
<2022-06-10 09:11:46.042>: [Info]:   SSE3: present
<2022-06-10 09:11:46.042>: [Info]:   Serial number not present or disabled
<2022-06-10 09:11:46.042>: [Info]:  
<2022-06-10 09:11:46.042>: [Info]: Processor 5:
<2022-06-10 09:11:46.042>: [Info]:   CPU: Intel        Intel(R) Xeon(R) CPU E5-2689 0 @ 2.60GHz
<2022-06-10 09:11:46.042>: [Info]:   Family: 6, Model: 13, Stepping: 7
<2022-06-10 09:11:46.042>: [Info]:   FPU: On-Chip
<2022-06-10 09:11:46.042>: [Info]:   3DNow!: not present
<2022-06-10 09:11:46.042>: [Info]:   MMX: not present
<2022-06-10 09:11:46.042>: [Info]:   SSE: present
<2022-06-10 09:11:46.042>: [Info]:   SSE2: present
<2022-06-10 09:11:46.042>: [Info]:   SSE3: present
<2022-06-10 09:11:46.042>: [Info]:   Serial number not present or disabled
<2022-06-10 09:11:46.042>: [Info]:  
<2022-06-10 09:11:46.042>: [Info]: Processor 6:
<2022-06-10 09:11:46.042>: [Info]:   CPU: Intel        Intel(R) Xeon(R) CPU E5-2689 0 @ 2.60GHz
<2022-06-10 09:11:46.042>: [Info]:   Family: 6, Model: 13, Stepping: 7
<2022-06-10 09:11:46.042>: [Info]:   FPU: On-Chip
<2022-06-10 09:11:46.042>: [Info]:   3DNow!: not present
<2022-06-10 09:11:46.042>: [Info]:   MMX: not present
<2022-06-10 09:11:46.042>: [Info]:   SSE: present
<2022-06-10 09:11:46.042>: [Info]:   SSE2: present
<2022-06-10 09:11:46.042>: [Info]:   SSE3: present
<2022-06-10 09:11:46.042>: [Info]:   Serial number not present or disabled
<2022-06-10 09:11:46.042>: [Info]:  
<2022-06-10 09:11:46.042>: [Info]: Processor 7:
<2022-06-10 09:11:46.042>: [Info]:   CPU: Intel        Intel(R) Xeon(R) CPU E5-2689 0 @ 2.60GHz
<2022-06-10 09:11:46.042>: [Info]:   Family: 6, Model: 13, Stepping: 7
<2022-06-10 09:11:46.042>: [Info]:   FPU: On-Chip
<2022-06-10 09:11:46.042>: [Info]:   3DNow!: not present
<2022-06-10 09:11:46.042>: [Info]:   MMX: not present
<2022-06-10 09:11:46.042>: [Info]:   SSE: present
<2022-06-10 09:11:46.042>: [Info]:   SSE2: present
<2022-06-10 09:11:46.042>: [Info]:   SSE3: present
<2022-06-10 09:11:46.042>: [Info]:   Serial number not present or disabled
<2022-06-10 09:11:46.042>: [Info]:  
<2022-06-10 09:11:46.042>: [Info]: Change detected in analytics configuration. Re-instantiating network traffic reporter
<2022-06-10 09:14:05.770>: [Info] (AZCore): [SteamAuth] EndSessionJob: Calling Persona to end session
<2022-06-10 09:14:06.220>: [Info] (AZCore): [SteamAuth] Persona EndSession called successfully
<2022-06-10 09:14:06.220>: [Info] (AZCore): [Game] CGame::ActorContainerDisconnect
<2022-06-10 09:14:06.220>: [Info]: CSystem::Quit invoked from thread 11316 (main is 11316)
<2022-06-10 09:14:06.220>: [Info] (AZCore): [Game] CGame::ActorContainerDisconnect
